[0.008s] Invoking command in '/home/dyj/rm2026/transistor_rm2026_algorithm_visual_ws/build/auto_aim': CMAKE_PREFIX_PATH=${CMAKE_PREFIX_PATH}:/opt/ros/humble /usr/bin/cmake --build /home/dyj/rm2026/transistor_rm2026_algorithm_visual_ws/build/auto_aim -- -j12 -l12
[0.020s] [0mCMake Deprecation Warning at CMakeLists.txt:1 (cmake_minimum_required):
[0.020s]   Compatibility with CMake < 3.10 will be removed from a future version of
[0.020s]   CMake.
[0.020s] 
[0.021s]   Update the VERSION argument <min> value.  Or, use the <min>...<max> syntax
[0.021s]   to tell CMake that the project requires at least <min> but has been updated
[0.021s]   to work with policies introduced by <max> or earlier.
[0.021s] 
[0.021s] [0m
[0.025s] -- Found ament_cmake: 1.3.12 (/opt/ros/humble/share/ament_cmake/cmake)
[0.154s] -- Found rclcpp: 16.0.14 (/opt/ros/humble/share/rclcpp/cmake)
[0.184s] -- Found rosidl_generator_c: 3.1.7 (/opt/ros/humble/share/rosidl_generator_c/cmake)
[0.188s] -- Found rosidl_adapter: 3.1.7 (/opt/ros/humble/share/rosidl_adapter/cmake)
[0.194s] -- Found rosidl_generator_cpp: 3.1.7 (/opt/ros/humble/share/rosidl_generator_cpp/cmake)
[0.202s] -- Using all available rosidl_typesupport_c: rosidl_typesupport_fastrtps_c;rosidl_typesupport_introspection_c
[0.213s] -- Using all available rosidl_typesupport_cpp: rosidl_typesupport_fastrtps_cpp;rosidl_typesupport_introspection_cpp
[0.241s] -- Found rmw_implementation_cmake: 6.1.2 (/opt/ros/humble/share/rmw_implementation_cmake/cmake)
[0.243s] -- Found rmw_fastrtps_cpp: 6.2.8 (/opt/ros/humble/share/rmw_fastrtps_cpp/cmake)
[0.319s] -- Using RMW implementation 'rmw_fastrtps_cpp' as default
[0.363s] -- Found cv_bridge: 3.2.1 (/opt/ros/humble/share/cv_bridge/cmake)
[0.402s] -- Found rosidl_default_generators: 1.2.0 (/opt/ros/humble/share/rosidl_default_generators/cmake)
[0.477s] -- Configuring done (0.5s)
[0.485s] [31mCMake Error at CMakeLists.txt:46 (add_library):
[0.485s]   Cannot find source file:
[0.485s] 
[0.485s]     src/Tracker.cpp
[0.485s] 
[0.485s]   Tried extensions .c .C .c++ .cc .cpp .cxx .cu .mpp .m .M .mm .ixx .cppm
[0.485s]   .ccm .cxxm .c++m .h .hh .h++ .hm .hpp .hxx .in .txx .f .F .for .f77 .f90
[0.485s]   .f95 .f03 .hip .ispc
[0.485s] 
[0.485s] [0m
[0.498s] [31mCMake Error at CMakeLists.txt:46 (add_library):
[0.498s]   No SOURCES given to target: armor_detector
[0.498s] 
[0.498s] [0m
[0.498s] [0mCMake Generate step failed.  Build files cannot be regenerated correctly.[0m
[0.503s] gmake: *** [Makefile:767：cmake_check_build_system] 错误 1
[0.505s] Invoked command in '/home/dyj/rm2026/transistor_rm2026_algorithm_visual_ws/build/auto_aim' returned '2': CMAKE_PREFIX_PATH=${CMAKE_PREFIX_PATH}:/opt/ros/humble /usr/bin/cmake --build /home/dyj/rm2026/transistor_rm2026_algorithm_visual_ws/build/auto_aim -- -j12 -l12
