[0.016s] Invoking command in '/home/dyj/rm2026/transistor_rm2026_algorithm_visual_ws/build/auto_aim': CMAKE_PREFIX_PATH=${CMAKE_PREFIX_PATH}:/home/dyj/rm2026/transistor_rm2026_algorithm_visual_ws/install/shm_pytorch_processor_pkg:/opt/ros/humble /usr/bin/cmake --build /home/dyj/rm2026/transistor_rm2026_algorithm_visual_ws/build/auto_aim -- -j12 -l12
[0.064s] [ 90%] Built target armor_detector
[0.099s] [ 95%] [32mBuilding CXX object CMakeFiles/armor_detect_node.dir/src/nodes/ArmorDetect_Node.cpp.o[0m
[5.527s] [100%] [32m[1mLinking CXX executable armor_detect_node[0m
[8.273s] [100%] Built target armor_detect_node
[8.279s] Invoked command in '/home/dyj/rm2026/transistor_rm2026_algorithm_visual_ws/build/auto_aim' returned '0': CMAKE_PREFIX_PATH=${CMAKE_PREFIX_PATH}:/home/dyj/rm2026/transistor_rm2026_algorithm_visual_ws/install/shm_pytorch_processor_pkg:/opt/ros/humble /usr/bin/cmake --build /home/dyj/rm2026/transistor_rm2026_algorithm_visual_ws/build/auto_aim -- -j12 -l12
[8.285s] Invoking command in '/home/dyj/rm2026/transistor_rm2026_algorithm_visual_ws/build/auto_aim': CMAKE_PREFIX_PATH=${CMAKE_PREFIX_PATH}:/home/dyj/rm2026/transistor_rm2026_algorithm_visual_ws/install/shm_pytorch_processor_pkg:/opt/ros/humble /usr/bin/cmake --install /home/dyj/rm2026/transistor_rm2026_algorithm_visual_ws/build/auto_aim
[8.288s] -- Install configuration: "Release"
[8.289s] -- Installing: /home/dyj/rm2026/transistor_rm2026_algorithm_visual_ws/install/auto_aim/lib/auto_aim/armor_detect_node
[8.289s] -- Up-to-date: /home/dyj/rm2026/transistor_rm2026_algorithm_visual_ws/install/auto_aim/lib/libarmor_detector.so
[8.289s] -- Up-to-date: /home/dyj/rm2026/transistor_rm2026_algorithm_visual_ws/install/auto_aim/share/auto_aim/launch
[8.289s] -- Up-to-date: /home/dyj/rm2026/transistor_rm2026_algorithm_visual_ws/install/auto_aim/share/auto_aim/launch/auto_aim_launch.py
[8.290s] -- Up-to-date: /home/dyj/rm2026/transistor_rm2026_algorithm_visual_ws/install/auto_aim/share/ament_index/resource_index/package_run_dependencies/auto_aim
[8.290s] -- Up-to-date: /home/dyj/rm2026/transistor_rm2026_algorithm_visual_ws/install/auto_aim/share/ament_index/resource_index/parent_prefix_path/auto_aim
[8.290s] -- Up-to-date: /home/dyj/rm2026/transistor_rm2026_algorithm_visual_ws/install/auto_aim/share/auto_aim/environment/ament_prefix_path.sh
[8.290s] -- Up-to-date: /home/dyj/rm2026/transistor_rm2026_algorithm_visual_ws/install/auto_aim/share/auto_aim/environment/ament_prefix_path.dsv
[8.290s] -- Up-to-date: /home/dyj/rm2026/transistor_rm2026_algorithm_visual_ws/install/auto_aim/share/auto_aim/environment/path.sh
[8.290s] -- Up-to-date: /home/dyj/rm2026/transistor_rm2026_algorithm_visual_ws/install/auto_aim/share/auto_aim/environment/path.dsv
[8.290s] -- Up-to-date: /home/dyj/rm2026/transistor_rm2026_algorithm_visual_ws/install/auto_aim/share/auto_aim/local_setup.bash
[8.290s] -- Up-to-date: /home/dyj/rm2026/transistor_rm2026_algorithm_visual_ws/install/auto_aim/share/auto_aim/local_setup.sh
[8.290s] -- Up-to-date: /home/dyj/rm2026/transistor_rm2026_algorithm_visual_ws/install/auto_aim/share/auto_aim/local_setup.zsh
[8.290s] -- Up-to-date: /home/dyj/rm2026/transistor_rm2026_algorithm_visual_ws/install/auto_aim/share/auto_aim/local_setup.dsv
[8.290s] -- Installing: /home/dyj/rm2026/transistor_rm2026_algorithm_visual_ws/install/auto_aim/share/auto_aim/package.dsv
[8.290s] -- Up-to-date: /home/dyj/rm2026/transistor_rm2026_algorithm_visual_ws/install/auto_aim/share/ament_index/resource_index/packages/auto_aim
[8.290s] -- Up-to-date: /home/dyj/rm2026/transistor_rm2026_algorithm_visual_ws/install/auto_aim/share/auto_aim/cmake/auto_aimConfig.cmake
[8.290s] -- Up-to-date: /home/dyj/rm2026/transistor_rm2026_algorithm_visual_ws/install/auto_aim/share/auto_aim/cmake/auto_aimConfig-version.cmake
[8.290s] -- Up-to-date: /home/dyj/rm2026/transistor_rm2026_algorithm_visual_ws/install/auto_aim/share/auto_aim/package.xml
[8.291s] Invoked command in '/home/dyj/rm2026/transistor_rm2026_algorithm_visual_ws/build/auto_aim' returned '0': CMAKE_PREFIX_PATH=${CMAKE_PREFIX_PATH}:/home/dyj/rm2026/transistor_rm2026_algorithm_visual_ws/install/shm_pytorch_processor_pkg:/opt/ros/humble /usr/bin/cmake --install /home/dyj/rm2026/transistor_rm2026_algorithm_visual_ws/build/auto_aim
