-- The C compiler identification is GNU 11.4.0
-- The CXX compiler identification is GNU 11.4.0
-- Detecting C compiler ABI info
-- Detecting C compiler ABI info - done
-- Check for working C compiler: /usr/bin/cc - skipped
-- Detecting C compile features
-- Detecting C compile features - done
-- Detecting CXX compiler ABI info
-- Detecting CXX compiler ABI info - done
-- Check for working CXX compiler: /usr/bin/c++ - skipped
-- Detecting CXX compile features
-- Detecting CXX compile features - done
-- Found ament_cmake: 1.3.12 (/opt/ros/humble/share/ament_cmake/cmake)
-- Found Python3: /usr/bin/python3 (found version "3.10.12") found components: Interpreter
-- Found rclcpp: 16.0.14 (/opt/ros/humble/share/rclcpp/cmake)
-- Found rosidl_generator_c: 3.1.7 (/opt/ros/humble/share/rosidl_generator_c/cmake)
-- Found rosidl_adapter: 3.1.7 (/opt/ros/humble/share/rosidl_adapter/cmake)
-- Found rosidl_generator_cpp: 3.1.7 (/opt/ros/humble/share/rosidl_generator_cpp/cmake)
-- Using all available rosidl_typesupport_c: rosidl_typesupport_fastrtps_c;rosidl_typesupport_introspection_c
-- Using all available rosidl_typesupport_cpp: rosidl_typesupport_fastrtps_cpp;rosidl_typesupport_introspection_cpp
-- Found rmw_implementation_cmake: 6.1.2 (/opt/ros/humble/share/rmw_implementation_cmake/cmake)
-- Found rmw_fastrtps_cpp: 6.2.8 (/opt/ros/humble/share/rmw_fastrtps_cpp/cmake)
-- Found OpenSSL: /usr/lib/x86_64-linux-gnu/libcrypto.so (found version "3.0.2")
-- Found FastRTPS: /opt/ros/humble/include
-- Using RMW implementation 'rmw_fastrtps_cpp' as default
-- Performing Test CMAKE_HAVE_LIBC_PTHREAD
-- Performing Test CMAKE_HAVE_LIBC_PTHREAD - Success
-- Found Threads: TRUE
-- Found cv_bridge: 3.2.1 (/opt/ros/humble/share/cv_bridge/cmake)
-- Found OpenCV: /usr/local (found version "4.12.0")
-- Found rosidl_default_generators: 1.2.0 (/opt/ros/humble/share/rosidl_default_generators/cmake)
-- Found ament_cmake_ros: 0.10.0 (/opt/ros/humble/share/ament_cmake_ros/cmake)
-- Using all available rosidl_typesupport_c: rosidl_typesupport_fastrtps_c;rosidl_typesupport_introspection_c
-- Using all available rosidl_typesupport_cpp: rosidl_typesupport_fastrtps_cpp;rosidl_typesupport_introspection_cpp
-- Found PythonInterp: /usr/bin/python3 (found suitable version "3.10.12", minimum required is "3.6")
-- Found python_cmake_module: 0.10.0 (/opt/ros/humble/share/python_cmake_module/cmake)
-- Found PythonLibs: /usr/lib/x86_64-linux-gnu/libpython3.10.so (found suitable version "3.10.12", minimum required is "3.5")
-- Using PYTHON_EXECUTABLE: /usr/bin/python3
-- Using PYTHON_INCLUDE_DIRS: /usr/include/python3.10
-- Using PYTHON_LIBRARIES: /usr/lib/x86_64-linux-gnu/libpython3.10.so
-- Found PythonExtra: .so
-- Configuring done (1.9s)
-- Generating done (0.1s)
-- Build files have been written to: /home/dyj/rm2026/transistor_rm2026_algorithm_visual_ws/build/auto_aim
[  1%] [34m[1mGenerating C code for ROS interfaces[0m
[  3%] [32mBuilding CXX object CMakeFiles/crc_lib.dir/src/nodes/CRC.cpp.o[0m
[  5%] [32mBuilding CXX object CMakeFiles/armor_detector.dir/src/armor_detector/LightBarDetector.cpp.o[0m
[  8%] [32mBuilding CXX object CMakeFiles/armor_detector.dir/src/armor_detector/ArmorClassifier.cpp.o[0m
[  8%] [34m[1mGenerating C++ code for ROS interfaces[0m
[ 11%] [32mBuilding CXX object CMakeFiles/armor_detector.dir/src/armor_detector/ArmorSolver.cpp.o[0m
[ 13%] [32mBuilding CXX object CMakeFiles/armor_detector.dir/src/armor_detector/ArmorDetector.cpp.o[0m
[ 13%] [32mBuilding CXX object CMakeFiles/armor_detector.dir/src/armor_detector/ArmorAngleKalman.cpp.o[0m
[ 15%] [32mBuilding CXX object CMakeFiles/armor_detector.dir/src/armor_detector/BallisticSolver.cpp.o[0m
[ 16%] [32mBuilding CXX object CMakeFiles/armor_detector.dir/src/camera/cameraConnect.cpp.o[0m
[ 16%] Built target ament_cmake_python_copy_auto_aim
[ 18%] [32mBuilding CXX object CMakeFiles/armor_detector.dir/src/test_codes/FrameRateCounter.cpp.o[0m
[ 20%] [32m[1mLinking CXX shared library libcrc_lib.so[0m
[ 20%] Built target crc_lib
[ 22%] [32mBuilding CXX object CMakeFiles/armor_detector.dir/src/test_codes/UnwarpUtils.cpp.o[0m
running egg_info
creating auto_aim.egg-info
writing auto_aim.egg-info/PKG-INFO
writing dependency_links to auto_aim.egg-info/dependency_links.txt
writing top-level names to auto_aim.egg-info/top_level.txt
writing manifest file 'auto_aim.egg-info/SOURCES.txt'
reading manifest file 'auto_aim.egg-info/SOURCES.txt'
writing manifest file 'auto_aim.egg-info/SOURCES.txt'
[ 23%] [32mBuilding CXX object CMakeFiles/armor_detector.dir/src/test_codes/PositionPredictor.cpp.o[0m
[ 23%] Built target ament_cmake_python_build_auto_aim_egg
[ 25%] [32mBuilding CXX object CMakeFiles/armor_detector.dir/src/test_codes/VideoInput.cpp.o[0m
[ 25%] Built target auto_aim__cpp
[ 27%] [32mBuilding CXX object CMakeFiles/armor_detector.dir/src/test_codes/ImagesInput.cpp.o[0m
[ 28%] [32mBuilding C object CMakeFiles/auto_aim__rosidl_generator_c.dir/rosidl_generator_c/auto_aim/msg/detail/serial_data__functions.c.o[0m
[ 30%] [32mBuilding C object CMakeFiles/auto_aim__rosidl_generator_c.dir/rosidl_generator_c/auto_aim/msg/detail/gimbal_command__functions.c.o[0m
[ 32%] [34m[1mGenerating C++ type support dispatch for ROS interfaces[0m
[ 33%] [32m[1mLinking C shared library libauto_aim__rosidl_generator_c.so[0m
[ 33%] Built target auto_aim__rosidl_generator_c
[ 35%] [32mBuilding CXX object CMakeFiles/armor_detector.dir/src/test_codes/SharedMemoryTorch.cpp.o[0m
[ 37%] [32mBuilding CXX object CMakeFiles/auto_aim__rosidl_typesupport_cpp.dir/rosidl_typesupport_cpp/auto_aim/msg/serial_data__type_support.cpp.o[0m
[ 38%] [32mBuilding CXX object CMakeFiles/auto_aim__rosidl_typesupport_cpp.dir/rosidl_typesupport_cpp/auto_aim/msg/gimbal_command__type_support.cpp.o[0m
[ 40%] [32m[1mLinking CXX shared library libauto_aim__rosidl_typesupport_cpp.so[0m
[ 40%] Built target auto_aim__rosidl_typesupport_cpp
[ 42%] [34m[1mGenerating C++ type support for eProsima Fast-RTPS[0m
[ 44%] [34m[1mGenerating C introspection for ROS interfaces[0m
[ 45%] [32mBuilding CXX object CMakeFiles/auto_aim__rosidl_typesupport_fastrtps_cpp.dir/rosidl_typesupport_fastrtps_cpp/auto_aim/msg/detail/dds_fastrtps/serial_data__type_support.cpp.o[0m
[ 47%] [32mBuilding C object CMakeFiles/auto_aim__rosidl_typesupport_introspection_c.dir/rosidl_typesupport_introspection_c/auto_aim/msg/detail/serial_data__type_support.c.o[0m
[ 49%] [32mBuilding C object CMakeFiles/auto_aim__rosidl_typesupport_introspection_c.dir/rosidl_typesupport_introspection_c/auto_aim/msg/detail/gimbal_command__type_support.c.o[0m
[ 50%] [32m[1mLinking C shared library libauto_aim__rosidl_typesupport_introspection_c.so[0m
[ 50%] Built target auto_aim__rosidl_typesupport_introspection_c
[ 52%] [34m[1mGenerating C type support dispatch for ROS interfaces[0m
[ 54%] [34m[1mGenerating C++ introspection for ROS interfaces[0m
[ 55%] [32mBuilding CXX object CMakeFiles/auto_aim__rosidl_typesupport_fastrtps_cpp.dir/rosidl_typesupport_fastrtps_cpp/auto_aim/msg/detail/dds_fastrtps/gimbal_command__type_support.cpp.o[0m
[ 57%] [32mBuilding CXX object CMakeFiles/com_node.dir/src/nodes/Com_Node.cpp.o[0m
[ 61%] [32mBuilding CXX object CMakeFiles/auto_aim__rosidl_typesupport_c.dir/rosidl_typesupport_c/auto_aim/msg/gimbal_command__type_support.cpp.o[0m
[ 61%] [32mBuilding CXX object CMakeFiles/auto_aim__rosidl_typesupport_c.dir/rosidl_typesupport_c/auto_aim/msg/serial_data__type_support.cpp.o[0m
[ 62%] [32m[1mLinking CXX shared library libauto_aim__rosidl_typesupport_c.so[0m
[ 66%] [32mBuilding CXX object CMakeFiles/auto_aim__rosidl_typesupport_introspection_cpp.dir/rosidl_typesupport_introspection_cpp/auto_aim/msg/detail/serial_data__type_support.cpp.o[0m
[ 66%] [32mBuilding CXX object CMakeFiles/auto_aim__rosidl_typesupport_introspection_cpp.dir/rosidl_typesupport_introspection_cpp/auto_aim/msg/detail/gimbal_command__type_support.cpp.o[0m
[ 66%] Built target auto_aim__rosidl_typesupport_c
[ 67%] [34m[1mGenerating C type support for eProsima Fast-RTPS[0m
[ 69%] [32m[1mLinking CXX shared library libauto_aim__rosidl_typesupport_fastrtps_cpp.so[0m
[ 69%] Built target auto_aim__rosidl_typesupport_fastrtps_cpp
[ 72%] [32mBuilding CXX object CMakeFiles/auto_aim__rosidl_typesupport_fastrtps_c.dir/rosidl_typesupport_fastrtps_c/auto_aim/msg/detail/serial_data__type_support_c.cpp.o[0m
[ 72%] [32mBuilding CXX object CMakeFiles/auto_aim__rosidl_typesupport_fastrtps_c.dir/rosidl_typesupport_fastrtps_c/auto_aim/msg/detail/gimbal_command__type_support_c.cpp.o[0m
[ 74%] [32m[1mLinking CXX shared library libauto_aim__rosidl_typesupport_introspection_cpp.so[0m
[ 74%] Built target auto_aim__rosidl_typesupport_introspection_cpp
[ 76%] [32m[1mLinking CXX shared library libauto_aim__rosidl_typesupport_fastrtps_c.so[0m
[ 76%] Built target auto_aim__rosidl_typesupport_fastrtps_c
[ 76%] Built target auto_aim
[ 77%] [34m[1mGenerating Python code for ROS interfaces[0m
[ 77%] Built target auto_aim__py
[ 79%] [32mBuilding C object CMakeFiles/auto_aim__rosidl_generator_py.dir/rosidl_generator_py/auto_aim/msg/_gimbal_command_s.c.o[0m
[ 81%] [32mBuilding C object CMakeFiles/auto_aim__rosidl_generator_py.dir/rosidl_generator_py/auto_aim/msg/_serial_data_s.c.o[0m
[ 83%] [32m[1mLinking C shared library rosidl_generator_py/auto_aim/libauto_aim__rosidl_generator_py.so[0m
[ 83%] Built target auto_aim__rosidl_generator_py
[ 88%] [32mBuilding C object CMakeFiles/auto_aim__rosidl_typesupport_c__pyext.dir/rosidl_generator_py/auto_aim/_auto_aim_s.ep.rosidl_typesupport_c.c.o[0m
[ 88%] [32mBuilding C object CMakeFiles/auto_aim__rosidl_typesupport_fastrtps_c__pyext.dir/rosidl_generator_py/auto_aim/_auto_aim_s.ep.rosidl_typesupport_fastrtps_c.c.o[0m
[ 88%] [32mBuilding C object CMakeFiles/auto_aim__rosidl_typesupport_introspection_c__pyext.dir/rosidl_generator_py/auto_aim/_auto_aim_s.ep.rosidl_typesupport_introspection_c.c.o[0m
[ 91%] [32m[1mLinking C shared library rosidl_generator_py/auto_aim/auto_aim_s__rosidl_typesupport_introspection_c.cpython-310-x86_64-linux-gnu.so[0m
[ 91%] [32m[1mLinking C shared library rosidl_generator_py/auto_aim/auto_aim_s__rosidl_typesupport_c.cpython-310-x86_64-linux-gnu.so[0m
[ 91%] Built target auto_aim__rosidl_typesupport_introspection_c__pyext
[ 91%] Built target auto_aim__rosidl_typesupport_c__pyext
[ 93%] [32m[1mLinking C shared library rosidl_generator_py/auto_aim/auto_aim_s__rosidl_typesupport_fastrtps_c.cpython-310-x86_64-linux-gnu.so[0m
[ 93%] Built target auto_aim__rosidl_typesupport_fastrtps_c__pyext
[ 94%] [32m[1mLinking CXX shared library libarmor_detector.so[0m
[ 96%] [32m[1mLinking CXX executable com_node[0m
[ 96%] Built target armor_detector
[ 98%] [32mBuilding CXX object CMakeFiles/armor_detect_node.dir/src/nodes/ArmorDetect_Node.cpp.o[0m
[ 98%] Built target com_node
[100%] [32m[1mLinking CXX executable armor_detect_node[0m
[100%] Built target armor_detect_node
-- Install configuration: "Release"
-- Installing: /home/dyj/rm2026/transistor_rm2026_algorithm_visual_ws/install/auto_aim/share/ament_index/resource_index/rosidl_interfaces/auto_aim
-- Installing: /home/dyj/rm2026/transistor_rm2026_algorithm_visual_ws/install/auto_aim/include/auto_aim/auto_aim
-- Installing: /home/dyj/rm2026/transistor_rm2026_algorithm_visual_ws/install/auto_aim/include/auto_aim/auto_aim/msg
-- Installing: /home/dyj/rm2026/transistor_rm2026_algorithm_visual_ws/install/auto_aim/include/auto_aim/auto_aim/msg/gimbal_command.h
-- Installing: /home/dyj/rm2026/transistor_rm2026_algorithm_visual_ws/install/auto_aim/include/auto_aim/auto_aim/msg/serial_data.h
-- Installing: /home/dyj/rm2026/transistor_rm2026_algorithm_visual_ws/install/auto_aim/include/auto_aim/auto_aim/msg/rosidl_generator_c__visibility_control.h
-- Installing: /home/dyj/rm2026/transistor_rm2026_algorithm_visual_ws/install/auto_aim/include/auto_aim/auto_aim/msg/detail
-- Installing: /home/dyj/rm2026/transistor_rm2026_algorithm_visual_ws/install/auto_aim/include/auto_aim/auto_aim/msg/detail/serial_data__struct.h
-- Installing: /home/dyj/rm2026/transistor_rm2026_algorithm_visual_ws/install/auto_aim/include/auto_aim/auto_aim/msg/detail/serial_data__functions.h
-- Installing: /home/dyj/rm2026/transistor_rm2026_algorithm_visual_ws/install/auto_aim/include/auto_aim/auto_aim/msg/detail/serial_data__functions.c
-- Installing: /home/dyj/rm2026/transistor_rm2026_algorithm_visual_ws/install/auto_aim/include/auto_aim/auto_aim/msg/detail/gimbal_command__struct.h
-- Installing: /home/dyj/rm2026/transistor_rm2026_algorithm_visual_ws/install/auto_aim/include/auto_aim/auto_aim/msg/detail/gimbal_command__functions.h
-- Installing: /home/dyj/rm2026/transistor_rm2026_algorithm_visual_ws/install/auto_aim/include/auto_aim/auto_aim/msg/detail/serial_data__type_support.h
-- Installing: /home/dyj/rm2026/transistor_rm2026_algorithm_visual_ws/install/auto_aim/include/auto_aim/auto_aim/msg/detail/gimbal_command__functions.c
-- Installing: /home/dyj/rm2026/transistor_rm2026_algorithm_visual_ws/install/auto_aim/include/auto_aim/auto_aim/msg/detail/gimbal_command__type_support.h
-- Installing: /home/dyj/rm2026/transistor_rm2026_algorithm_visual_ws/install/auto_aim/share/auto_aim/environment/library_path.sh
-- Installing: /home/dyj/rm2026/transistor_rm2026_algorithm_visual_ws/install/auto_aim/share/auto_aim/environment/library_path.dsv
-- Installing: /home/dyj/rm2026/transistor_rm2026_algorithm_visual_ws/install/auto_aim/lib/libauto_aim__rosidl_generator_c.so
-- Set non-toolchain portion of runtime path of "/home/dyj/rm2026/transistor_rm2026_algorithm_visual_ws/install/auto_aim/lib/libauto_aim__rosidl_generator_c.so" to ""
-- Up-to-date: /home/dyj/rm2026/transistor_rm2026_algorithm_visual_ws/install/auto_aim/include/auto_aim/auto_aim
-- Up-to-date: /home/dyj/rm2026/transistor_rm2026_algorithm_visual_ws/install/auto_aim/include/auto_aim/auto_aim/msg
-- Installing: /home/dyj/rm2026/transistor_rm2026_algorithm_visual_ws/install/auto_aim/include/auto_aim/auto_aim/msg/rosidl_typesupport_fastrtps_c__visibility_control.h
-- Up-to-date: /home/dyj/rm2026/transistor_rm2026_algorithm_visual_ws/install/auto_aim/include/auto_aim/auto_aim/msg/detail
-- Installing: /home/dyj/rm2026/transistor_rm2026_algorithm_visual_ws/install/auto_aim/include/auto_aim/auto_aim/msg/detail/serial_data__rosidl_typesupport_fastrtps_c.h
-- Installing: /home/dyj/rm2026/transistor_rm2026_algorithm_visual_ws/install/auto_aim/include/auto_aim/auto_aim/msg/detail/gimbal_command__rosidl_typesupport_fastrtps_c.h
-- Installing: /home/dyj/rm2026/transistor_rm2026_algorithm_visual_ws/install/auto_aim/lib/libauto_aim__rosidl_typesupport_fastrtps_c.so
-- Set non-toolchain portion of runtime path of "/home/dyj/rm2026/transistor_rm2026_algorithm_visual_ws/install/auto_aim/lib/libauto_aim__rosidl_typesupport_fastrtps_c.so" to ""
-- Up-to-date: /home/dyj/rm2026/transistor_rm2026_algorithm_visual_ws/install/auto_aim/include/auto_aim/auto_aim
-- Up-to-date: /home/dyj/rm2026/transistor_rm2026_algorithm_visual_ws/install/auto_aim/include/auto_aim/auto_aim/msg
-- Up-to-date: /home/dyj/rm2026/transistor_rm2026_algorithm_visual_ws/install/auto_aim/include/auto_aim/auto_aim/msg/detail
-- Installing: /home/dyj/rm2026/transistor_rm2026_algorithm_visual_ws/install/auto_aim/include/auto_aim/auto_aim/msg/detail/serial_data__traits.hpp
-- Installing: /home/dyj/rm2026/transistor_rm2026_algorithm_visual_ws/install/auto_aim/include/auto_aim/auto_aim/msg/detail/serial_data__builder.hpp
-- Installing: /home/dyj/rm2026/transistor_rm2026_algorithm_visual_ws/install/auto_aim/include/auto_aim/auto_aim/msg/detail/serial_data__struct.hpp
-- Installing: /home/dyj/rm2026/transistor_rm2026_algorithm_visual_ws/install/auto_aim/include/auto_aim/auto_aim/msg/detail/gimbal_command__struct.hpp
-- Installing: /home/dyj/rm2026/transistor_rm2026_algorithm_visual_ws/install/auto_aim/include/auto_aim/auto_aim/msg/detail/gimbal_command__builder.hpp
-- Installing: /home/dyj/rm2026/transistor_rm2026_algorithm_visual_ws/install/auto_aim/include/auto_aim/auto_aim/msg/detail/serial_data__type_support.hpp
-- Installing: /home/dyj/rm2026/transistor_rm2026_algorithm_visual_ws/install/auto_aim/include/auto_aim/auto_aim/msg/detail/gimbal_command__traits.hpp
-- Installing: /home/dyj/rm2026/transistor_rm2026_algorithm_visual_ws/install/auto_aim/include/auto_aim/auto_aim/msg/detail/gimbal_command__type_support.hpp
-- Installing: /home/dyj/rm2026/transistor_rm2026_algorithm_visual_ws/install/auto_aim/include/auto_aim/auto_aim/msg/rosidl_generator_cpp__visibility_control.hpp
-- Installing: /home/dyj/rm2026/transistor_rm2026_algorithm_visual_ws/install/auto_aim/include/auto_aim/auto_aim/msg/serial_data.hpp
-- Installing: /home/dyj/rm2026/transistor_rm2026_algorithm_visual_ws/install/auto_aim/include/auto_aim/auto_aim/msg/gimbal_command.hpp
-- Up-to-date: /home/dyj/rm2026/transistor_rm2026_algorithm_visual_ws/install/auto_aim/include/auto_aim/auto_aim
-- Up-to-date: /home/dyj/rm2026/transistor_rm2026_algorithm_visual_ws/install/auto_aim/include/auto_aim/auto_aim/msg
-- Installing: /home/dyj/rm2026/transistor_rm2026_algorithm_visual_ws/install/auto_aim/include/auto_aim/auto_aim/msg/rosidl_typesupport_fastrtps_cpp__visibility_control.h
-- Up-to-date: /home/dyj/rm2026/transistor_rm2026_algorithm_visual_ws/install/auto_aim/include/auto_aim/auto_aim/msg/detail
-- Installing: /home/dyj/rm2026/transistor_rm2026_algorithm_visual_ws/install/auto_aim/include/auto_aim/auto_aim/msg/detail/dds_fastrtps
-- Installing: /home/dyj/rm2026/transistor_rm2026_algorithm_visual_ws/install/auto_aim/include/auto_aim/auto_aim/msg/detail/serial_data__rosidl_typesupport_fastrtps_cpp.hpp
-- Installing: /home/dyj/rm2026/transistor_rm2026_algorithm_visual_ws/install/auto_aim/include/auto_aim/auto_aim/msg/detail/gimbal_command__rosidl_typesupport_fastrtps_cpp.hpp
-- Installing: /home/dyj/rm2026/transistor_rm2026_algorithm_visual_ws/install/auto_aim/lib/libauto_aim__rosidl_typesupport_fastrtps_cpp.so
-- Set non-toolchain portion of runtime path of "/home/dyj/rm2026/transistor_rm2026_algorithm_visual_ws/install/auto_aim/lib/libauto_aim__rosidl_typesupport_fastrtps_cpp.so" to ""
-- Up-to-date: /home/dyj/rm2026/transistor_rm2026_algorithm_visual_ws/install/auto_aim/include/auto_aim/auto_aim
-- Up-to-date: /home/dyj/rm2026/transistor_rm2026_algorithm_visual_ws/install/auto_aim/include/auto_aim/auto_aim/msg
-- Up-to-date: /home/dyj/rm2026/transistor_rm2026_algorithm_visual_ws/install/auto_aim/include/auto_aim/auto_aim/msg/detail
-- Installing: /home/dyj/rm2026/transistor_rm2026_algorithm_visual_ws/install/auto_aim/include/auto_aim/auto_aim/msg/detail/gimbal_command__rosidl_typesupport_introspection_c.h
-- Installing: /home/dyj/rm2026/transistor_rm2026_algorithm_visual_ws/install/auto_aim/include/auto_aim/auto_aim/msg/detail/gimbal_command__type_support.c
-- Installing: /home/dyj/rm2026/transistor_rm2026_algorithm_visual_ws/install/auto_aim/include/auto_aim/auto_aim/msg/detail/serial_data__type_support.c
-- Installing: /home/dyj/rm2026/transistor_rm2026_algorithm_visual_ws/install/auto_aim/include/auto_aim/auto_aim/msg/detail/serial_data__rosidl_typesupport_introspection_c.h
-- Installing: /home/dyj/rm2026/transistor_rm2026_algorithm_visual_ws/install/auto_aim/include/auto_aim/auto_aim/msg/rosidl_typesupport_introspection_c__visibility_control.h
-- Installing: /home/dyj/rm2026/transistor_rm2026_algorithm_visual_ws/install/auto_aim/lib/libauto_aim__rosidl_typesupport_introspection_c.so
-- Set non-toolchain portion of runtime path of "/home/dyj/rm2026/transistor_rm2026_algorithm_visual_ws/install/auto_aim/lib/libauto_aim__rosidl_typesupport_introspection_c.so" to ""
-- Installing: /home/dyj/rm2026/transistor_rm2026_algorithm_visual_ws/install/auto_aim/lib/libauto_aim__rosidl_typesupport_c.so
-- Set non-toolchain portion of runtime path of "/home/dyj/rm2026/transistor_rm2026_algorithm_visual_ws/install/auto_aim/lib/libauto_aim__rosidl_typesupport_c.so" to ""
-- Up-to-date: /home/dyj/rm2026/transistor_rm2026_algorithm_visual_ws/install/auto_aim/include/auto_aim/auto_aim
-- Up-to-date: /home/dyj/rm2026/transistor_rm2026_algorithm_visual_ws/install/auto_aim/include/auto_aim/auto_aim/msg
-- Up-to-date: /home/dyj/rm2026/transistor_rm2026_algorithm_visual_ws/install/auto_aim/include/auto_aim/auto_aim/msg/detail
-- Installing: /home/dyj/rm2026/transistor_rm2026_algorithm_visual_ws/install/auto_aim/include/auto_aim/auto_aim/msg/detail/gimbal_command__type_support.cpp
-- Installing: /home/dyj/rm2026/transistor_rm2026_algorithm_visual_ws/install/auto_aim/include/auto_aim/auto_aim/msg/detail/serial_data__rosidl_typesupport_introspection_cpp.hpp
-- Installing: /home/dyj/rm2026/transistor_rm2026_algorithm_visual_ws/install/auto_aim/include/auto_aim/auto_aim/msg/detail/gimbal_command__rosidl_typesupport_introspection_cpp.hpp
-- Installing: /home/dyj/rm2026/transistor_rm2026_algorithm_visual_ws/install/auto_aim/include/auto_aim/auto_aim/msg/detail/serial_data__type_support.cpp
-- Installing: /home/dyj/rm2026/transistor_rm2026_algorithm_visual_ws/install/auto_aim/lib/libauto_aim__rosidl_typesupport_introspection_cpp.so
-- Set non-toolchain portion of runtime path of "/home/dyj/rm2026/transistor_rm2026_algorithm_visual_ws/install/auto_aim/lib/libauto_aim__rosidl_typesupport_introspection_cpp.so" to ""
-- Installing: /home/dyj/rm2026/transistor_rm2026_algorithm_visual_ws/install/auto_aim/lib/libauto_aim__rosidl_typesupport_cpp.so
-- Set non-toolchain portion of runtime path of "/home/dyj/rm2026/transistor_rm2026_algorithm_visual_ws/install/auto_aim/lib/libauto_aim__rosidl_typesupport_cpp.so" to ""
-- Installing: /home/dyj/rm2026/transistor_rm2026_algorithm_visual_ws/install/auto_aim/share/auto_aim/environment/pythonpath.sh
-- Installing: /home/dyj/rm2026/transistor_rm2026_algorithm_visual_ws/install/auto_aim/share/auto_aim/environment/pythonpath.dsv
-- Installing: /home/dyj/rm2026/transistor_rm2026_algorithm_visual_ws/install/auto_aim/local/lib/python3.10/dist-packages/auto_aim-0.0.1-py3.10.egg-info
-- Installing: /home/dyj/rm2026/transistor_rm2026_algorithm_visual_ws/install/auto_aim/local/lib/python3.10/dist-packages/auto_aim-0.0.1-py3.10.egg-info/SOURCES.txt
-- Installing: /home/dyj/rm2026/transistor_rm2026_algorithm_visual_ws/install/auto_aim/local/lib/python3.10/dist-packages/auto_aim-0.0.1-py3.10.egg-info/dependency_links.txt
-- Installing: /home/dyj/rm2026/transistor_rm2026_algorithm_visual_ws/install/auto_aim/local/lib/python3.10/dist-packages/auto_aim-0.0.1-py3.10.egg-info/PKG-INFO
-- Installing: /home/dyj/rm2026/transistor_rm2026_algorithm_visual_ws/install/auto_aim/local/lib/python3.10/dist-packages/auto_aim-0.0.1-py3.10.egg-info/top_level.txt
-- Installing: /home/dyj/rm2026/transistor_rm2026_algorithm_visual_ws/install/auto_aim/local/lib/python3.10/dist-packages/auto_aim
-- Installing: /home/dyj/rm2026/transistor_rm2026_algorithm_visual_ws/install/auto_aim/local/lib/python3.10/dist-packages/auto_aim/_auto_aim_s.ep.rosidl_typesupport_c.c
-- Installing: /home/dyj/rm2026/transistor_rm2026_algorithm_visual_ws/install/auto_aim/local/lib/python3.10/dist-packages/auto_aim/auto_aim_s__rosidl_typesupport_c.cpython-310-x86_64-linux-gnu.so
-- Installing: /home/dyj/rm2026/transistor_rm2026_algorithm_visual_ws/install/auto_aim/local/lib/python3.10/dist-packages/auto_aim/__init__.py
-- Installing: /home/dyj/rm2026/transistor_rm2026_algorithm_visual_ws/install/auto_aim/local/lib/python3.10/dist-packages/auto_aim/msg
-- Installing: /home/dyj/rm2026/transistor_rm2026_algorithm_visual_ws/install/auto_aim/local/lib/python3.10/dist-packages/auto_aim/msg/__init__.py
-- Installing: /home/dyj/rm2026/transistor_rm2026_algorithm_visual_ws/install/auto_aim/local/lib/python3.10/dist-packages/auto_aim/msg/_gimbal_command_s.c
-- Installing: /home/dyj/rm2026/transistor_rm2026_algorithm_visual_ws/install/auto_aim/local/lib/python3.10/dist-packages/auto_aim/msg/_gimbal_command.py
-- Installing: /home/dyj/rm2026/transistor_rm2026_algorithm_visual_ws/install/auto_aim/local/lib/python3.10/dist-packages/auto_aim/msg/_serial_data.py
-- Installing: /home/dyj/rm2026/transistor_rm2026_algorithm_visual_ws/install/auto_aim/local/lib/python3.10/dist-packages/auto_aim/msg/_serial_data_s.c
-- Installing: /home/dyj/rm2026/transistor_rm2026_algorithm_visual_ws/install/auto_aim/local/lib/python3.10/dist-packages/auto_aim/_auto_aim_s.ep.rosidl_typesupport_fastrtps_c.c
-- Installing: /home/dyj/rm2026/transistor_rm2026_algorithm_visual_ws/install/auto_aim/local/lib/python3.10/dist-packages/auto_aim/auto_aim_s__rosidl_typesupport_fastrtps_c.cpython-310-x86_64-linux-gnu.so
-- Installing: /home/dyj/rm2026/transistor_rm2026_algorithm_visual_ws/install/auto_aim/local/lib/python3.10/dist-packages/auto_aim/auto_aim_s__rosidl_typesupport_introspection_c.cpython-310-x86_64-linux-gnu.so
-- Installing: /home/dyj/rm2026/transistor_rm2026_algorithm_visual_ws/install/auto_aim/local/lib/python3.10/dist-packages/auto_aim/libauto_aim__rosidl_generator_py.so
-- Installing: /home/dyj/rm2026/transistor_rm2026_algorithm_visual_ws/install/auto_aim/local/lib/python3.10/dist-packages/auto_aim/_auto_aim_s.ep.rosidl_typesupport_introspection_c.c
Listing '/home/dyj/rm2026/transistor_rm2026_algorithm_visual_ws/install/auto_aim/local/lib/python3.10/dist-packages/auto_aim'...
Compiling '/home/dyj/rm2026/transistor_rm2026_algorithm_visual_ws/install/auto_aim/local/lib/python3.10/dist-packages/auto_aim/__init__.py'...
Listing '/home/dyj/rm2026/transistor_rm2026_algorithm_visual_ws/install/auto_aim/local/lib/python3.10/dist-packages/auto_aim/msg'...
Compiling '/home/dyj/rm2026/transistor_rm2026_algorithm_visual_ws/install/auto_aim/local/lib/python3.10/dist-packages/auto_aim/msg/__init__.py'...
Compiling '/home/dyj/rm2026/transistor_rm2026_algorithm_visual_ws/install/auto_aim/local/lib/python3.10/dist-packages/auto_aim/msg/_gimbal_command.py'...
Compiling '/home/dyj/rm2026/transistor_rm2026_algorithm_visual_ws/install/auto_aim/local/lib/python3.10/dist-packages/auto_aim/msg/_serial_data.py'...
-- Installing: /home/dyj/rm2026/transistor_rm2026_algorithm_visual_ws/install/auto_aim/local/lib/python3.10/dist-packages/auto_aim/auto_aim_s__rosidl_typesupport_fastrtps_c.cpython-310-x86_64-linux-gnu.so
-- Set non-toolchain portion of runtime path of "/home/dyj/rm2026/transistor_rm2026_algorithm_visual_ws/install/auto_aim/local/lib/python3.10/dist-packages/auto_aim/auto_aim_s__rosidl_typesupport_fastrtps_c.cpython-310-x86_64-linux-gnu.so" to ""
-- Installing: /home/dyj/rm2026/transistor_rm2026_algorithm_visual_ws/install/auto_aim/local/lib/python3.10/dist-packages/auto_aim/auto_aim_s__rosidl_typesupport_introspection_c.cpython-310-x86_64-linux-gnu.so
-- Set non-toolchain portion of runtime path of "/home/dyj/rm2026/transistor_rm2026_algorithm_visual_ws/install/auto_aim/local/lib/python3.10/dist-packages/auto_aim/auto_aim_s__rosidl_typesupport_introspection_c.cpython-310-x86_64-linux-gnu.so" to ""
-- Installing: /home/dyj/rm2026/transistor_rm2026_algorithm_visual_ws/install/auto_aim/local/lib/python3.10/dist-packages/auto_aim/auto_aim_s__rosidl_typesupport_c.cpython-310-x86_64-linux-gnu.so
-- Set non-toolchain portion of runtime path of "/home/dyj/rm2026/transistor_rm2026_algorithm_visual_ws/install/auto_aim/local/lib/python3.10/dist-packages/auto_aim/auto_aim_s__rosidl_typesupport_c.cpython-310-x86_64-linux-gnu.so" to ""
-- Installing: /home/dyj/rm2026/transistor_rm2026_algorithm_visual_ws/install/auto_aim/lib/libauto_aim__rosidl_generator_py.so
-- Set non-toolchain portion of runtime path of "/home/dyj/rm2026/transistor_rm2026_algorithm_visual_ws/install/auto_aim/lib/libauto_aim__rosidl_generator_py.so" to ""
-- Installing: /home/dyj/rm2026/transistor_rm2026_algorithm_visual_ws/install/auto_aim/share/auto_aim/msg/SerialData.idl
-- Installing: /home/dyj/rm2026/transistor_rm2026_algorithm_visual_ws/install/auto_aim/share/auto_aim/msg/GimbalCommand.idl
-- Installing: /home/dyj/rm2026/transistor_rm2026_algorithm_visual_ws/install/auto_aim/share/auto_aim/msg/SerialData.msg
-- Installing: /home/dyj/rm2026/transistor_rm2026_algorithm_visual_ws/install/auto_aim/share/auto_aim/msg/GimbalCommand.msg
-- Installing: /home/dyj/rm2026/transistor_rm2026_algorithm_visual_ws/install/auto_aim/lib/auto_aim/armor_detect_node
-- Installing: /home/dyj/rm2026/transistor_rm2026_algorithm_visual_ws/install/auto_aim/lib/auto_aim/com_node
-- Installing: /home/dyj/rm2026/transistor_rm2026_algorithm_visual_ws/install/auto_aim/lib/libarmor_detector.so
-- Installing: /home/dyj/rm2026/transistor_rm2026_algorithm_visual_ws/install/auto_aim/lib/libcrc_lib.so
-- Installing: /home/dyj/rm2026/transistor_rm2026_algorithm_visual_ws/install/auto_aim/share/auto_aim/launch
-- Installing: /home/dyj/rm2026/transistor_rm2026_algorithm_visual_ws/install/auto_aim/share/auto_aim/launch/auto_aim_launch.py
-- Installing: /home/dyj/rm2026/transistor_rm2026_algorithm_visual_ws/install/auto_aim/share/ament_index/resource_index/package_run_dependencies/auto_aim
-- Installing: /home/dyj/rm2026/transistor_rm2026_algorithm_visual_ws/install/auto_aim/share/ament_index/resource_index/parent_prefix_path/auto_aim
-- Installing: /home/dyj/rm2026/transistor_rm2026_algorithm_visual_ws/install/auto_aim/share/auto_aim/environment/ament_prefix_path.sh
-- Installing: /home/dyj/rm2026/transistor_rm2026_algorithm_visual_ws/install/auto_aim/share/auto_aim/environment/ament_prefix_path.dsv
-- Installing: /home/dyj/rm2026/transistor_rm2026_algorithm_visual_ws/install/auto_aim/share/auto_aim/environment/path.sh
-- Installing: /home/dyj/rm2026/transistor_rm2026_algorithm_visual_ws/install/auto_aim/share/auto_aim/environment/path.dsv
-- Installing: /home/dyj/rm2026/transistor_rm2026_algorithm_visual_ws/install/auto_aim/share/auto_aim/local_setup.bash
-- Installing: /home/dyj/rm2026/transistor_rm2026_algorithm_visual_ws/install/auto_aim/share/auto_aim/local_setup.sh
-- Installing: /home/dyj/rm2026/transistor_rm2026_algorithm_visual_ws/install/auto_aim/share/auto_aim/local_setup.zsh
-- Installing: /home/dyj/rm2026/transistor_rm2026_algorithm_visual_ws/install/auto_aim/share/auto_aim/local_setup.dsv
-- Installing: /home/dyj/rm2026/transistor_rm2026_algorithm_visual_ws/install/auto_aim/share/auto_aim/package.dsv
-- Installing: /home/dyj/rm2026/transistor_rm2026_algorithm_visual_ws/install/auto_aim/share/ament_index/resource_index/packages/auto_aim
-- Installing: /home/dyj/rm2026/transistor_rm2026_algorithm_visual_ws/install/auto_aim/share/auto_aim/cmake/export_auto_aim__rosidl_generator_cExport.cmake
-- Installing: /home/dyj/rm2026/transistor_rm2026_algorithm_visual_ws/install/auto_aim/share/auto_aim/cmake/export_auto_aim__rosidl_generator_cExport-release.cmake
-- Installing: /home/dyj/rm2026/transistor_rm2026_algorithm_visual_ws/install/auto_aim/share/auto_aim/cmake/export_auto_aim__rosidl_typesupport_fastrtps_cExport.cmake
-- Installing: /home/dyj/rm2026/transistor_rm2026_algorithm_visual_ws/install/auto_aim/share/auto_aim/cmake/export_auto_aim__rosidl_typesupport_fastrtps_cExport-release.cmake
-- Installing: /home/dyj/rm2026/transistor_rm2026_algorithm_visual_ws/install/auto_aim/share/auto_aim/cmake/export_auto_aim__rosidl_generator_cppExport.cmake
-- Installing: /home/dyj/rm2026/transistor_rm2026_algorithm_visual_ws/install/auto_aim/share/auto_aim/cmake/export_auto_aim__rosidl_typesupport_fastrtps_cppExport.cmake
-- Installing: /home/dyj/rm2026/transistor_rm2026_algorithm_visual_ws/install/auto_aim/share/auto_aim/cmake/export_auto_aim__rosidl_typesupport_fastrtps_cppExport-release.cmake
-- Installing: /home/dyj/rm2026/transistor_rm2026_algorithm_visual_ws/install/auto_aim/share/auto_aim/cmake/auto_aim__rosidl_typesupport_introspection_cExport.cmake
-- Installing: /home/dyj/rm2026/transistor_rm2026_algorithm_visual_ws/install/auto_aim/share/auto_aim/cmake/auto_aim__rosidl_typesupport_introspection_cExport-release.cmake
-- Installing: /home/dyj/rm2026/transistor_rm2026_algorithm_visual_ws/install/auto_aim/share/auto_aim/cmake/auto_aim__rosidl_typesupport_cExport.cmake
-- Installing: /home/dyj/rm2026/transistor_rm2026_algorithm_visual_ws/install/auto_aim/share/auto_aim/cmake/auto_aim__rosidl_typesupport_cExport-release.cmake
-- Installing: /home/dyj/rm2026/transistor_rm2026_algorithm_visual_ws/install/auto_aim/share/auto_aim/cmake/auto_aim__rosidl_typesupport_introspection_cppExport.cmake
-- Installing: /home/dyj/rm2026/transistor_rm2026_algorithm_visual_ws/install/auto_aim/share/auto_aim/cmake/auto_aim__rosidl_typesupport_introspection_cppExport-release.cmake
-- Installing: /home/dyj/rm2026/transistor_rm2026_algorithm_visual_ws/install/auto_aim/share/auto_aim/cmake/auto_aim__rosidl_typesupport_cppExport.cmake
-- Installing: /home/dyj/rm2026/transistor_rm2026_algorithm_visual_ws/install/auto_aim/share/auto_aim/cmake/auto_aim__rosidl_typesupport_cppExport-release.cmake
-- Installing: /home/dyj/rm2026/transistor_rm2026_algorithm_visual_ws/install/auto_aim/share/auto_aim/cmake/export_auto_aim__rosidl_generator_pyExport.cmake
-- Installing: /home/dyj/rm2026/transistor_rm2026_algorithm_visual_ws/install/auto_aim/share/auto_aim/cmake/export_auto_aim__rosidl_generator_pyExport-release.cmake
-- Installing: /home/dyj/rm2026/transistor_rm2026_algorithm_visual_ws/install/auto_aim/share/auto_aim/cmake/rosidl_cmake-extras.cmake
-- Installing: /home/dyj/rm2026/transistor_rm2026_algorithm_visual_ws/install/auto_aim/share/auto_aim/cmake/ament_cmake_export_include_directories-extras.cmake
-- Installing: /home/dyj/rm2026/transistor_rm2026_algorithm_visual_ws/install/auto_aim/share/auto_aim/cmake/ament_cmake_export_libraries-extras.cmake
-- Installing: /home/dyj/rm2026/transistor_rm2026_algorithm_visual_ws/install/auto_aim/share/auto_aim/cmake/ament_cmake_export_targets-extras.cmake
-- Installing: /home/dyj/rm2026/transistor_rm2026_algorithm_visual_ws/install/auto_aim/share/auto_aim/cmake/rosidl_cmake_export_typesupport_targets-extras.cmake
-- Installing: /home/dyj/rm2026/transistor_rm2026_algorithm_visual_ws/install/auto_aim/share/auto_aim/cmake/ament_cmake_export_dependencies-extras.cmake
-- Installing: /home/dyj/rm2026/transistor_rm2026_algorithm_visual_ws/install/auto_aim/share/auto_aim/cmake/rosidl_cmake_export_typesupport_libraries-extras.cmake
-- Installing: /home/dyj/rm2026/transistor_rm2026_algorithm_visual_ws/install/auto_aim/share/auto_aim/cmake/auto_aimConfig.cmake
-- Installing: /home/dyj/rm2026/transistor_rm2026_algorithm_visual_ws/install/auto_aim/share/auto_aim/cmake/auto_aimConfig-version.cmake
-- Installing: /home/dyj/rm2026/transistor_rm2026_algorithm_visual_ws/install/auto_aim/share/auto_aim/package.xml
