[0.011s] Invoking command in '/home/dyj/rm2026/transistor_rm2026_algorithm_visual_ws/build/auto_aim': CMAKE_PREFIX_PATH=${CMAKE_PREFIX_PATH}:/opt/ros/humble /usr/bin/cmake /home/dyj/rm2026/transistor_rm2026_algorithm_visual_ws/src/auto_aim -DCMAKE_INSTALL_PREFIX=/home/dyj/rm2026/transistor_rm2026_algorithm_visual_ws/install/auto_aim
[0.016s] [0mCMake Deprecation Warning at CMakeLists.txt:1 (cmake_minimum_required):
[0.016s]   Compatibility with CMake < 3.10 will be removed from a future version of
[0.016s]   CMake.
[0.016s] 
[0.016s]   Update the VERSION argument <min> value.  Or, use the <min>...<max> syntax
[0.016s]   to tell CMake that the project requires at least <min> but has been updated
[0.016s]   to work with policies introduced by <max> or earlier.
[0.017s] 
[0.017s] [0m
[0.063s] -- The C compiler identification is GNU 11.4.0
[0.119s] -- The CXX compiler identification is GNU 11.4.0
[0.128s] -- Detecting C compiler ABI info
[0.179s] -- Detecting C compiler ABI info - done
[0.190s] -- Check for working C compiler: /usr/bin/cc - skipped
[0.191s] -- Detecting C compile features
[0.192s] -- Detecting C compile features - done
[0.202s] -- Detecting CXX compiler ABI info
[0.257s] -- Detecting CXX compiler ABI info - done
[0.269s] -- Check for working CXX compiler: /usr/bin/c++ - skipped
[0.269s] -- Detecting CXX compile features
[0.269s] -- Detecting CXX compile features - done
[0.278s] -- Found ament_cmake: 1.3.12 (/opt/ros/humble/share/ament_cmake/cmake)
[0.376s] -- Found Python3: /usr/bin/python3 (found version "3.10.12") found components: Interpreter
[0.450s] -- Found rclcpp: 16.0.14 (/opt/ros/humble/share/rclcpp/cmake)
[0.488s] -- Found rosidl_generator_c: 3.1.7 (/opt/ros/humble/share/rosidl_generator_c/cmake)
[0.492s] -- Found rosidl_adapter: 3.1.7 (/opt/ros/humble/share/rosidl_adapter/cmake)
[0.499s] -- Found rosidl_generator_cpp: 3.1.7 (/opt/ros/humble/share/rosidl_generator_cpp/cmake)
[0.510s] -- Using all available rosidl_typesupport_c: rosidl_typesupport_fastrtps_c;rosidl_typesupport_introspection_c
[0.523s] -- Using all available rosidl_typesupport_cpp: rosidl_typesupport_fastrtps_cpp;rosidl_typesupport_introspection_cpp
[0.560s] -- Found rmw_implementation_cmake: 6.1.2 (/opt/ros/humble/share/rmw_implementation_cmake/cmake)
[0.563s] -- Found rmw_fastrtps_cpp: 6.2.8 (/opt/ros/humble/share/rmw_fastrtps_cpp/cmake)
[0.634s] -- Found OpenSSL: /usr/lib/x86_64-linux-gnu/libcrypto.so (found version "3.0.2")
[0.659s] -- Found FastRTPS: /opt/ros/humble/include
[0.690s] -- Using RMW implementation 'rmw_fastrtps_cpp' as default
[0.696s] -- Performing Test CMAKE_HAVE_LIBC_PTHREAD
[0.747s] -- Performing Test CMAKE_HAVE_LIBC_PTHREAD - Success
[0.748s] -- Found Threads: TRUE
[0.798s] -- Found cv_bridge: 3.2.1 (/opt/ros/humble/share/cv_bridge/cmake)
[0.834s] -- Found OpenCV: /usr/local (found version "4.12.0")
[0.839s] -- Found rosidl_default_generators: 1.2.0 (/opt/ros/humble/share/rosidl_default_generators/cmake)
[1.140s] -- Found ament_cmake_ros: 0.10.0 (/opt/ros/humble/share/ament_cmake_ros/cmake)
[1.646s] -- Using all available rosidl_typesupport_c: rosidl_typesupport_fastrtps_c;rosidl_typesupport_introspection_c
[1.850s] -- Using all available rosidl_typesupport_cpp: rosidl_typesupport_fastrtps_cpp;rosidl_typesupport_introspection_cpp
[1.852s] [33mCMake Warning (dev) at /opt/ros/humble/share/rosidl_generator_py/cmake/rosidl_generator_py_generate_interfaces.cmake:20 (find_package):
[1.852s]   Policy CMP0148 is not set: The FindPythonInterp and FindPythonLibs modules
[1.852s]   are removed.  Run "cmake --help-policy CMP0148" for policy details.  Use
[1.852s]   the cmake_policy command to set the policy and suppress this warning.
[1.853s] 
[1.853s] Call Stack (most recent call first):
[1.853s]   /opt/ros/humble/share/ament_cmake_core/cmake/core/ament_execute_extensions.cmake:48 (include)
[1.853s]   /opt/ros/humble/share/rosidl_cmake/cmake/rosidl_generate_interfaces.cmake:286 (ament_execute_extensions)
[1.853s]   CMakeLists.txt:21 (rosidl_generate_interfaces)
[1.853s] This warning is for project developers.  Use -Wno-dev to suppress it.
[1.853s] [0m
[1.867s] -- Found PythonInterp: /usr/bin/python3 (found suitable version "3.10.12", minimum required is "3.6")
[1.869s] -- Found python_cmake_module: 0.10.0 (/opt/ros/humble/share/python_cmake_module/cmake)
[1.870s] [33mCMake Warning (dev) at /opt/ros/humble/share/python_cmake_module/cmake/Modules/FindPythonExtra.cmake:52 (find_package):
[1.870s]   Policy CMP0148 is not set: The FindPythonInterp and FindPythonLibs modules
[1.870s]   are removed.  Run "cmake --help-policy CMP0148" for policy details.  Use
[1.870s]   the cmake_policy command to set the policy and suppress this warning.
[1.870s] 
[1.870s] Call Stack (most recent call first):
[1.870s]   /opt/ros/humble/share/rosidl_generator_py/cmake/rosidl_generator_py_generate_interfaces.cmake:23 (find_package)
[1.870s]   /opt/ros/humble/share/ament_cmake_core/cmake/core/ament_execute_extensions.cmake:48 (include)
[1.870s]   /opt/ros/humble/share/rosidl_cmake/cmake/rosidl_generate_interfaces.cmake:286 (ament_execute_extensions)
[1.870s]   CMakeLists.txt:21 (rosidl_generate_interfaces)
[1.870s] This warning is for project developers.  Use -Wno-dev to suppress it.
[1.870s] [0m
[1.885s] [33mCMake Warning (dev) at /opt/ros/humble/share/python_cmake_module/cmake/Modules/FindPythonExtra.cmake:140 (find_package):
[1.885s]   Policy CMP0148 is not set: The FindPythonInterp and FindPythonLibs modules
[1.885s]   are removed.  Run "cmake --help-policy CMP0148" for policy details.  Use
[1.885s]   the cmake_policy command to set the policy and suppress this warning.
[1.886s] 
[1.886s] Call Stack (most recent call first):
[1.886s]   /opt/ros/humble/share/rosidl_generator_py/cmake/rosidl_generator_py_generate_interfaces.cmake:23 (find_package)
[1.886s]   /opt/ros/humble/share/ament_cmake_core/cmake/core/ament_execute_extensions.cmake:48 (include)
[1.886s]   /opt/ros/humble/share/rosidl_cmake/cmake/rosidl_generate_interfaces.cmake:286 (ament_execute_extensions)
[1.886s]   CMakeLists.txt:21 (rosidl_generate_interfaces)
[1.886s] This warning is for project developers.  Use -Wno-dev to suppress it.
[1.886s] [0m
[1.891s] -- Found PythonLibs: /usr/lib/x86_64-linux-gnu/libpython3.10.so (found suitable version "3.10.12", minimum required is "3.5")
[1.892s] -- Using PYTHON_EXECUTABLE: /usr/bin/python3
[1.892s] -- Using PYTHON_INCLUDE_DIRS: /usr/include/python3.10
[1.892s] -- Using PYTHON_LIBRARIES: /usr/lib/x86_64-linux-gnu/libpython3.10.so
[1.907s] -- Found PythonExtra: .so
[1.941s] -- Configuring done (1.9s)
[2.018s] -- Generating done (0.1s)
[2.029s] -- Build files have been written to: /home/dyj/rm2026/transistor_rm2026_algorithm_visual_ws/build/auto_aim
[2.039s] Invoked command in '/home/dyj/rm2026/transistor_rm2026_algorithm_visual_ws/build/auto_aim' returned '0': CMAKE_PREFIX_PATH=${CMAKE_PREFIX_PATH}:/opt/ros/humble /usr/bin/cmake /home/dyj/rm2026/transistor_rm2026_algorithm_visual_ws/src/auto_aim -DCMAKE_INSTALL_PREFIX=/home/dyj/rm2026/transistor_rm2026_algorithm_visual_ws/install/auto_aim
[2.040s] Invoking command in '/home/dyj/rm2026/transistor_rm2026_algorithm_visual_ws/build/auto_aim': CMAKE_PREFIX_PATH=${CMAKE_PREFIX_PATH}:/opt/ros/humble /usr/bin/cmake --build /home/dyj/rm2026/transistor_rm2026_algorithm_visual_ws/build/auto_aim -- -j12 -l12
[2.061s] [  1%] [34m[1mGenerating C code for ROS interfaces[0m
[2.066s] [  3%] [32mBuilding CXX object CMakeFiles/crc_lib.dir/src/nodes/CRC.cpp.o[0m
[2.067s] [  5%] [32mBuilding CXX object CMakeFiles/armor_detector.dir/src/armor_detector/LightBarDetector.cpp.o[0m
[2.067s] [  8%] [32mBuilding CXX object CMakeFiles/armor_detector.dir/src/armor_detector/ArmorClassifier.cpp.o[0m
[2.067s] [  8%] [34m[1mGenerating C++ code for ROS interfaces[0m
[2.067s] [ 11%] [32mBuilding CXX object CMakeFiles/armor_detector.dir/src/armor_detector/ArmorSolver.cpp.o[0m
[2.068s] [ 13%] [32mBuilding CXX object CMakeFiles/armor_detector.dir/src/armor_detector/ArmorDetector.cpp.o[0m
[2.068s] [ 13%] [32mBuilding CXX object CMakeFiles/armor_detector.dir/src/armor_detector/ArmorAngleKalman.cpp.o[0m
[2.069s] [ 15%] [32mBuilding CXX object CMakeFiles/armor_detector.dir/src/armor_detector/BallisticSolver.cpp.o[0m
[2.069s] [ 16%] [32mBuilding CXX object CMakeFiles/armor_detector.dir/src/camera/cameraConnect.cpp.o[0m
[2.070s] [ 16%] Built target ament_cmake_python_copy_auto_aim
[2.072s] [ 18%] [32mBuilding CXX object CMakeFiles/armor_detector.dir/src/test_codes/FrameRateCounter.cpp.o[0m
[2.099s] [ 20%] [32m[1mLinking CXX shared library libcrc_lib.so[0m
[2.197s] [ 20%] Built target crc_lib
[2.199s] [ 22%] [32mBuilding CXX object CMakeFiles/armor_detector.dir/src/test_codes/UnwarpUtils.cpp.o[0m
[2.393s] running egg_info
[2.394s] creating auto_aim.egg-info
[2.395s] writing auto_aim.egg-info/PKG-INFO
[2.395s] writing dependency_links to auto_aim.egg-info/dependency_links.txt
[2.396s] writing top-level names to auto_aim.egg-info/top_level.txt
[2.397s] writing manifest file 'auto_aim.egg-info/SOURCES.txt'
[2.400s] reading manifest file 'auto_aim.egg-info/SOURCES.txt'
[2.401s] writing manifest file 'auto_aim.egg-info/SOURCES.txt'
[2.455s] [ 23%] [32mBuilding CXX object CMakeFiles/armor_detector.dir/src/test_codes/PositionPredictor.cpp.o[0m
[2.458s] [ 23%] Built target ament_cmake_python_build_auto_aim_egg
[2.464s] [ 25%] [32mBuilding CXX object CMakeFiles/armor_detector.dir/src/test_codes/VideoInput.cpp.o[0m
[2.539s] [ 25%] Built target auto_aim__cpp
[2.545s] [ 27%] [32mBuilding CXX object CMakeFiles/armor_detector.dir/src/test_codes/ImagesInput.cpp.o[0m
[2.621s] [ 28%] [32mBuilding C object CMakeFiles/auto_aim__rosidl_generator_c.dir/rosidl_generator_c/auto_aim/msg/detail/serial_data__functions.c.o[0m
[2.679s] [ 30%] [32mBuilding C object CMakeFiles/auto_aim__rosidl_generator_c.dir/rosidl_generator_c/auto_aim/msg/detail/gimbal_command__functions.c.o[0m
[2.773s] [ 32%] [34m[1mGenerating C++ type support dispatch for ROS interfaces[0m
[2.797s] [ 33%] [32m[1mLinking C shared library libauto_aim__rosidl_generator_c.so[0m
[2.842s] [ 33%] Built target auto_aim__rosidl_generator_c
[2.850s] [ 35%] [32mBuilding CXX object CMakeFiles/armor_detector.dir/src/test_codes/SharedMemoryTorch.cpp.o[0m
[3.179s] [ 37%] [32mBuilding CXX object CMakeFiles/auto_aim__rosidl_typesupport_cpp.dir/rosidl_typesupport_cpp/auto_aim/msg/serial_data__type_support.cpp.o[0m
[3.566s] [ 38%] [32mBuilding CXX object CMakeFiles/auto_aim__rosidl_typesupport_cpp.dir/rosidl_typesupport_cpp/auto_aim/msg/gimbal_command__type_support.cpp.o[0m
[3.996s] [ 40%] [32m[1mLinking CXX shared library libauto_aim__rosidl_typesupport_cpp.so[0m
[4.124s] [ 40%] Built target auto_aim__rosidl_typesupport_cpp
[4.134s] [ 42%] [34m[1mGenerating C++ type support for eProsima Fast-RTPS[0m
[4.265s] [ 44%] [34m[1mGenerating C introspection for ROS interfaces[0m
[4.745s] [ 45%] [32mBuilding CXX object CMakeFiles/auto_aim__rosidl_typesupport_fastrtps_cpp.dir/rosidl_typesupport_fastrtps_cpp/auto_aim/msg/detail/dds_fastrtps/serial_data__type_support.cpp.o[0m
[4.834s] [ 47%] [32mBuilding C object CMakeFiles/auto_aim__rosidl_typesupport_introspection_c.dir/rosidl_typesupport_introspection_c/auto_aim/msg/detail/serial_data__type_support.c.o[0m
[4.894s] [ 49%] [32mBuilding C object CMakeFiles/auto_aim__rosidl_typesupport_introspection_c.dir/rosidl_typesupport_introspection_c/auto_aim/msg/detail/gimbal_command__type_support.c.o[0m
[4.933s] [ 50%] [32m[1mLinking C shared library libauto_aim__rosidl_typesupport_introspection_c.so[0m
[4.975s] [ 50%] Built target auto_aim__rosidl_typesupport_introspection_c
[4.984s] [ 52%] [34m[1mGenerating C type support dispatch for ROS interfaces[0m
[5.100s] [ 54%] [34m[1mGenerating C++ introspection for ROS interfaces[0m
[5.217s] [ 55%] [32mBuilding CXX object CMakeFiles/auto_aim__rosidl_typesupport_fastrtps_cpp.dir/rosidl_typesupport_fastrtps_cpp/auto_aim/msg/detail/dds_fastrtps/gimbal_command__type_support.cpp.o[0m
[5.317s] [ 57%] [32mBuilding CXX object CMakeFiles/com_node.dir/src/nodes/Com_Node.cpp.o[0m
[5.463s] [ 61%] [32mBuilding CXX object CMakeFiles/auto_aim__rosidl_typesupport_c.dir/rosidl_typesupport_c/auto_aim/msg/gimbal_command__type_support.cpp.o[0m
[5.463s] [ 61%] [32mBuilding CXX object CMakeFiles/auto_aim__rosidl_typesupport_c.dir/rosidl_typesupport_c/auto_aim/msg/serial_data__type_support.cpp.o[0m
[5.494s] [ 62%] [32m[1mLinking CXX shared library libauto_aim__rosidl_typesupport_c.so[0m
[5.549s] [ 66%] [32mBuilding CXX object CMakeFiles/auto_aim__rosidl_typesupport_introspection_cpp.dir/rosidl_typesupport_introspection_cpp/auto_aim/msg/detail/serial_data__type_support.cpp.o[0m
[5.549s] [ 66%] [32mBuilding CXX object CMakeFiles/auto_aim__rosidl_typesupport_introspection_cpp.dir/rosidl_typesupport_introspection_cpp/auto_aim/msg/detail/gimbal_command__type_support.cpp.o[0m
[5.593s] [ 66%] Built target auto_aim__rosidl_typesupport_c
[5.600s] [ 67%] [34m[1mGenerating C type support for eProsima Fast-RTPS[0m
[5.796s] [ 69%] [32m[1mLinking CXX shared library libauto_aim__rosidl_typesupport_fastrtps_cpp.so[0m
[6.032s] [ 69%] Built target auto_aim__rosidl_typesupport_fastrtps_cpp
[6.050s] [ 72%] [32mBuilding CXX object CMakeFiles/auto_aim__rosidl_typesupport_fastrtps_c.dir/rosidl_typesupport_fastrtps_c/auto_aim/msg/detail/serial_data__type_support_c.cpp.o[0m
[6.050s] [ 72%] [32mBuilding CXX object CMakeFiles/auto_aim__rosidl_typesupport_fastrtps_c.dir/rosidl_typesupport_fastrtps_c/auto_aim/msg/detail/gimbal_command__type_support_c.cpp.o[0m
[6.053s] [ 74%] [32m[1mLinking CXX shared library libauto_aim__rosidl_typesupport_introspection_cpp.so[0m
[6.171s] [ 74%] Built target auto_aim__rosidl_typesupport_introspection_cpp
[6.414s] [ 76%] [32m[1mLinking CXX shared library libauto_aim__rosidl_typesupport_fastrtps_c.so[0m
[6.583s] [ 76%] Built target auto_aim__rosidl_typesupport_fastrtps_c
[6.593s] [ 76%] Built target auto_aim
[6.603s] [ 77%] [34m[1mGenerating Python code for ROS interfaces[0m
[6.951s] [ 77%] Built target auto_aim__py
[6.963s] [ 79%] [32mBuilding C object CMakeFiles/auto_aim__rosidl_generator_py.dir/rosidl_generator_py/auto_aim/msg/_gimbal_command_s.c.o[0m
[6.963s] [ 81%] [32mBuilding C object CMakeFiles/auto_aim__rosidl_generator_py.dir/rosidl_generator_py/auto_aim/msg/_serial_data_s.c.o[0m
[7.070s] [ 83%] [32m[1mLinking C shared library rosidl_generator_py/auto_aim/libauto_aim__rosidl_generator_py.so[0m
[7.099s] [ 83%] Built target auto_aim__rosidl_generator_py
[7.110s] [ 88%] [32mBuilding C object CMakeFiles/auto_aim__rosidl_typesupport_c__pyext.dir/rosidl_generator_py/auto_aim/_auto_aim_s.ep.rosidl_typesupport_c.c.o[0m
[7.111s] [ 88%] [32mBuilding C object CMakeFiles/auto_aim__rosidl_typesupport_fastrtps_c__pyext.dir/rosidl_generator_py/auto_aim/_auto_aim_s.ep.rosidl_typesupport_fastrtps_c.c.o[0m
[7.111s] [ 88%] [32mBuilding C object CMakeFiles/auto_aim__rosidl_typesupport_introspection_c__pyext.dir/rosidl_generator_py/auto_aim/_auto_aim_s.ep.rosidl_typesupport_introspection_c.c.o[0m
[7.212s] [ 91%] [32m[1mLinking C shared library rosidl_generator_py/auto_aim/auto_aim_s__rosidl_typesupport_introspection_c.cpython-310-x86_64-linux-gnu.so[0m
[7.212s] [ 91%] [32m[1mLinking C shared library rosidl_generator_py/auto_aim/auto_aim_s__rosidl_typesupport_c.cpython-310-x86_64-linux-gnu.so[0m
[7.234s] [ 91%] Built target auto_aim__rosidl_typesupport_introspection_c__pyext
[7.234s] [ 91%] Built target auto_aim__rosidl_typesupport_c__pyext
[7.260s] [ 93%] [32m[1mLinking C shared library rosidl_generator_py/auto_aim/auto_aim_s__rosidl_typesupport_fastrtps_c.cpython-310-x86_64-linux-gnu.so[0m
[7.282s] [ 93%] Built target auto_aim__rosidl_typesupport_fastrtps_c__pyext
[9.117s] [ 94%] [32m[1mLinking CXX shared library libarmor_detector.so[0m
[9.322s] lto-wrapper: warning: using serial compilation of 3 LTRANS jobs
[11.175s] [ 96%] [32m[1mLinking CXX executable com_node[0m
[11.661s] [ 96%] Built target armor_detector
[11.673s] [ 98%] [32mBuilding CXX object CMakeFiles/armor_detect_node.dir/src/nodes/ArmorDetect_Node.cpp.o[0m
[12.460s] [ 98%] Built target com_node
[17.749s] [100%] [32m[1mLinking CXX executable armor_detect_node[0m
[20.803s] [100%] Built target armor_detect_node
[20.808s] Invoked command in '/home/dyj/rm2026/transistor_rm2026_algorithm_visual_ws/build/auto_aim' returned '0': CMAKE_PREFIX_PATH=${CMAKE_PREFIX_PATH}:/opt/ros/humble /usr/bin/cmake --build /home/dyj/rm2026/transistor_rm2026_algorithm_visual_ws/build/auto_aim -- -j12 -l12
[20.812s] Invoking command in '/home/dyj/rm2026/transistor_rm2026_algorithm_visual_ws/build/auto_aim': CMAKE_PREFIX_PATH=${CMAKE_PREFIX_PATH}:/opt/ros/humble /usr/bin/cmake --install /home/dyj/rm2026/transistor_rm2026_algorithm_visual_ws/build/auto_aim
[20.816s] -- Install configuration: "Release"
[20.816s] -- Installing: /home/dyj/rm2026/transistor_rm2026_algorithm_visual_ws/install/auto_aim/share/ament_index/resource_index/rosidl_interfaces/auto_aim
[20.816s] -- Installing: /home/dyj/rm2026/transistor_rm2026_algorithm_visual_ws/install/auto_aim/include/auto_aim/auto_aim
[20.816s] -- Installing: /home/dyj/rm2026/transistor_rm2026_algorithm_visual_ws/install/auto_aim/include/auto_aim/auto_aim/msg
[20.816s] -- Installing: /home/dyj/rm2026/transistor_rm2026_algorithm_visual_ws/install/auto_aim/include/auto_aim/auto_aim/msg/gimbal_command.h
[20.816s] -- Installing: /home/dyj/rm2026/transistor_rm2026_algorithm_visual_ws/install/auto_aim/include/auto_aim/auto_aim/msg/serial_data.h
[20.816s] -- Installing: /home/dyj/rm2026/transistor_rm2026_algorithm_visual_ws/install/auto_aim/include/auto_aim/auto_aim/msg/rosidl_generator_c__visibility_control.h
[20.816s] -- Installing: /home/dyj/rm2026/transistor_rm2026_algorithm_visual_ws/install/auto_aim/include/auto_aim/auto_aim/msg/detail
[20.816s] -- Installing: /home/dyj/rm2026/transistor_rm2026_algorithm_visual_ws/install/auto_aim/include/auto_aim/auto_aim/msg/detail/serial_data__struct.h
[20.817s] -- Installing: /home/dyj/rm2026/transistor_rm2026_algorithm_visual_ws/install/auto_aim/include/auto_aim/auto_aim/msg/detail/serial_data__functions.h
[20.817s] -- Installing: /home/dyj/rm2026/transistor_rm2026_algorithm_visual_ws/install/auto_aim/include/auto_aim/auto_aim/msg/detail/serial_data__functions.c
[20.817s] -- Installing: /home/dyj/rm2026/transistor_rm2026_algorithm_visual_ws/install/auto_aim/include/auto_aim/auto_aim/msg/detail/gimbal_command__struct.h
[20.817s] -- Installing: /home/dyj/rm2026/transistor_rm2026_algorithm_visual_ws/install/auto_aim/include/auto_aim/auto_aim/msg/detail/gimbal_command__functions.h
[20.817s] -- Installing: /home/dyj/rm2026/transistor_rm2026_algorithm_visual_ws/install/auto_aim/include/auto_aim/auto_aim/msg/detail/serial_data__type_support.h
[20.817s] -- Installing: /home/dyj/rm2026/transistor_rm2026_algorithm_visual_ws/install/auto_aim/include/auto_aim/auto_aim/msg/detail/gimbal_command__functions.c
[20.817s] -- Installing: /home/dyj/rm2026/transistor_rm2026_algorithm_visual_ws/install/auto_aim/include/auto_aim/auto_aim/msg/detail/gimbal_command__type_support.h
[20.817s] -- Installing: /home/dyj/rm2026/transistor_rm2026_algorithm_visual_ws/install/auto_aim/share/auto_aim/environment/library_path.sh
[20.817s] -- Installing: /home/dyj/rm2026/transistor_rm2026_algorithm_visual_ws/install/auto_aim/share/auto_aim/environment/library_path.dsv
[20.817s] -- Installing: /home/dyj/rm2026/transistor_rm2026_algorithm_visual_ws/install/auto_aim/lib/libauto_aim__rosidl_generator_c.so
[20.817s] -- Set non-toolchain portion of runtime path of "/home/dyj/rm2026/transistor_rm2026_algorithm_visual_ws/install/auto_aim/lib/libauto_aim__rosidl_generator_c.so" to ""
[20.817s] -- Up-to-date: /home/dyj/rm2026/transistor_rm2026_algorithm_visual_ws/install/auto_aim/include/auto_aim/auto_aim
[20.817s] -- Up-to-date: /home/dyj/rm2026/transistor_rm2026_algorithm_visual_ws/install/auto_aim/include/auto_aim/auto_aim/msg
[20.817s] -- Installing: /home/dyj/rm2026/transistor_rm2026_algorithm_visual_ws/install/auto_aim/include/auto_aim/auto_aim/msg/rosidl_typesupport_fastrtps_c__visibility_control.h
[20.817s] -- Up-to-date: /home/dyj/rm2026/transistor_rm2026_algorithm_visual_ws/install/auto_aim/include/auto_aim/auto_aim/msg/detail
[20.817s] -- Installing: /home/dyj/rm2026/transistor_rm2026_algorithm_visual_ws/install/auto_aim/include/auto_aim/auto_aim/msg/detail/serial_data__rosidl_typesupport_fastrtps_c.h
[20.817s] -- Installing: /home/dyj/rm2026/transistor_rm2026_algorithm_visual_ws/install/auto_aim/include/auto_aim/auto_aim/msg/detail/gimbal_command__rosidl_typesupport_fastrtps_c.h
[20.817s] -- Installing: /home/dyj/rm2026/transistor_rm2026_algorithm_visual_ws/install/auto_aim/lib/libauto_aim__rosidl_typesupport_fastrtps_c.so
[20.818s] -- Set non-toolchain portion of runtime path of "/home/dyj/rm2026/transistor_rm2026_algorithm_visual_ws/install/auto_aim/lib/libauto_aim__rosidl_typesupport_fastrtps_c.so" to ""
[20.818s] -- Up-to-date: /home/dyj/rm2026/transistor_rm2026_algorithm_visual_ws/install/auto_aim/include/auto_aim/auto_aim
[20.818s] -- Up-to-date: /home/dyj/rm2026/transistor_rm2026_algorithm_visual_ws/install/auto_aim/include/auto_aim/auto_aim/msg
[20.818s] -- Up-to-date: /home/dyj/rm2026/transistor_rm2026_algorithm_visual_ws/install/auto_aim/include/auto_aim/auto_aim/msg/detail
[20.818s] -- Installing: /home/dyj/rm2026/transistor_rm2026_algorithm_visual_ws/install/auto_aim/include/auto_aim/auto_aim/msg/detail/serial_data__traits.hpp
[20.818s] -- Installing: /home/dyj/rm2026/transistor_rm2026_algorithm_visual_ws/install/auto_aim/include/auto_aim/auto_aim/msg/detail/serial_data__builder.hpp
[20.818s] -- Installing: /home/dyj/rm2026/transistor_rm2026_algorithm_visual_ws/install/auto_aim/include/auto_aim/auto_aim/msg/detail/serial_data__struct.hpp
[20.818s] -- Installing: /home/dyj/rm2026/transistor_rm2026_algorithm_visual_ws/install/auto_aim/include/auto_aim/auto_aim/msg/detail/gimbal_command__struct.hpp
[20.818s] -- Installing: /home/dyj/rm2026/transistor_rm2026_algorithm_visual_ws/install/auto_aim/include/auto_aim/auto_aim/msg/detail/gimbal_command__builder.hpp
[20.818s] -- Installing: /home/dyj/rm2026/transistor_rm2026_algorithm_visual_ws/install/auto_aim/include/auto_aim/auto_aim/msg/detail/serial_data__type_support.hpp
[20.818s] -- Installing: /home/dyj/rm2026/transistor_rm2026_algorithm_visual_ws/install/auto_aim/include/auto_aim/auto_aim/msg/detail/gimbal_command__traits.hpp
[20.818s] -- Installing: /home/dyj/rm2026/transistor_rm2026_algorithm_visual_ws/install/auto_aim/include/auto_aim/auto_aim/msg/detail/gimbal_command__type_support.hpp
[20.818s] -- Installing: /home/dyj/rm2026/transistor_rm2026_algorithm_visual_ws/install/auto_aim/include/auto_aim/auto_aim/msg/rosidl_generator_cpp__visibility_control.hpp
[20.818s] -- Installing: /home/dyj/rm2026/transistor_rm2026_algorithm_visual_ws/install/auto_aim/include/auto_aim/auto_aim/msg/serial_data.hpp
[20.818s] -- Installing: /home/dyj/rm2026/transistor_rm2026_algorithm_visual_ws/install/auto_aim/include/auto_aim/auto_aim/msg/gimbal_command.hpp
[20.818s] -- Up-to-date: /home/dyj/rm2026/transistor_rm2026_algorithm_visual_ws/install/auto_aim/include/auto_aim/auto_aim
[20.818s] -- Up-to-date: /home/dyj/rm2026/transistor_rm2026_algorithm_visual_ws/install/auto_aim/include/auto_aim/auto_aim/msg
[20.818s] -- Installing: /home/dyj/rm2026/transistor_rm2026_algorithm_visual_ws/install/auto_aim/include/auto_aim/auto_aim/msg/rosidl_typesupport_fastrtps_cpp__visibility_control.h
[20.818s] -- Up-to-date: /home/dyj/rm2026/transistor_rm2026_algorithm_visual_ws/install/auto_aim/include/auto_aim/auto_aim/msg/detail
[20.818s] -- Installing: /home/dyj/rm2026/transistor_rm2026_algorithm_visual_ws/install/auto_aim/include/auto_aim/auto_aim/msg/detail/dds_fastrtps
[20.818s] -- Installing: /home/dyj/rm2026/transistor_rm2026_algorithm_visual_ws/install/auto_aim/include/auto_aim/auto_aim/msg/detail/serial_data__rosidl_typesupport_fastrtps_cpp.hpp
[20.818s] -- Installing: /home/dyj/rm2026/transistor_rm2026_algorithm_visual_ws/install/auto_aim/include/auto_aim/auto_aim/msg/detail/gimbal_command__rosidl_typesupport_fastrtps_cpp.hpp
[20.818s] -- Installing: /home/dyj/rm2026/transistor_rm2026_algorithm_visual_ws/install/auto_aim/lib/libauto_aim__rosidl_typesupport_fastrtps_cpp.so
[20.819s] -- Set non-toolchain portion of runtime path of "/home/dyj/rm2026/transistor_rm2026_algorithm_visual_ws/install/auto_aim/lib/libauto_aim__rosidl_typesupport_fastrtps_cpp.so" to ""
[20.819s] -- Up-to-date: /home/dyj/rm2026/transistor_rm2026_algorithm_visual_ws/install/auto_aim/include/auto_aim/auto_aim
[20.819s] -- Up-to-date: /home/dyj/rm2026/transistor_rm2026_algorithm_visual_ws/install/auto_aim/include/auto_aim/auto_aim/msg
[20.819s] -- Up-to-date: /home/dyj/rm2026/transistor_rm2026_algorithm_visual_ws/install/auto_aim/include/auto_aim/auto_aim/msg/detail
[20.819s] -- Installing: /home/dyj/rm2026/transistor_rm2026_algorithm_visual_ws/install/auto_aim/include/auto_aim/auto_aim/msg/detail/gimbal_command__rosidl_typesupport_introspection_c.h
[20.819s] -- Installing: /home/dyj/rm2026/transistor_rm2026_algorithm_visual_ws/install/auto_aim/include/auto_aim/auto_aim/msg/detail/gimbal_command__type_support.c
[20.819s] -- Installing: /home/dyj/rm2026/transistor_rm2026_algorithm_visual_ws/install/auto_aim/include/auto_aim/auto_aim/msg/detail/serial_data__type_support.c
[20.819s] -- Installing: /home/dyj/rm2026/transistor_rm2026_algorithm_visual_ws/install/auto_aim/include/auto_aim/auto_aim/msg/detail/serial_data__rosidl_typesupport_introspection_c.h
[20.819s] -- Installing: /home/dyj/rm2026/transistor_rm2026_algorithm_visual_ws/install/auto_aim/include/auto_aim/auto_aim/msg/rosidl_typesupport_introspection_c__visibility_control.h
[20.819s] -- Installing: /home/dyj/rm2026/transistor_rm2026_algorithm_visual_ws/install/auto_aim/lib/libauto_aim__rosidl_typesupport_introspection_c.so
[20.819s] -- Set non-toolchain portion of runtime path of "/home/dyj/rm2026/transistor_rm2026_algorithm_visual_ws/install/auto_aim/lib/libauto_aim__rosidl_typesupport_introspection_c.so" to ""
[20.819s] -- Installing: /home/dyj/rm2026/transistor_rm2026_algorithm_visual_ws/install/auto_aim/lib/libauto_aim__rosidl_typesupport_c.so
[20.819s] -- Set non-toolchain portion of runtime path of "/home/dyj/rm2026/transistor_rm2026_algorithm_visual_ws/install/auto_aim/lib/libauto_aim__rosidl_typesupport_c.so" to ""
[20.819s] -- Up-to-date: /home/dyj/rm2026/transistor_rm2026_algorithm_visual_ws/install/auto_aim/include/auto_aim/auto_aim
[20.820s] -- Up-to-date: /home/dyj/rm2026/transistor_rm2026_algorithm_visual_ws/install/auto_aim/include/auto_aim/auto_aim/msg
[20.820s] -- Up-to-date: /home/dyj/rm2026/transistor_rm2026_algorithm_visual_ws/install/auto_aim/include/auto_aim/auto_aim/msg/detail
[20.820s] -- Installing: /home/dyj/rm2026/transistor_rm2026_algorithm_visual_ws/install/auto_aim/include/auto_aim/auto_aim/msg/detail/gimbal_command__type_support.cpp
[20.820s] -- Installing: /home/dyj/rm2026/transistor_rm2026_algorithm_visual_ws/install/auto_aim/include/auto_aim/auto_aim/msg/detail/serial_data__rosidl_typesupport_introspection_cpp.hpp
[20.820s] -- Installing: /home/dyj/rm2026/transistor_rm2026_algorithm_visual_ws/install/auto_aim/include/auto_aim/auto_aim/msg/detail/gimbal_command__rosidl_typesupport_introspection_cpp.hpp
[20.820s] -- Installing: /home/dyj/rm2026/transistor_rm2026_algorithm_visual_ws/install/auto_aim/include/auto_aim/auto_aim/msg/detail/serial_data__type_support.cpp
[20.820s] -- Installing: /home/dyj/rm2026/transistor_rm2026_algorithm_visual_ws/install/auto_aim/lib/libauto_aim__rosidl_typesupport_introspection_cpp.so
[20.820s] -- Set non-toolchain portion of runtime path of "/home/dyj/rm2026/transistor_rm2026_algorithm_visual_ws/install/auto_aim/lib/libauto_aim__rosidl_typesupport_introspection_cpp.so" to ""
[20.820s] -- Installing: /home/dyj/rm2026/transistor_rm2026_algorithm_visual_ws/install/auto_aim/lib/libauto_aim__rosidl_typesupport_cpp.so
[20.820s] -- Set non-toolchain portion of runtime path of "/home/dyj/rm2026/transistor_rm2026_algorithm_visual_ws/install/auto_aim/lib/libauto_aim__rosidl_typesupport_cpp.so" to ""
[20.820s] -- Installing: /home/dyj/rm2026/transistor_rm2026_algorithm_visual_ws/install/auto_aim/share/auto_aim/environment/pythonpath.sh
[20.820s] -- Installing: /home/dyj/rm2026/transistor_rm2026_algorithm_visual_ws/install/auto_aim/share/auto_aim/environment/pythonpath.dsv
[20.820s] -- Installing: /home/dyj/rm2026/transistor_rm2026_algorithm_visual_ws/install/auto_aim/local/lib/python3.10/dist-packages/auto_aim-0.0.1-py3.10.egg-info
[20.820s] -- Installing: /home/dyj/rm2026/transistor_rm2026_algorithm_visual_ws/install/auto_aim/local/lib/python3.10/dist-packages/auto_aim-0.0.1-py3.10.egg-info/SOURCES.txt
[20.820s] -- Installing: /home/dyj/rm2026/transistor_rm2026_algorithm_visual_ws/install/auto_aim/local/lib/python3.10/dist-packages/auto_aim-0.0.1-py3.10.egg-info/dependency_links.txt
[20.820s] -- Installing: /home/dyj/rm2026/transistor_rm2026_algorithm_visual_ws/install/auto_aim/local/lib/python3.10/dist-packages/auto_aim-0.0.1-py3.10.egg-info/PKG-INFO
[20.821s] -- Installing: /home/dyj/rm2026/transistor_rm2026_algorithm_visual_ws/install/auto_aim/local/lib/python3.10/dist-packages/auto_aim-0.0.1-py3.10.egg-info/top_level.txt
[20.821s] -- Installing: /home/dyj/rm2026/transistor_rm2026_algorithm_visual_ws/install/auto_aim/local/lib/python3.10/dist-packages/auto_aim
[20.821s] -- Installing: /home/dyj/rm2026/transistor_rm2026_algorithm_visual_ws/install/auto_aim/local/lib/python3.10/dist-packages/auto_aim/_auto_aim_s.ep.rosidl_typesupport_c.c
[20.821s] -- Installing: /home/dyj/rm2026/transistor_rm2026_algorithm_visual_ws/install/auto_aim/local/lib/python3.10/dist-packages/auto_aim/auto_aim_s__rosidl_typesupport_c.cpython-310-x86_64-linux-gnu.so
[20.821s] -- Installing: /home/dyj/rm2026/transistor_rm2026_algorithm_visual_ws/install/auto_aim/local/lib/python3.10/dist-packages/auto_aim/__init__.py
[20.821s] -- Installing: /home/dyj/rm2026/transistor_rm2026_algorithm_visual_ws/install/auto_aim/local/lib/python3.10/dist-packages/auto_aim/msg
[20.821s] -- Installing: /home/dyj/rm2026/transistor_rm2026_algorithm_visual_ws/install/auto_aim/local/lib/python3.10/dist-packages/auto_aim/msg/__init__.py
[20.821s] -- Installing: /home/dyj/rm2026/transistor_rm2026_algorithm_visual_ws/install/auto_aim/local/lib/python3.10/dist-packages/auto_aim/msg/_gimbal_command_s.c
[20.821s] -- Installing: /home/dyj/rm2026/transistor_rm2026_algorithm_visual_ws/install/auto_aim/local/lib/python3.10/dist-packages/auto_aim/msg/_gimbal_command.py
[20.821s] -- Installing: /home/dyj/rm2026/transistor_rm2026_algorithm_visual_ws/install/auto_aim/local/lib/python3.10/dist-packages/auto_aim/msg/_serial_data.py
[20.821s] -- Installing: /home/dyj/rm2026/transistor_rm2026_algorithm_visual_ws/install/auto_aim/local/lib/python3.10/dist-packages/auto_aim/msg/_serial_data_s.c
[20.821s] -- Installing: /home/dyj/rm2026/transistor_rm2026_algorithm_visual_ws/install/auto_aim/local/lib/python3.10/dist-packages/auto_aim/_auto_aim_s.ep.rosidl_typesupport_fastrtps_c.c
[20.821s] -- Installing: /home/dyj/rm2026/transistor_rm2026_algorithm_visual_ws/install/auto_aim/local/lib/python3.10/dist-packages/auto_aim/auto_aim_s__rosidl_typesupport_fastrtps_c.cpython-310-x86_64-linux-gnu.so
[20.821s] -- Installing: /home/dyj/rm2026/transistor_rm2026_algorithm_visual_ws/install/auto_aim/local/lib/python3.10/dist-packages/auto_aim/auto_aim_s__rosidl_typesupport_introspection_c.cpython-310-x86_64-linux-gnu.so
[20.821s] -- Installing: /home/dyj/rm2026/transistor_rm2026_algorithm_visual_ws/install/auto_aim/local/lib/python3.10/dist-packages/auto_aim/libauto_aim__rosidl_generator_py.so
[20.821s] -- Installing: /home/dyj/rm2026/transistor_rm2026_algorithm_visual_ws/install/auto_aim/local/lib/python3.10/dist-packages/auto_aim/_auto_aim_s.ep.rosidl_typesupport_introspection_c.c
[20.844s] Listing '/home/dyj/rm2026/transistor_rm2026_algorithm_visual_ws/install/auto_aim/local/lib/python3.10/dist-packages/auto_aim'...
[20.844s] Compiling '/home/dyj/rm2026/transistor_rm2026_algorithm_visual_ws/install/auto_aim/local/lib/python3.10/dist-packages/auto_aim/__init__.py'...
[20.844s] Listing '/home/dyj/rm2026/transistor_rm2026_algorithm_visual_ws/install/auto_aim/local/lib/python3.10/dist-packages/auto_aim/msg'...
[20.844s] Compiling '/home/dyj/rm2026/transistor_rm2026_algorithm_visual_ws/install/auto_aim/local/lib/python3.10/dist-packages/auto_aim/msg/__init__.py'...
[20.844s] Compiling '/home/dyj/rm2026/transistor_rm2026_algorithm_visual_ws/install/auto_aim/local/lib/python3.10/dist-packages/auto_aim/msg/_gimbal_command.py'...
[20.844s] Compiling '/home/dyj/rm2026/transistor_rm2026_algorithm_visual_ws/install/auto_aim/local/lib/python3.10/dist-packages/auto_aim/msg/_serial_data.py'...
[20.847s] -- Installing: /home/dyj/rm2026/transistor_rm2026_algorithm_visual_ws/install/auto_aim/local/lib/python3.10/dist-packages/auto_aim/auto_aim_s__rosidl_typesupport_fastrtps_c.cpython-310-x86_64-linux-gnu.so
[20.847s] -- Set non-toolchain portion of runtime path of "/home/dyj/rm2026/transistor_rm2026_algorithm_visual_ws/install/auto_aim/local/lib/python3.10/dist-packages/auto_aim/auto_aim_s__rosidl_typesupport_fastrtps_c.cpython-310-x86_64-linux-gnu.so" to ""
[20.847s] -- Installing: /home/dyj/rm2026/transistor_rm2026_algorithm_visual_ws/install/auto_aim/local/lib/python3.10/dist-packages/auto_aim/auto_aim_s__rosidl_typesupport_introspection_c.cpython-310-x86_64-linux-gnu.so
[20.847s] -- Set non-toolchain portion of runtime path of "/home/dyj/rm2026/transistor_rm2026_algorithm_visual_ws/install/auto_aim/local/lib/python3.10/dist-packages/auto_aim/auto_aim_s__rosidl_typesupport_introspection_c.cpython-310-x86_64-linux-gnu.so" to ""
[20.847s] -- Installing: /home/dyj/rm2026/transistor_rm2026_algorithm_visual_ws/install/auto_aim/local/lib/python3.10/dist-packages/auto_aim/auto_aim_s__rosidl_typesupport_c.cpython-310-x86_64-linux-gnu.so
[20.847s] -- Set non-toolchain portion of runtime path of "/home/dyj/rm2026/transistor_rm2026_algorithm_visual_ws/install/auto_aim/local/lib/python3.10/dist-packages/auto_aim/auto_aim_s__rosidl_typesupport_c.cpython-310-x86_64-linux-gnu.so" to ""
[20.848s] -- Installing: /home/dyj/rm2026/transistor_rm2026_algorithm_visual_ws/install/auto_aim/lib/libauto_aim__rosidl_generator_py.so
[20.848s] -- Set non-toolchain portion of runtime path of "/home/dyj/rm2026/transistor_rm2026_algorithm_visual_ws/install/auto_aim/lib/libauto_aim__rosidl_generator_py.so" to ""
[20.848s] -- Installing: /home/dyj/rm2026/transistor_rm2026_algorithm_visual_ws/install/auto_aim/share/auto_aim/msg/SerialData.idl
[20.848s] -- Installing: /home/dyj/rm2026/transistor_rm2026_algorithm_visual_ws/install/auto_aim/share/auto_aim/msg/GimbalCommand.idl
[20.848s] -- Installing: /home/dyj/rm2026/transistor_rm2026_algorithm_visual_ws/install/auto_aim/share/auto_aim/msg/SerialData.msg
[20.848s] -- Installing: /home/dyj/rm2026/transistor_rm2026_algorithm_visual_ws/install/auto_aim/share/auto_aim/msg/GimbalCommand.msg
[20.848s] -- Installing: /home/dyj/rm2026/transistor_rm2026_algorithm_visual_ws/install/auto_aim/lib/auto_aim/armor_detect_node
[20.848s] -- Installing: /home/dyj/rm2026/transistor_rm2026_algorithm_visual_ws/install/auto_aim/lib/auto_aim/com_node
[20.849s] -- Installing: /home/dyj/rm2026/transistor_rm2026_algorithm_visual_ws/install/auto_aim/lib/libarmor_detector.so
[20.849s] -- Installing: /home/dyj/rm2026/transistor_rm2026_algorithm_visual_ws/install/auto_aim/lib/libcrc_lib.so
[20.849s] -- Installing: /home/dyj/rm2026/transistor_rm2026_algorithm_visual_ws/install/auto_aim/share/auto_aim/launch
[20.849s] -- Installing: /home/dyj/rm2026/transistor_rm2026_algorithm_visual_ws/install/auto_aim/share/auto_aim/launch/auto_aim_launch.py
[20.849s] -- Installing: /home/dyj/rm2026/transistor_rm2026_algorithm_visual_ws/install/auto_aim/share/ament_index/resource_index/package_run_dependencies/auto_aim
[20.849s] -- Installing: /home/dyj/rm2026/transistor_rm2026_algorithm_visual_ws/install/auto_aim/share/ament_index/resource_index/parent_prefix_path/auto_aim
[20.849s] -- Installing: /home/dyj/rm2026/transistor_rm2026_algorithm_visual_ws/install/auto_aim/share/auto_aim/environment/ament_prefix_path.sh
[20.850s] -- Installing: /home/dyj/rm2026/transistor_rm2026_algorithm_visual_ws/install/auto_aim/share/auto_aim/environment/ament_prefix_path.dsv
[20.850s] -- Installing: /home/dyj/rm2026/transistor_rm2026_algorithm_visual_ws/install/auto_aim/share/auto_aim/environment/path.sh
[20.850s] -- Installing: /home/dyj/rm2026/transistor_rm2026_algorithm_visual_ws/install/auto_aim/share/auto_aim/environment/path.dsv
[20.850s] -- Installing: /home/dyj/rm2026/transistor_rm2026_algorithm_visual_ws/install/auto_aim/share/auto_aim/local_setup.bash
[20.850s] -- Installing: /home/dyj/rm2026/transistor_rm2026_algorithm_visual_ws/install/auto_aim/share/auto_aim/local_setup.sh
[20.850s] -- Installing: /home/dyj/rm2026/transistor_rm2026_algorithm_visual_ws/install/auto_aim/share/auto_aim/local_setup.zsh
[20.850s] -- Installing: /home/dyj/rm2026/transistor_rm2026_algorithm_visual_ws/install/auto_aim/share/auto_aim/local_setup.dsv
[20.850s] -- Installing: /home/dyj/rm2026/transistor_rm2026_algorithm_visual_ws/install/auto_aim/share/auto_aim/package.dsv
[20.850s] -- Installing: /home/dyj/rm2026/transistor_rm2026_algorithm_visual_ws/install/auto_aim/share/ament_index/resource_index/packages/auto_aim
[20.850s] -- Installing: /home/dyj/rm2026/transistor_rm2026_algorithm_visual_ws/install/auto_aim/share/auto_aim/cmake/export_auto_aim__rosidl_generator_cExport.cmake
[20.850s] -- Installing: /home/dyj/rm2026/transistor_rm2026_algorithm_visual_ws/install/auto_aim/share/auto_aim/cmake/export_auto_aim__rosidl_generator_cExport-release.cmake
[20.850s] -- Installing: /home/dyj/rm2026/transistor_rm2026_algorithm_visual_ws/install/auto_aim/share/auto_aim/cmake/export_auto_aim__rosidl_typesupport_fastrtps_cExport.cmake
[20.850s] -- Installing: /home/dyj/rm2026/transistor_rm2026_algorithm_visual_ws/install/auto_aim/share/auto_aim/cmake/export_auto_aim__rosidl_typesupport_fastrtps_cExport-release.cmake
[20.850s] -- Installing: /home/dyj/rm2026/transistor_rm2026_algorithm_visual_ws/install/auto_aim/share/auto_aim/cmake/export_auto_aim__rosidl_generator_cppExport.cmake
[20.850s] -- Installing: /home/dyj/rm2026/transistor_rm2026_algorithm_visual_ws/install/auto_aim/share/auto_aim/cmake/export_auto_aim__rosidl_typesupport_fastrtps_cppExport.cmake
[20.850s] -- Installing: /home/dyj/rm2026/transistor_rm2026_algorithm_visual_ws/install/auto_aim/share/auto_aim/cmake/export_auto_aim__rosidl_typesupport_fastrtps_cppExport-release.cmake
[20.850s] -- Installing: /home/dyj/rm2026/transistor_rm2026_algorithm_visual_ws/install/auto_aim/share/auto_aim/cmake/auto_aim__rosidl_typesupport_introspection_cExport.cmake
[20.850s] -- Installing: /home/dyj/rm2026/transistor_rm2026_algorithm_visual_ws/install/auto_aim/share/auto_aim/cmake/auto_aim__rosidl_typesupport_introspection_cExport-release.cmake
[20.850s] -- Installing: /home/dyj/rm2026/transistor_rm2026_algorithm_visual_ws/install/auto_aim/share/auto_aim/cmake/auto_aim__rosidl_typesupport_cExport.cmake
[20.850s] -- Installing: /home/dyj/rm2026/transistor_rm2026_algorithm_visual_ws/install/auto_aim/share/auto_aim/cmake/auto_aim__rosidl_typesupport_cExport-release.cmake
[20.850s] -- Installing: /home/dyj/rm2026/transistor_rm2026_algorithm_visual_ws/install/auto_aim/share/auto_aim/cmake/auto_aim__rosidl_typesupport_introspection_cppExport.cmake
[20.850s] -- Installing: /home/dyj/rm2026/transistor_rm2026_algorithm_visual_ws/install/auto_aim/share/auto_aim/cmake/auto_aim__rosidl_typesupport_introspection_cppExport-release.cmake
[20.850s] -- Installing: /home/dyj/rm2026/transistor_rm2026_algorithm_visual_ws/install/auto_aim/share/auto_aim/cmake/auto_aim__rosidl_typesupport_cppExport.cmake
[20.850s] -- Installing: /home/dyj/rm2026/transistor_rm2026_algorithm_visual_ws/install/auto_aim/share/auto_aim/cmake/auto_aim__rosidl_typesupport_cppExport-release.cmake
[20.851s] -- Installing: /home/dyj/rm2026/transistor_rm2026_algorithm_visual_ws/install/auto_aim/share/auto_aim/cmake/export_auto_aim__rosidl_generator_pyExport.cmake
[20.851s] -- Installing: /home/dyj/rm2026/transistor_rm2026_algorithm_visual_ws/install/auto_aim/share/auto_aim/cmake/export_auto_aim__rosidl_generator_pyExport-release.cmake
[20.851s] -- Installing: /home/dyj/rm2026/transistor_rm2026_algorithm_visual_ws/install/auto_aim/share/auto_aim/cmake/rosidl_cmake-extras.cmake
[20.851s] -- Installing: /home/dyj/rm2026/transistor_rm2026_algorithm_visual_ws/install/auto_aim/share/auto_aim/cmake/ament_cmake_export_include_directories-extras.cmake
[20.851s] -- Installing: /home/dyj/rm2026/transistor_rm2026_algorithm_visual_ws/install/auto_aim/share/auto_aim/cmake/ament_cmake_export_libraries-extras.cmake
[20.851s] -- Installing: /home/dyj/rm2026/transistor_rm2026_algorithm_visual_ws/install/auto_aim/share/auto_aim/cmake/ament_cmake_export_targets-extras.cmake
[20.851s] -- Installing: /home/dyj/rm2026/transistor_rm2026_algorithm_visual_ws/install/auto_aim/share/auto_aim/cmake/rosidl_cmake_export_typesupport_targets-extras.cmake
[20.851s] -- Installing: /home/dyj/rm2026/transistor_rm2026_algorithm_visual_ws/install/auto_aim/share/auto_aim/cmake/ament_cmake_export_dependencies-extras.cmake
[20.851s] -- Installing: /home/dyj/rm2026/transistor_rm2026_algorithm_visual_ws/install/auto_aim/share/auto_aim/cmake/rosidl_cmake_export_typesupport_libraries-extras.cmake
[20.851s] -- Installing: /home/dyj/rm2026/transistor_rm2026_algorithm_visual_ws/install/auto_aim/share/auto_aim/cmake/auto_aimConfig.cmake
[20.851s] -- Installing: /home/dyj/rm2026/transistor_rm2026_algorithm_visual_ws/install/auto_aim/share/auto_aim/cmake/auto_aimConfig-version.cmake
[20.851s] -- Installing: /home/dyj/rm2026/transistor_rm2026_algorithm_visual_ws/install/auto_aim/share/auto_aim/package.xml
[20.852s] Invoked command in '/home/dyj/rm2026/transistor_rm2026_algorithm_visual_ws/build/auto_aim' returned '0': CMAKE_PREFIX_PATH=${CMAKE_PREFIX_PATH}:/opt/ros/humble /usr/bin/cmake --install /home/dyj/rm2026/transistor_rm2026_algorithm_visual_ws/build/auto_aim
