[0.014s] Invoking command in '/home/dyj/rm2026/transistor_rm2026_algorithm_visual_ws/build/auto_aim': CMAKE_PREFIX_PATH=${CMAKE_PREFIX_PATH}:/opt/ros/humble /usr/bin/cmake --build /home/dyj/rm2026/transistor_rm2026_algorithm_visual_ws/build/auto_aim -- -j12 -l12
[0.048s] [0mCMake Deprecation Warning at CMakeLists.txt:1 (cmake_minimum_required):
[0.049s]   Compatibility with CMake < 3.10 will be removed from a future version of
[0.049s]   CMake.
[0.049s] 
[0.049s]   Update the VERSION argument <min> value.  Or, use the <min>...<max> syntax
[0.049s]   to tell CMake that the project requires at least <min> but has been updated
[0.049s]   to work with policies introduced by <max> or earlier.
[0.049s] 
[0.049s] [0m
[0.061s] -- Found ament_cmake: 1.3.12 (/opt/ros/humble/share/ament_cmake/cmake)
[0.219s] -- Found rclcpp: 16.0.14 (/opt/ros/humble/share/rclcpp/cmake)
[0.259s] -- Found rosidl_generator_c: 3.1.7 (/opt/ros/humble/share/rosidl_generator_c/cmake)
[0.262s] -- Found rosidl_adapter: 3.1.7 (/opt/ros/humble/share/rosidl_adapter/cmake)
[0.269s] -- Found rosidl_generator_cpp: 3.1.7 (/opt/ros/humble/share/rosidl_generator_cpp/cmake)
[0.280s] -- Using all available rosidl_typesupport_c: rosidl_typesupport_fastrtps_c;rosidl_typesupport_introspection_c
[0.291s] -- Using all available rosidl_typesupport_cpp: rosidl_typesupport_fastrtps_cpp;rosidl_typesupport_introspection_cpp
[0.324s] -- Found rmw_implementation_cmake: 6.1.2 (/opt/ros/humble/share/rmw_implementation_cmake/cmake)
[0.326s] -- Found rmw_fastrtps_cpp: 6.2.8 (/opt/ros/humble/share/rmw_fastrtps_cpp/cmake)
[0.422s] -- Using RMW implementation 'rmw_fastrtps_cpp' as default
[0.482s] -- Found cv_bridge: 3.2.1 (/opt/ros/humble/share/cv_bridge/cmake)
[0.523s] -- Found rosidl_default_generators: 1.2.0 (/opt/ros/humble/share/rosidl_default_generators/cmake)
[0.605s] -- Configuring done (0.6s)
[0.696s] -- Generating done (0.1s)
[0.705s] -- Build files have been written to: /home/dyj/rm2026/transistor_rm2026_algorithm_visual_ws/build/auto_aim
[0.750s] [  4%] [32mBuilding CXX object CMakeFiles/armor_detector.dir/src/armor_detector/Armor.cpp.o[0m
[0.752s] [ 14%] [32mBuilding CXX object CMakeFiles/armor_detector.dir/src/armor_detector/ArmorDetector.cpp.o[0m
[0.752s] [ 14%] [32mBuilding CXX object CMakeFiles/armor_detector.dir/src/armor_detector/LightBarDetector.cpp.o[0m
[0.753s] [ 23%] [32mBuilding CXX object CMakeFiles/armor_detector.dir/src/armor_detector/ArmorClassifier.cpp.o[0m
[0.753s] [ 23%] [32mBuilding CXX object CMakeFiles/armor_detector.dir/src/armor_detector/ArmorTracker.cpp.o[0m
[0.754s] [ 28%] [32mBuilding CXX object CMakeFiles/armor_detector.dir/src/armor_detector/ArmorSolver.cpp.o[0m
[0.755s] [ 38%] [32mBuilding CXX object CMakeFiles/armor_detector.dir/src/armor_detector/ArmorAngleKalman.cpp.o[0m
[0.755s] [ 38%] [32mBuilding CXX object CMakeFiles/armor_detector.dir/src/armor_detector/BallisticSolver.cpp.o[0m
[0.756s] [ 42%] [32mBuilding CXX object CMakeFiles/armor_detector.dir/src/camera/cameraConnect.cpp.o[0m
[0.757s] [ 47%] [32mBuilding CXX object CMakeFiles/armor_detector.dir/src/test_codes/VideoInput.cpp.o[0m
[0.758s] [ 52%] [32mBuilding CXX object CMakeFiles/armor_detector.dir/src/test_codes/ImagesInput.cpp.o[0m
[0.759s] [ 57%] [32mBuilding CXX object CMakeFiles/armor_detector.dir/src/test_codes/PositionPredictor.cpp.o[0m
[1.509s] [ 61%] [32mBuilding CXX object CMakeFiles/armor_detector.dir/src/test_codes/PredictionTrans.cpp.o[0m
[53.559s] [ 66%] [32mBuilding CXX object CMakeFiles/armor_detector.dir/src/utils/CRC.cpp.o[0m
[53.606s] [ 71%] [32mBuilding CXX object CMakeFiles/armor_detector.dir/src/utils/Com.cpp.o[0m
[55.372s] [ 76%] [32mBuilding CXX object CMakeFiles/armor_detector.dir/src/utils/SharedMemoryTorch.cpp.o[0m
[56.940s] [ 80%] [32mBuilding CXX object CMakeFiles/armor_detector.dir/src/utils/UnwarpUtils.cpp.o[0m
[58.015s] [ 85%] [32mBuilding CXX object CMakeFiles/armor_detector.dir/src/utils/FrameRateCounter.cpp.o[0m
[58.184s] [ 90%] [32m[1mLinking CXX shared library libarmor_detector.so[0m
[58.408s] lto-wrapper: warning: using serial compilation of 4 LTRANS jobs
[60.742s] [ 90%] Built target armor_detector
[60.771s] [ 95%] [32mBuilding CXX object CMakeFiles/armor_detect_node.dir/src/nodes/ArmorDetect_Node.cpp.o[0m
[67.680s] [100%] [32m[1mLinking CXX executable armor_detect_node[0m
[74.213s] /usr/bin/ld: /tmp/cchiGvFl.ltrans0.ltrans.o: in function `ArmorDetectNode::processImage()':
[74.214s] <artificial>:(.text+0x215a): undefined reference to `Tracker::predict()'
[74.214s] /usr/bin/ld: <artificial>:(.text+0x2231): undefined reference to `Tracker::init(Eigen::Matrix<double, 8, 1, 0, 8, 1> const&)'
[74.214s] /usr/bin/ld: <artificial>:(.text+0x2294): undefined reference to `Tracker::update(Eigen::Matrix<double, 4, 1, 0, 4, 1> const&)'
[74.214s] /usr/bin/ld: <artificial>:(.text+0x2334): undefined reference to `Tracker::predictAhead(double) const'
[74.214s] /usr/bin/ld: /tmp/cchiGvFl.ltrans0.ltrans.o: in function `ArmorDetectNode::ArmorDetectNode()':
[74.214s] <artificial>:(.text+0x8e5e): undefined reference to `Tracker::Tracker(double, MotionModelType)'
[74.254s] collect2: error: ld returned 1 exit status
[74.257s] gmake[2]: *** [CMakeFiles/armor_detect_node.dir/build.make:1055：armor_detect_node] 错误 1
[74.257s] gmake[1]: *** [CMakeFiles/Makefile2:188：CMakeFiles/armor_detect_node.dir/all] 错误 2
[74.258s] gmake: *** [Makefile:146：all] 错误 2
[74.261s] Invoked command in '/home/dyj/rm2026/transistor_rm2026_algorithm_visual_ws/build/auto_aim' returned '2': CMAKE_PREFIX_PATH=${CMAKE_PREFIX_PATH}:/opt/ros/humble /usr/bin/cmake --build /home/dyj/rm2026/transistor_rm2026_algorithm_visual_ws/build/auto_aim -- -j12 -l12
