[0.013s] Invoking command in '/home/dyj/rm2026/transistor_rm2026_algorithm_visual_ws/build/auto_aim': CMAKE_PREFIX_PATH=${CMAKE_PREFIX_PATH}:/opt/ros/humble /usr/bin/cmake --build /home/dyj/rm2026/transistor_rm2026_algorithm_visual_ws/build/auto_aim -- -j12 -l12
[0.038s] [  1%] Built target auto_aim__cpp
[0.040s] [  5%] Built target crc_lib
[0.041s] [ 11%] Built target auto_aim__rosidl_generator_c
[0.042s] [ 11%] Built target ament_cmake_python_copy_auto_aim
[0.053s] [ 25%] Built target auto_aim__rosidl_typesupport_cpp
[0.053s] [ 25%] Built target auto_aim__rosidl_typesupport_introspection_cpp
[0.054s] [ 32%] Built target auto_aim__rosidl_typesupport_fastrtps_cpp
[0.054s] [ 38%] Built target auto_aim__rosidl_typesupport_introspection_c
[0.055s] [ 45%] Built target auto_aim__rosidl_typesupport_c
[0.055s] [ 52%] Built target auto_aim__rosidl_typesupport_fastrtps_c
[0.067s] [ 52%] Built target auto_aim
[0.069s] [ 59%] Built target com_node
[0.069s] [ 79%] Built target armor_detector
[0.075s] [ 81%] Built target auto_aim__py
[0.089s] [ 86%] Built target auto_aim__rosidl_generator_py
[0.090s] [ 88%] [32mBuilding CXX object CMakeFiles/armor_detect_node.dir/src/nodes/ArmorDetect_Node.cpp.o[0m
[0.103s] [ 98%] Built target auto_aim__rosidl_typesupport_introspection_c__pyext
[0.103s] [ 98%] Built target auto_aim__rosidl_typesupport_fastrtps_c__pyext
[0.103s] [ 98%] Built target auto_aim__rosidl_typesupport_c__pyext
[0.234s] running egg_info
[0.234s] writing auto_aim.egg-info/PKG-INFO
[0.235s] writing dependency_links to auto_aim.egg-info/dependency_links.txt
[0.235s] writing top-level names to auto_aim.egg-info/top_level.txt
[0.238s] reading manifest file 'auto_aim.egg-info/SOURCES.txt'
[0.238s] writing manifest file 'auto_aim.egg-info/SOURCES.txt'
[0.260s] [ 98%] Built target ament_cmake_python_build_auto_aim_egg
[6.823s] [100%] [32m[1mLinking CXX executable armor_detect_node[0m
[9.707s] [100%] Built target armor_detect_node
[9.712s] Invoked command in '/home/dyj/rm2026/transistor_rm2026_algorithm_visual_ws/build/auto_aim' returned '0': CMAKE_PREFIX_PATH=${CMAKE_PREFIX_PATH}:/opt/ros/humble /usr/bin/cmake --build /home/dyj/rm2026/transistor_rm2026_algorithm_visual_ws/build/auto_aim -- -j12 -l12
[9.716s] Invoking command in '/home/dyj/rm2026/transistor_rm2026_algorithm_visual_ws/build/auto_aim': CMAKE_PREFIX_PATH=${CMAKE_PREFIX_PATH}:/opt/ros/humble /usr/bin/cmake --install /home/dyj/rm2026/transistor_rm2026_algorithm_visual_ws/build/auto_aim
[9.719s] -- Install configuration: "Release"
[9.719s] -- Up-to-date: /home/dyj/rm2026/transistor_rm2026_algorithm_visual_ws/install/auto_aim/share/ament_index/resource_index/rosidl_interfaces/auto_aim
[9.720s] -- Up-to-date: /home/dyj/rm2026/transistor_rm2026_algorithm_visual_ws/install/auto_aim/include/auto_aim/auto_aim
[9.720s] -- Up-to-date: /home/dyj/rm2026/transistor_rm2026_algorithm_visual_ws/install/auto_aim/include/auto_aim/auto_aim/msg
[9.720s] -- Up-to-date: /home/dyj/rm2026/transistor_rm2026_algorithm_visual_ws/install/auto_aim/include/auto_aim/auto_aim/msg/gimbal_command.h
[9.720s] -- Up-to-date: /home/dyj/rm2026/transistor_rm2026_algorithm_visual_ws/install/auto_aim/include/auto_aim/auto_aim/msg/serial_data.h
[9.720s] -- Up-to-date: /home/dyj/rm2026/transistor_rm2026_algorithm_visual_ws/install/auto_aim/include/auto_aim/auto_aim/msg/rosidl_generator_c__visibility_control.h
[9.720s] -- Up-to-date: /home/dyj/rm2026/transistor_rm2026_algorithm_visual_ws/install/auto_aim/include/auto_aim/auto_aim/msg/detail
[9.720s] -- Up-to-date: /home/dyj/rm2026/transistor_rm2026_algorithm_visual_ws/install/auto_aim/include/auto_aim/auto_aim/msg/detail/serial_data__struct.h
[9.720s] -- Up-to-date: /home/dyj/rm2026/transistor_rm2026_algorithm_visual_ws/install/auto_aim/include/auto_aim/auto_aim/msg/detail/serial_data__functions.h
[9.720s] -- Up-to-date: /home/dyj/rm2026/transistor_rm2026_algorithm_visual_ws/install/auto_aim/include/auto_aim/auto_aim/msg/detail/serial_data__functions.c
[9.720s] -- Up-to-date: /home/dyj/rm2026/transistor_rm2026_algorithm_visual_ws/install/auto_aim/include/auto_aim/auto_aim/msg/detail/gimbal_command__struct.h
[9.720s] -- Up-to-date: /home/dyj/rm2026/transistor_rm2026_algorithm_visual_ws/install/auto_aim/include/auto_aim/auto_aim/msg/detail/gimbal_command__functions.h
[9.720s] -- Up-to-date: /home/dyj/rm2026/transistor_rm2026_algorithm_visual_ws/install/auto_aim/include/auto_aim/auto_aim/msg/detail/serial_data__type_support.h
[9.720s] -- Up-to-date: /home/dyj/rm2026/transistor_rm2026_algorithm_visual_ws/install/auto_aim/include/auto_aim/auto_aim/msg/detail/gimbal_command__functions.c
[9.721s] -- Up-to-date: /home/dyj/rm2026/transistor_rm2026_algorithm_visual_ws/install/auto_aim/include/auto_aim/auto_aim/msg/detail/gimbal_command__type_support.h
[9.721s] -- Up-to-date: /home/dyj/rm2026/transistor_rm2026_algorithm_visual_ws/install/auto_aim/share/auto_aim/environment/library_path.sh
[9.721s] -- Up-to-date: /home/dyj/rm2026/transistor_rm2026_algorithm_visual_ws/install/auto_aim/share/auto_aim/environment/library_path.dsv
[9.721s] -- Up-to-date: /home/dyj/rm2026/transistor_rm2026_algorithm_visual_ws/install/auto_aim/lib/libauto_aim__rosidl_generator_c.so
[9.721s] -- Up-to-date: /home/dyj/rm2026/transistor_rm2026_algorithm_visual_ws/install/auto_aim/include/auto_aim/auto_aim
[9.721s] -- Up-to-date: /home/dyj/rm2026/transistor_rm2026_algorithm_visual_ws/install/auto_aim/include/auto_aim/auto_aim/msg
[9.721s] -- Up-to-date: /home/dyj/rm2026/transistor_rm2026_algorithm_visual_ws/install/auto_aim/include/auto_aim/auto_aim/msg/rosidl_typesupport_fastrtps_c__visibility_control.h
[9.721s] -- Up-to-date: /home/dyj/rm2026/transistor_rm2026_algorithm_visual_ws/install/auto_aim/include/auto_aim/auto_aim/msg/detail
[9.721s] -- Up-to-date: /home/dyj/rm2026/transistor_rm2026_algorithm_visual_ws/install/auto_aim/include/auto_aim/auto_aim/msg/detail/serial_data__rosidl_typesupport_fastrtps_c.h
[9.721s] -- Up-to-date: /home/dyj/rm2026/transistor_rm2026_algorithm_visual_ws/install/auto_aim/include/auto_aim/auto_aim/msg/detail/gimbal_command__rosidl_typesupport_fastrtps_c.h
[9.721s] -- Up-to-date: /home/dyj/rm2026/transistor_rm2026_algorithm_visual_ws/install/auto_aim/lib/libauto_aim__rosidl_typesupport_fastrtps_c.so
[9.721s] -- Up-to-date: /home/dyj/rm2026/transistor_rm2026_algorithm_visual_ws/install/auto_aim/include/auto_aim/auto_aim
[9.721s] -- Up-to-date: /home/dyj/rm2026/transistor_rm2026_algorithm_visual_ws/install/auto_aim/include/auto_aim/auto_aim/msg
[9.721s] -- Up-to-date: /home/dyj/rm2026/transistor_rm2026_algorithm_visual_ws/install/auto_aim/include/auto_aim/auto_aim/msg/detail
[9.722s] -- Up-to-date: /home/dyj/rm2026/transistor_rm2026_algorithm_visual_ws/install/auto_aim/include/auto_aim/auto_aim/msg/detail/serial_data__traits.hpp
[9.722s] -- Up-to-date: /home/dyj/rm2026/transistor_rm2026_algorithm_visual_ws/install/auto_aim/include/auto_aim/auto_aim/msg/detail/serial_data__builder.hpp
[9.722s] -- Up-to-date: /home/dyj/rm2026/transistor_rm2026_algorithm_visual_ws/install/auto_aim/include/auto_aim/auto_aim/msg/detail/serial_data__struct.hpp
[9.722s] -- Up-to-date: /home/dyj/rm2026/transistor_rm2026_algorithm_visual_ws/install/auto_aim/include/auto_aim/auto_aim/msg/detail/gimbal_command__struct.hpp
[9.722s] -- Up-to-date: /home/dyj/rm2026/transistor_rm2026_algorithm_visual_ws/install/auto_aim/include/auto_aim/auto_aim/msg/detail/gimbal_command__builder.hpp
[9.722s] -- Up-to-date: /home/dyj/rm2026/transistor_rm2026_algorithm_visual_ws/install/auto_aim/include/auto_aim/auto_aim/msg/detail/serial_data__type_support.hpp
[9.722s] -- Up-to-date: /home/dyj/rm2026/transistor_rm2026_algorithm_visual_ws/install/auto_aim/include/auto_aim/auto_aim/msg/detail/gimbal_command__traits.hpp
[9.722s] -- Up-to-date: /home/dyj/rm2026/transistor_rm2026_algorithm_visual_ws/install/auto_aim/include/auto_aim/auto_aim/msg/detail/gimbal_command__type_support.hpp
[9.722s] -- Up-to-date: /home/dyj/rm2026/transistor_rm2026_algorithm_visual_ws/install/auto_aim/include/auto_aim/auto_aim/msg/rosidl_generator_cpp__visibility_control.hpp
[9.722s] -- Up-to-date: /home/dyj/rm2026/transistor_rm2026_algorithm_visual_ws/install/auto_aim/include/auto_aim/auto_aim/msg/serial_data.hpp
[9.722s] -- Up-to-date: /home/dyj/rm2026/transistor_rm2026_algorithm_visual_ws/install/auto_aim/include/auto_aim/auto_aim/msg/gimbal_command.hpp
[9.722s] -- Up-to-date: /home/dyj/rm2026/transistor_rm2026_algorithm_visual_ws/install/auto_aim/include/auto_aim/auto_aim
[9.722s] -- Up-to-date: /home/dyj/rm2026/transistor_rm2026_algorithm_visual_ws/install/auto_aim/include/auto_aim/auto_aim/msg
[9.722s] -- Up-to-date: /home/dyj/rm2026/transistor_rm2026_algorithm_visual_ws/install/auto_aim/include/auto_aim/auto_aim/msg/rosidl_typesupport_fastrtps_cpp__visibility_control.h
[9.722s] -- Up-to-date: /home/dyj/rm2026/transistor_rm2026_algorithm_visual_ws/install/auto_aim/include/auto_aim/auto_aim/msg/detail
[9.722s] -- Up-to-date: /home/dyj/rm2026/transistor_rm2026_algorithm_visual_ws/install/auto_aim/include/auto_aim/auto_aim/msg/detail/dds_fastrtps
[9.722s] -- Up-to-date: /home/dyj/rm2026/transistor_rm2026_algorithm_visual_ws/install/auto_aim/include/auto_aim/auto_aim/msg/detail/serial_data__rosidl_typesupport_fastrtps_cpp.hpp
[9.722s] -- Up-to-date: /home/dyj/rm2026/transistor_rm2026_algorithm_visual_ws/install/auto_aim/include/auto_aim/auto_aim/msg/detail/gimbal_command__rosidl_typesupport_fastrtps_cpp.hpp
[9.722s] -- Up-to-date: /home/dyj/rm2026/transistor_rm2026_algorithm_visual_ws/install/auto_aim/lib/libauto_aim__rosidl_typesupport_fastrtps_cpp.so
[9.722s] -- Up-to-date: /home/dyj/rm2026/transistor_rm2026_algorithm_visual_ws/install/auto_aim/include/auto_aim/auto_aim
[9.722s] -- Up-to-date: /home/dyj/rm2026/transistor_rm2026_algorithm_visual_ws/install/auto_aim/include/auto_aim/auto_aim/msg
[9.722s] -- Up-to-date: /home/dyj/rm2026/transistor_rm2026_algorithm_visual_ws/install/auto_aim/include/auto_aim/auto_aim/msg/detail
[9.722s] -- Up-to-date: /home/dyj/rm2026/transistor_rm2026_algorithm_visual_ws/install/auto_aim/include/auto_aim/auto_aim/msg/detail/gimbal_command__rosidl_typesupport_introspection_c.h
[9.722s] -- Up-to-date: /home/dyj/rm2026/transistor_rm2026_algorithm_visual_ws/install/auto_aim/include/auto_aim/auto_aim/msg/detail/gimbal_command__type_support.c
[9.722s] -- Up-to-date: /home/dyj/rm2026/transistor_rm2026_algorithm_visual_ws/install/auto_aim/include/auto_aim/auto_aim/msg/detail/serial_data__type_support.c
[9.722s] -- Up-to-date: /home/dyj/rm2026/transistor_rm2026_algorithm_visual_ws/install/auto_aim/include/auto_aim/auto_aim/msg/detail/serial_data__rosidl_typesupport_introspection_c.h
[9.722s] -- Up-to-date: /home/dyj/rm2026/transistor_rm2026_algorithm_visual_ws/install/auto_aim/include/auto_aim/auto_aim/msg/rosidl_typesupport_introspection_c__visibility_control.h
[9.722s] -- Up-to-date: /home/dyj/rm2026/transistor_rm2026_algorithm_visual_ws/install/auto_aim/lib/libauto_aim__rosidl_typesupport_introspection_c.so
[9.722s] -- Up-to-date: /home/dyj/rm2026/transistor_rm2026_algorithm_visual_ws/install/auto_aim/lib/libauto_aim__rosidl_typesupport_c.so
[9.722s] -- Up-to-date: /home/dyj/rm2026/transistor_rm2026_algorithm_visual_ws/install/auto_aim/include/auto_aim/auto_aim
[9.722s] -- Up-to-date: /home/dyj/rm2026/transistor_rm2026_algorithm_visual_ws/install/auto_aim/include/auto_aim/auto_aim/msg
[9.722s] -- Up-to-date: /home/dyj/rm2026/transistor_rm2026_algorithm_visual_ws/install/auto_aim/include/auto_aim/auto_aim/msg/detail
[9.723s] -- Up-to-date: /home/dyj/rm2026/transistor_rm2026_algorithm_visual_ws/install/auto_aim/include/auto_aim/auto_aim/msg/detail/gimbal_command__type_support.cpp
[9.723s] -- Up-to-date: /home/dyj/rm2026/transistor_rm2026_algorithm_visual_ws/install/auto_aim/include/auto_aim/auto_aim/msg/detail/serial_data__rosidl_typesupport_introspection_cpp.hpp
[9.723s] -- Up-to-date: /home/dyj/rm2026/transistor_rm2026_algorithm_visual_ws/install/auto_aim/include/auto_aim/auto_aim/msg/detail/gimbal_command__rosidl_typesupport_introspection_cpp.hpp
[9.723s] -- Up-to-date: /home/dyj/rm2026/transistor_rm2026_algorithm_visual_ws/install/auto_aim/include/auto_aim/auto_aim/msg/detail/serial_data__type_support.cpp
[9.723s] -- Up-to-date: /home/dyj/rm2026/transistor_rm2026_algorithm_visual_ws/install/auto_aim/lib/libauto_aim__rosidl_typesupport_introspection_cpp.so
[9.723s] -- Up-to-date: /home/dyj/rm2026/transistor_rm2026_algorithm_visual_ws/install/auto_aim/lib/libauto_aim__rosidl_typesupport_cpp.so
[9.723s] -- Up-to-date: /home/dyj/rm2026/transistor_rm2026_algorithm_visual_ws/install/auto_aim/share/auto_aim/environment/pythonpath.sh
[9.723s] -- Up-to-date: /home/dyj/rm2026/transistor_rm2026_algorithm_visual_ws/install/auto_aim/share/auto_aim/environment/pythonpath.dsv
[9.723s] -- Up-to-date: /home/dyj/rm2026/transistor_rm2026_algorithm_visual_ws/install/auto_aim/local/lib/python3.10/dist-packages/auto_aim-0.0.1-py3.10.egg-info
[9.723s] -- Installing: /home/dyj/rm2026/transistor_rm2026_algorithm_visual_ws/install/auto_aim/local/lib/python3.10/dist-packages/auto_aim-0.0.1-py3.10.egg-info/SOURCES.txt
[9.723s] -- Installing: /home/dyj/rm2026/transistor_rm2026_algorithm_visual_ws/install/auto_aim/local/lib/python3.10/dist-packages/auto_aim-0.0.1-py3.10.egg-info/dependency_links.txt
[9.723s] -- Installing: /home/dyj/rm2026/transistor_rm2026_algorithm_visual_ws/install/auto_aim/local/lib/python3.10/dist-packages/auto_aim-0.0.1-py3.10.egg-info/PKG-INFO
[9.723s] -- Installing: /home/dyj/rm2026/transistor_rm2026_algorithm_visual_ws/install/auto_aim/local/lib/python3.10/dist-packages/auto_aim-0.0.1-py3.10.egg-info/top_level.txt
[9.723s] -- Up-to-date: /home/dyj/rm2026/transistor_rm2026_algorithm_visual_ws/install/auto_aim/local/lib/python3.10/dist-packages/auto_aim
[9.723s] -- Up-to-date: /home/dyj/rm2026/transistor_rm2026_algorithm_visual_ws/install/auto_aim/local/lib/python3.10/dist-packages/auto_aim/_auto_aim_s.ep.rosidl_typesupport_c.c
[9.723s] -- Up-to-date: /home/dyj/rm2026/transistor_rm2026_algorithm_visual_ws/install/auto_aim/local/lib/python3.10/dist-packages/auto_aim/auto_aim_s__rosidl_typesupport_c.cpython-310-x86_64-linux-gnu.so
[9.723s] -- Up-to-date: /home/dyj/rm2026/transistor_rm2026_algorithm_visual_ws/install/auto_aim/local/lib/python3.10/dist-packages/auto_aim/__init__.py
[9.723s] -- Up-to-date: /home/dyj/rm2026/transistor_rm2026_algorithm_visual_ws/install/auto_aim/local/lib/python3.10/dist-packages/auto_aim/msg
[9.723s] -- Up-to-date: /home/dyj/rm2026/transistor_rm2026_algorithm_visual_ws/install/auto_aim/local/lib/python3.10/dist-packages/auto_aim/msg/__init__.py
[9.723s] -- Up-to-date: /home/dyj/rm2026/transistor_rm2026_algorithm_visual_ws/install/auto_aim/local/lib/python3.10/dist-packages/auto_aim/msg/_gimbal_command_s.c
[9.723s] -- Up-to-date: /home/dyj/rm2026/transistor_rm2026_algorithm_visual_ws/install/auto_aim/local/lib/python3.10/dist-packages/auto_aim/msg/_gimbal_command.py
[9.723s] -- Up-to-date: /home/dyj/rm2026/transistor_rm2026_algorithm_visual_ws/install/auto_aim/local/lib/python3.10/dist-packages/auto_aim/msg/_serial_data.py
[9.723s] -- Up-to-date: /home/dyj/rm2026/transistor_rm2026_algorithm_visual_ws/install/auto_aim/local/lib/python3.10/dist-packages/auto_aim/msg/_serial_data_s.c
[9.723s] -- Up-to-date: /home/dyj/rm2026/transistor_rm2026_algorithm_visual_ws/install/auto_aim/local/lib/python3.10/dist-packages/auto_aim/_auto_aim_s.ep.rosidl_typesupport_fastrtps_c.c
[9.723s] -- Up-to-date: /home/dyj/rm2026/transistor_rm2026_algorithm_visual_ws/install/auto_aim/local/lib/python3.10/dist-packages/auto_aim/auto_aim_s__rosidl_typesupport_fastrtps_c.cpython-310-x86_64-linux-gnu.so
[9.723s] -- Up-to-date: /home/dyj/rm2026/transistor_rm2026_algorithm_visual_ws/install/auto_aim/local/lib/python3.10/dist-packages/auto_aim/auto_aim_s__rosidl_typesupport_introspection_c.cpython-310-x86_64-linux-gnu.so
[9.723s] -- Up-to-date: /home/dyj/rm2026/transistor_rm2026_algorithm_visual_ws/install/auto_aim/local/lib/python3.10/dist-packages/auto_aim/libauto_aim__rosidl_generator_py.so
[9.723s] -- Up-to-date: /home/dyj/rm2026/transistor_rm2026_algorithm_visual_ws/install/auto_aim/local/lib/python3.10/dist-packages/auto_aim/_auto_aim_s.ep.rosidl_typesupport_introspection_c.c
[9.745s] Listing '/home/dyj/rm2026/transistor_rm2026_algorithm_visual_ws/install/auto_aim/local/lib/python3.10/dist-packages/auto_aim'...
[9.745s] Listing '/home/dyj/rm2026/transistor_rm2026_algorithm_visual_ws/install/auto_aim/local/lib/python3.10/dist-packages/auto_aim/msg'...
[9.748s] -- Up-to-date: /home/dyj/rm2026/transistor_rm2026_algorithm_visual_ws/install/auto_aim/local/lib/python3.10/dist-packages/auto_aim/auto_aim_s__rosidl_typesupport_fastrtps_c.cpython-310-x86_64-linux-gnu.so
[9.748s] -- Up-to-date: /home/dyj/rm2026/transistor_rm2026_algorithm_visual_ws/install/auto_aim/local/lib/python3.10/dist-packages/auto_aim/auto_aim_s__rosidl_typesupport_introspection_c.cpython-310-x86_64-linux-gnu.so
[9.749s] -- Up-to-date: /home/dyj/rm2026/transistor_rm2026_algorithm_visual_ws/install/auto_aim/local/lib/python3.10/dist-packages/auto_aim/auto_aim_s__rosidl_typesupport_c.cpython-310-x86_64-linux-gnu.so
[9.749s] -- Up-to-date: /home/dyj/rm2026/transistor_rm2026_algorithm_visual_ws/install/auto_aim/lib/libauto_aim__rosidl_generator_py.so
[9.749s] -- Up-to-date: /home/dyj/rm2026/transistor_rm2026_algorithm_visual_ws/install/auto_aim/share/auto_aim/msg/SerialData.idl
[9.749s] -- Up-to-date: /home/dyj/rm2026/transistor_rm2026_algorithm_visual_ws/install/auto_aim/share/auto_aim/msg/GimbalCommand.idl
[9.749s] -- Up-to-date: /home/dyj/rm2026/transistor_rm2026_algorithm_visual_ws/install/auto_aim/share/auto_aim/msg/SerialData.msg
[9.749s] -- Up-to-date: /home/dyj/rm2026/transistor_rm2026_algorithm_visual_ws/install/auto_aim/share/auto_aim/msg/GimbalCommand.msg
[9.749s] -- Installing: /home/dyj/rm2026/transistor_rm2026_algorithm_visual_ws/install/auto_aim/lib/auto_aim/armor_detect_node
[9.749s] -- Up-to-date: /home/dyj/rm2026/transistor_rm2026_algorithm_visual_ws/install/auto_aim/lib/auto_aim/com_node
[9.750s] -- Up-to-date: /home/dyj/rm2026/transistor_rm2026_algorithm_visual_ws/install/auto_aim/lib/libarmor_detector.so
[9.750s] -- Up-to-date: /home/dyj/rm2026/transistor_rm2026_algorithm_visual_ws/install/auto_aim/lib/libcrc_lib.so
[9.750s] -- Up-to-date: /home/dyj/rm2026/transistor_rm2026_algorithm_visual_ws/install/auto_aim/share/auto_aim/launch
[9.750s] -- Up-to-date: /home/dyj/rm2026/transistor_rm2026_algorithm_visual_ws/install/auto_aim/share/auto_aim/launch/auto_aim_launch.py
[9.750s] -- Up-to-date: /home/dyj/rm2026/transistor_rm2026_algorithm_visual_ws/install/auto_aim/share/ament_index/resource_index/package_run_dependencies/auto_aim
[9.750s] -- Up-to-date: /home/dyj/rm2026/transistor_rm2026_algorithm_visual_ws/install/auto_aim/share/ament_index/resource_index/parent_prefix_path/auto_aim
[9.750s] -- Up-to-date: /home/dyj/rm2026/transistor_rm2026_algorithm_visual_ws/install/auto_aim/share/auto_aim/environment/ament_prefix_path.sh
[9.750s] -- Up-to-date: /home/dyj/rm2026/transistor_rm2026_algorithm_visual_ws/install/auto_aim/share/auto_aim/environment/ament_prefix_path.dsv
[9.750s] -- Up-to-date: /home/dyj/rm2026/transistor_rm2026_algorithm_visual_ws/install/auto_aim/share/auto_aim/environment/path.sh
[9.750s] -- Up-to-date: /home/dyj/rm2026/transistor_rm2026_algorithm_visual_ws/install/auto_aim/share/auto_aim/environment/path.dsv
[9.750s] -- Up-to-date: /home/dyj/rm2026/transistor_rm2026_algorithm_visual_ws/install/auto_aim/share/auto_aim/local_setup.bash
[9.750s] -- Up-to-date: /home/dyj/rm2026/transistor_rm2026_algorithm_visual_ws/install/auto_aim/share/auto_aim/local_setup.sh
[9.750s] -- Up-to-date: /home/dyj/rm2026/transistor_rm2026_algorithm_visual_ws/install/auto_aim/share/auto_aim/local_setup.zsh
[9.750s] -- Up-to-date: /home/dyj/rm2026/transistor_rm2026_algorithm_visual_ws/install/auto_aim/share/auto_aim/local_setup.dsv
[9.750s] -- Installing: /home/dyj/rm2026/transistor_rm2026_algorithm_visual_ws/install/auto_aim/share/auto_aim/package.dsv
[9.750s] -- Up-to-date: /home/dyj/rm2026/transistor_rm2026_algorithm_visual_ws/install/auto_aim/share/ament_index/resource_index/packages/auto_aim
[9.750s] -- Up-to-date: /home/dyj/rm2026/transistor_rm2026_algorithm_visual_ws/install/auto_aim/share/auto_aim/cmake/export_auto_aim__rosidl_generator_cExport.cmake
[9.750s] -- Up-to-date: /home/dyj/rm2026/transistor_rm2026_algorithm_visual_ws/install/auto_aim/share/auto_aim/cmake/export_auto_aim__rosidl_generator_cExport-release.cmake
[9.750s] -- Up-to-date: /home/dyj/rm2026/transistor_rm2026_algorithm_visual_ws/install/auto_aim/share/auto_aim/cmake/export_auto_aim__rosidl_typesupport_fastrtps_cExport.cmake
[9.750s] -- Up-to-date: /home/dyj/rm2026/transistor_rm2026_algorithm_visual_ws/install/auto_aim/share/auto_aim/cmake/export_auto_aim__rosidl_typesupport_fastrtps_cExport-release.cmake
[9.750s] -- Up-to-date: /home/dyj/rm2026/transistor_rm2026_algorithm_visual_ws/install/auto_aim/share/auto_aim/cmake/export_auto_aim__rosidl_generator_cppExport.cmake
[9.750s] -- Up-to-date: /home/dyj/rm2026/transistor_rm2026_algorithm_visual_ws/install/auto_aim/share/auto_aim/cmake/export_auto_aim__rosidl_typesupport_fastrtps_cppExport.cmake
[9.750s] -- Up-to-date: /home/dyj/rm2026/transistor_rm2026_algorithm_visual_ws/install/auto_aim/share/auto_aim/cmake/export_auto_aim__rosidl_typesupport_fastrtps_cppExport-release.cmake
[9.750s] -- Up-to-date: /home/dyj/rm2026/transistor_rm2026_algorithm_visual_ws/install/auto_aim/share/auto_aim/cmake/auto_aim__rosidl_typesupport_introspection_cExport.cmake
[9.750s] -- Up-to-date: /home/dyj/rm2026/transistor_rm2026_algorithm_visual_ws/install/auto_aim/share/auto_aim/cmake/auto_aim__rosidl_typesupport_introspection_cExport-release.cmake
[9.750s] -- Up-to-date: /home/dyj/rm2026/transistor_rm2026_algorithm_visual_ws/install/auto_aim/share/auto_aim/cmake/auto_aim__rosidl_typesupport_cExport.cmake
[9.750s] -- Up-to-date: /home/dyj/rm2026/transistor_rm2026_algorithm_visual_ws/install/auto_aim/share/auto_aim/cmake/auto_aim__rosidl_typesupport_cExport-release.cmake
[9.750s] -- Up-to-date: /home/dyj/rm2026/transistor_rm2026_algorithm_visual_ws/install/auto_aim/share/auto_aim/cmake/auto_aim__rosidl_typesupport_introspection_cppExport.cmake
[9.750s] -- Up-to-date: /home/dyj/rm2026/transistor_rm2026_algorithm_visual_ws/install/auto_aim/share/auto_aim/cmake/auto_aim__rosidl_typesupport_introspection_cppExport-release.cmake
[9.750s] -- Up-to-date: /home/dyj/rm2026/transistor_rm2026_algorithm_visual_ws/install/auto_aim/share/auto_aim/cmake/auto_aim__rosidl_typesupport_cppExport.cmake
[9.750s] -- Up-to-date: /home/dyj/rm2026/transistor_rm2026_algorithm_visual_ws/install/auto_aim/share/auto_aim/cmake/auto_aim__rosidl_typesupport_cppExport-release.cmake
[9.751s] -- Up-to-date: /home/dyj/rm2026/transistor_rm2026_algorithm_visual_ws/install/auto_aim/share/auto_aim/cmake/export_auto_aim__rosidl_generator_pyExport.cmake
[9.751s] -- Up-to-date: /home/dyj/rm2026/transistor_rm2026_algorithm_visual_ws/install/auto_aim/share/auto_aim/cmake/export_auto_aim__rosidl_generator_pyExport-release.cmake
[9.751s] -- Up-to-date: /home/dyj/rm2026/transistor_rm2026_algorithm_visual_ws/install/auto_aim/share/auto_aim/cmake/rosidl_cmake-extras.cmake
[9.751s] -- Up-to-date: /home/dyj/rm2026/transistor_rm2026_algorithm_visual_ws/install/auto_aim/share/auto_aim/cmake/ament_cmake_export_include_directories-extras.cmake
[9.751s] -- Up-to-date: /home/dyj/rm2026/transistor_rm2026_algorithm_visual_ws/install/auto_aim/share/auto_aim/cmake/ament_cmake_export_libraries-extras.cmake
[9.751s] -- Up-to-date: /home/dyj/rm2026/transistor_rm2026_algorithm_visual_ws/install/auto_aim/share/auto_aim/cmake/ament_cmake_export_targets-extras.cmake
[9.751s] -- Up-to-date: /home/dyj/rm2026/transistor_rm2026_algorithm_visual_ws/install/auto_aim/share/auto_aim/cmake/rosidl_cmake_export_typesupport_targets-extras.cmake
[9.751s] -- Up-to-date: /home/dyj/rm2026/transistor_rm2026_algorithm_visual_ws/install/auto_aim/share/auto_aim/cmake/ament_cmake_export_dependencies-extras.cmake
[9.751s] -- Up-to-date: /home/dyj/rm2026/transistor_rm2026_algorithm_visual_ws/install/auto_aim/share/auto_aim/cmake/rosidl_cmake_export_typesupport_libraries-extras.cmake
[9.751s] -- Up-to-date: /home/dyj/rm2026/transistor_rm2026_algorithm_visual_ws/install/auto_aim/share/auto_aim/cmake/auto_aimConfig.cmake
[9.751s] -- Up-to-date: /home/dyj/rm2026/transistor_rm2026_algorithm_visual_ws/install/auto_aim/share/auto_aim/cmake/auto_aimConfig-version.cmake
[9.751s] -- Up-to-date: /home/dyj/rm2026/transistor_rm2026_algorithm_visual_ws/install/auto_aim/share/auto_aim/package.xml
[9.752s] Invoked command in '/home/dyj/rm2026/transistor_rm2026_algorithm_visual_ws/build/auto_aim' returned '0': CMAKE_PREFIX_PATH=${CMAKE_PREFIX_PATH}:/opt/ros/humble /usr/bin/cmake --install /home/dyj/rm2026/transistor_rm2026_algorithm_visual_ws/build/auto_aim
