[0.439s] Invoking command in '/home/dyj/rm2026/transistor_rm2026_algorithm_visual_ws/src/shm_pytorch_processor_pkg': PYTHONPATH=/home/dyj/rm2026/transistor_rm2026_algorithm_visual_ws/build/shm_pytorch_processor_pkg/prefix_override:/usr/lib/python3/dist-packages/colcon_core/task/python/colcon_distutils_commands:/home/dyj/rm2026/transistor_rm2026_algorithm_visual_ws/install/shm_pytorch_processor_pkg/lib/python3.10/site-packages:${PYTHONPATH} /usr/bin/python3 -W ignore:setup.py install is deprecated -W ignore:easy_install command is deprecated setup.py egg_info --egg-base ../../build/shm_pytorch_processor_pkg build --build-base /home/dyj/rm2026/transistor_rm2026_algorithm_visual_ws/build/shm_pytorch_processor_pkg/build install --record /home/dyj/rm2026/transistor_rm2026_algorithm_visual_ws/build/shm_pytorch_processor_pkg/install.log --single-version-externally-managed install_data
[0.598s] running egg_info
[0.598s] writing ../../build/shm_pytorch_processor_pkg/shm_pytorch_processor_pkg.egg-info/PKG-INFO
[0.599s] writing dependency_links to ../../build/shm_pytorch_processor_pkg/shm_pytorch_processor_pkg.egg-info/dependency_links.txt
[0.599s] writing entry points to ../../build/shm_pytorch_processor_pkg/shm_pytorch_processor_pkg.egg-info/entry_points.txt
[0.599s] writing requirements to ../../build/shm_pytorch_processor_pkg/shm_pytorch_processor_pkg.egg-info/requires.txt
[0.599s] writing top-level names to ../../build/shm_pytorch_processor_pkg/shm_pytorch_processor_pkg.egg-info/top_level.txt
[0.600s] reading manifest file '../../build/shm_pytorch_processor_pkg/shm_pytorch_processor_pkg.egg-info/SOURCES.txt'
[0.602s] writing manifest file '../../build/shm_pytorch_processor_pkg/shm_pytorch_processor_pkg.egg-info/SOURCES.txt'
[0.602s] running build
[0.602s] running build_py
[0.602s] running install
[0.602s] running install_lib
[0.603s] running install_data
[0.603s] running install_egg_info
[0.604s] removing '/home/dyj/rm2026/transistor_rm2026_algorithm_visual_ws/install/shm_pytorch_processor_pkg/lib/python3.10/site-packages/shm_pytorch_processor_pkg-0.0.0-py3.10.egg-info' (and everything under it)
[0.605s] Copying ../../build/shm_pytorch_processor_pkg/shm_pytorch_processor_pkg.egg-info to /home/dyj/rm2026/transistor_rm2026_algorithm_visual_ws/install/shm_pytorch_processor_pkg/lib/python3.10/site-packages/shm_pytorch_processor_pkg-0.0.0-py3.10.egg-info
[0.605s] running install_scripts
[0.619s] Installing shm_pytorch_processor_node script to /home/dyj/rm2026/transistor_rm2026_algorithm_visual_ws/install/shm_pytorch_processor_pkg/lib/shm_pytorch_processor_pkg
[0.620s] writing list of installed files to '/home/dyj/rm2026/transistor_rm2026_algorithm_visual_ws/build/shm_pytorch_processor_pkg/install.log'
[0.642s] Invoked command in '/home/dyj/rm2026/transistor_rm2026_algorithm_visual_ws/src/shm_pytorch_processor_pkg' returned '0': PYTHONPATH=/home/dyj/rm2026/transistor_rm2026_algorithm_visual_ws/build/shm_pytorch_processor_pkg/prefix_override:/usr/lib/python3/dist-packages/colcon_core/task/python/colcon_distutils_commands:/home/dyj/rm2026/transistor_rm2026_algorithm_visual_ws/install/shm_pytorch_processor_pkg/lib/python3.10/site-packages:${PYTHONPATH} /usr/bin/python3 -W ignore:setup.py install is deprecated -W ignore:easy_install command is deprecated setup.py egg_info --egg-base ../../build/shm_pytorch_processor_pkg build --build-base /home/dyj/rm2026/transistor_rm2026_algorithm_visual_ws/build/shm_pytorch_processor_pkg/build install --record /home/dyj/rm2026/transistor_rm2026_algorithm_visual_ws/build/shm_pytorch_processor_pkg/install.log --single-version-externally-managed install_data
