[0.062s] DEBUG:colcon:Command line arguments: ['/usr/bin/colcon', 'build']
[0.062s] DEBUG:colcon:Parsed command line arguments: Namespace(log_base=None, log_level=None, verb_name='build', build_base='build', install_base='install', merge_install=False, symlink_install=False, test_result_base=None, continue_on_error=False, executor='parallel', parallel_workers=12, event_handlers=None, ignore_user_meta=False, metas=['./colcon.meta'], base_paths=['.'], packages_ignore=None, packages_ignore_regex=None, paths=None, packages_up_to=None, packages_up_to_regex=None, packages_above=None, packages_above_and_dependencies=None, packages_above_depth=None, packages_select_by_dep=None, packages_skip_by_dep=None, packages_skip_up_to=None, packages_select_build_failed=False, packages_skip_build_finished=False, packages_select_test_failures=False, packages_skip_test_passed=False, packages_select=None, packages_skip=None, packages_select_regex=None, packages_skip_regex=None, packages_start=None, packages_end=None, allow_overriding=[], cmake_args=None, cmake_target=None, cmake_target_skip_unavailable=False, cmake_clean_cache=False, cmake_clean_first=False, cmake_force_configure=False, ament_cmake_args=None, catkin_cmake_args=None, catkin_skip_building_tests=False, verb_parser=<colcon_defaults.argument_parser.defaults.DefaultArgumentsDecorator object at 0x795c3ca6cb50>, verb_extension=<colcon_core.verb.build.BuildVerb object at 0x795c3ca6c5e0>, main=<bound method BuildVerb.main of <colcon_core.verb.build.BuildVerb object at 0x795c3ca6c5e0>>)
[0.163s] Level 1:colcon.colcon_core.package_discovery:discover_packages(colcon_meta) check parameters
[0.163s] Level 1:colcon.colcon_core.package_discovery:discover_packages(recursive) check parameters
[0.163s] Level 1:colcon.colcon_core.package_discovery:discover_packages(ignore) check parameters
[0.163s] Level 1:colcon.colcon_core.package_discovery:discover_packages(path) check parameters
[0.163s] Level 1:colcon.colcon_core.package_discovery:discover_packages(colcon_meta) discover
[0.163s] Level 1:colcon.colcon_core.package_discovery:discover_packages(recursive) discover
[0.163s] INFO:colcon.colcon_core.package_discovery:Crawling recursively for packages in '/home/dyj/rm2026/transistor_rm2026_algorithm_visual_ws'
[0.163s] Level 1:colcon.colcon_core.package_identification:_identify(.) by extensions ['ignore', 'ignore_ament_install']
[0.163s] Level 1:colcon.colcon_core.package_identification:_identify(.) by extension 'ignore'
[0.163s] Level 1:colcon.colcon_core.package_identification:_identify(.) by extension 'ignore_ament_install'
[0.163s] Level 1:colcon.colcon_core.package_identification:_identify(.) by extensions ['colcon_pkg']
[0.163s] Level 1:colcon.colcon_core.package_identification:_identify(.) by extension 'colcon_pkg'
[0.163s] Level 1:colcon.colcon_core.package_identification:_identify(.) by extensions ['colcon_meta']
[0.163s] Level 1:colcon.colcon_core.package_identification:_identify(.) by extension 'colcon_meta'
[0.163s] Level 1:colcon.colcon_core.package_identification:_identify(.) by extensions ['ros']
[0.163s] Level 1:colcon.colcon_core.package_identification:_identify(.) by extension 'ros'
[0.186s] Level 1:colcon.colcon_core.package_identification:_identify(.) by extensions ['cmake', 'python']
[0.186s] Level 1:colcon.colcon_core.package_identification:_identify(.) by extension 'cmake'
[0.186s] Level 1:colcon.colcon_core.package_identification:_identify(.) by extension 'python'
[0.186s] Level 1:colcon.colcon_core.package_identification:_identify(.) by extensions ['python_setup_py']
[0.186s] Level 1:colcon.colcon_core.package_identification:_identify(.) by extension 'python_setup_py'
[0.186s] Level 1:colcon.colcon_core.package_identification:_identify(InputVideo) by extensions ['ignore', 'ignore_ament_install']
[0.186s] Level 1:colcon.colcon_core.package_identification:_identify(InputVideo) by extension 'ignore'
[0.186s] Level 1:colcon.colcon_core.package_identification:_identify(InputVideo) by extension 'ignore_ament_install'
[0.186s] Level 1:colcon.colcon_core.package_identification:_identify(InputVideo) by extensions ['colcon_pkg']
[0.186s] Level 1:colcon.colcon_core.package_identification:_identify(InputVideo) by extension 'colcon_pkg'
[0.186s] Level 1:colcon.colcon_core.package_identification:_identify(InputVideo) by extensions ['colcon_meta']
[0.186s] Level 1:colcon.colcon_core.package_identification:_identify(InputVideo) by extension 'colcon_meta'
[0.186s] Level 1:colcon.colcon_core.package_identification:_identify(InputVideo) by extensions ['ros']
[0.186s] Level 1:colcon.colcon_core.package_identification:_identify(InputVideo) by extension 'ros'
[0.186s] Level 1:colcon.colcon_core.package_identification:_identify(InputVideo) by extensions ['cmake', 'python']
[0.186s] Level 1:colcon.colcon_core.package_identification:_identify(InputVideo) by extension 'cmake'
[0.186s] Level 1:colcon.colcon_core.package_identification:_identify(InputVideo) by extension 'python'
[0.186s] Level 1:colcon.colcon_core.package_identification:_identify(InputVideo) by extensions ['python_setup_py']
[0.186s] Level 1:colcon.colcon_core.package_identification:_identify(InputVideo) by extension 'python_setup_py'
[0.186s] Level 1:colcon.colcon_core.package_identification:_identify(build) by extensions ['ignore', 'ignore_ament_install']
[0.186s] Level 1:colcon.colcon_core.package_identification:_identify(build) by extension 'ignore'
[0.186s] Level 1:colcon.colcon_core.package_identification:_identify(build) ignored
[0.186s] Level 1:colcon.colcon_core.package_identification:_identify(install) by extensions ['ignore', 'ignore_ament_install']
[0.187s] Level 1:colcon.colcon_core.package_identification:_identify(install) by extension 'ignore'
[0.187s] Level 1:colcon.colcon_core.package_identification:_identify(install) ignored
[0.187s] Level 1:colcon.colcon_core.package_identification:_identify(log) by extensions ['ignore', 'ignore_ament_install']
[0.187s] Level 1:colcon.colcon_core.package_identification:_identify(log) by extension 'ignore'
[0.187s] Level 1:colcon.colcon_core.package_identification:_identify(log) ignored
[0.187s] Level 1:colcon.colcon_core.package_identification:_identify(network_input_images) by extensions ['ignore', 'ignore_ament_install']
[0.187s] Level 1:colcon.colcon_core.package_identification:_identify(network_input_images) by extension 'ignore'
[0.187s] Level 1:colcon.colcon_core.package_identification:_identify(network_input_images) by extension 'ignore_ament_install'
[0.187s] Level 1:colcon.colcon_core.package_identification:_identify(network_input_images) by extensions ['colcon_pkg']
[0.187s] Level 1:colcon.colcon_core.package_identification:_identify(network_input_images) by extension 'colcon_pkg'
[0.187s] Level 1:colcon.colcon_core.package_identification:_identify(network_input_images) by extensions ['colcon_meta']
[0.188s] Level 1:colcon.colcon_core.package_identification:_identify(network_input_images) by extension 'colcon_meta'
[0.188s] Level 1:colcon.colcon_core.package_identification:_identify(network_input_images) by extensions ['ros']
[0.188s] Level 1:colcon.colcon_core.package_identification:_identify(network_input_images) by extension 'ros'
[0.188s] Level 1:colcon.colcon_core.package_identification:_identify(network_input_images) by extensions ['cmake', 'python']
[0.188s] Level 1:colcon.colcon_core.package_identification:_identify(network_input_images) by extension 'cmake'
[0.188s] Level 1:colcon.colcon_core.package_identification:_identify(network_input_images) by extension 'python'
[0.188s] Level 1:colcon.colcon_core.package_identification:_identify(network_input_images) by extensions ['python_setup_py']
[0.188s] Level 1:colcon.colcon_core.package_identification:_identify(network_input_images) by extension 'python_setup_py'
[0.188s] Level 1:colcon.colcon_core.package_identification:_identify(other_files) by extensions ['ignore', 'ignore_ament_install']
[0.188s] Level 1:colcon.colcon_core.package_identification:_identify(other_files) by extension 'ignore'
[0.188s] Level 1:colcon.colcon_core.package_identification:_identify(other_files) ignored
[0.188s] Level 1:colcon.colcon_core.package_identification:_identify(src) by extensions ['ignore', 'ignore_ament_install']
[0.188s] Level 1:colcon.colcon_core.package_identification:_identify(src) by extension 'ignore'
[0.188s] Level 1:colcon.colcon_core.package_identification:_identify(src) by extension 'ignore_ament_install'
[0.188s] Level 1:colcon.colcon_core.package_identification:_identify(src) by extensions ['colcon_pkg']
[0.188s] Level 1:colcon.colcon_core.package_identification:_identify(src) by extension 'colcon_pkg'
[0.188s] Level 1:colcon.colcon_core.package_identification:_identify(src) by extensions ['colcon_meta']
[0.188s] Level 1:colcon.colcon_core.package_identification:_identify(src) by extension 'colcon_meta'
[0.188s] Level 1:colcon.colcon_core.package_identification:_identify(src) by extensions ['ros']
[0.188s] Level 1:colcon.colcon_core.package_identification:_identify(src) by extension 'ros'
[0.188s] Level 1:colcon.colcon_core.package_identification:_identify(src) by extensions ['cmake', 'python']
[0.188s] Level 1:colcon.colcon_core.package_identification:_identify(src) by extension 'cmake'
[0.188s] Level 1:colcon.colcon_core.package_identification:_identify(src) by extension 'python'
[0.188s] Level 1:colcon.colcon_core.package_identification:_identify(src) by extensions ['python_setup_py']
[0.188s] Level 1:colcon.colcon_core.package_identification:_identify(src) by extension 'python_setup_py'
[0.188s] Level 1:colcon.colcon_core.package_identification:_identify(src/auto_aim) by extensions ['ignore', 'ignore_ament_install']
[0.188s] Level 1:colcon.colcon_core.package_identification:_identify(src/auto_aim) by extension 'ignore'
[0.188s] Level 1:colcon.colcon_core.package_identification:_identify(src/auto_aim) by extension 'ignore_ament_install'
[0.188s] Level 1:colcon.colcon_core.package_identification:_identify(src/auto_aim) by extensions ['colcon_pkg']
[0.188s] Level 1:colcon.colcon_core.package_identification:_identify(src/auto_aim) by extension 'colcon_pkg'
[0.188s] Level 1:colcon.colcon_core.package_identification:_identify(src/auto_aim) by extensions ['colcon_meta']
[0.188s] Level 1:colcon.colcon_core.package_identification:_identify(src/auto_aim) by extension 'colcon_meta'
[0.188s] Level 1:colcon.colcon_core.package_identification:_identify(src/auto_aim) by extensions ['ros']
[0.188s] Level 1:colcon.colcon_core.package_identification:_identify(src/auto_aim) by extension 'ros'
[0.190s] DEBUG:colcon.colcon_core.package_identification:Package 'src/auto_aim' with type 'ros.ament_cmake' and name 'auto_aim'
[0.190s] Level 1:colcon.colcon_core.package_identification:_identify(src/shared_files) by extensions ['ignore', 'ignore_ament_install']
[0.190s] Level 1:colcon.colcon_core.package_identification:_identify(src/shared_files) by extension 'ignore'
[0.190s] Level 1:colcon.colcon_core.package_identification:_identify(src/shared_files) by extension 'ignore_ament_install'
[0.190s] Level 1:colcon.colcon_core.package_identification:_identify(src/shared_files) by extensions ['colcon_pkg']
[0.190s] Level 1:colcon.colcon_core.package_identification:_identify(src/shared_files) by extension 'colcon_pkg'
[0.190s] Level 1:colcon.colcon_core.package_identification:_identify(src/shared_files) by extensions ['colcon_meta']
[0.190s] Level 1:colcon.colcon_core.package_identification:_identify(src/shared_files) by extension 'colcon_meta'
[0.190s] Level 1:colcon.colcon_core.package_identification:_identify(src/shared_files) by extensions ['ros']
[0.190s] Level 1:colcon.colcon_core.package_identification:_identify(src/shared_files) by extension 'ros'
[0.190s] Level 1:colcon.colcon_core.package_identification:_identify(src/shared_files) by extensions ['cmake', 'python']
[0.190s] Level 1:colcon.colcon_core.package_identification:_identify(src/shared_files) by extension 'cmake'
[0.190s] Level 1:colcon.colcon_core.package_identification:_identify(src/shared_files) by extension 'python'
[0.190s] Level 1:colcon.colcon_core.package_identification:_identify(src/shared_files) by extensions ['python_setup_py']
[0.190s] Level 1:colcon.colcon_core.package_identification:_identify(src/shared_files) by extension 'python_setup_py'
[0.191s] Level 1:colcon.colcon_core.package_identification:_identify(src/shared_files/models) by extensions ['ignore', 'ignore_ament_install']
[0.191s] Level 1:colcon.colcon_core.package_identification:_identify(src/shared_files/models) by extension 'ignore'
[0.191s] Level 1:colcon.colcon_core.package_identification:_identify(src/shared_files/models) by extension 'ignore_ament_install'
[0.191s] Level 1:colcon.colcon_core.package_identification:_identify(src/shared_files/models) by extensions ['colcon_pkg']
[0.191s] Level 1:colcon.colcon_core.package_identification:_identify(src/shared_files/models) by extension 'colcon_pkg'
[0.191s] Level 1:colcon.colcon_core.package_identification:_identify(src/shared_files/models) by extensions ['colcon_meta']
[0.191s] Level 1:colcon.colcon_core.package_identification:_identify(src/shared_files/models) by extension 'colcon_meta'
[0.191s] Level 1:colcon.colcon_core.package_identification:_identify(src/shared_files/models) by extensions ['ros']
[0.191s] Level 1:colcon.colcon_core.package_identification:_identify(src/shared_files/models) by extension 'ros'
[0.191s] Level 1:colcon.colcon_core.package_identification:_identify(src/shared_files/models) by extensions ['cmake', 'python']
[0.191s] Level 1:colcon.colcon_core.package_identification:_identify(src/shared_files/models) by extension 'cmake'
[0.191s] Level 1:colcon.colcon_core.package_identification:_identify(src/shared_files/models) by extension 'python'
[0.191s] Level 1:colcon.colcon_core.package_identification:_identify(src/shared_files/models) by extensions ['python_setup_py']
[0.191s] Level 1:colcon.colcon_core.package_identification:_identify(src/shared_files/models) by extension 'python_setup_py'
[0.191s] Level 1:colcon.colcon_core.package_identification:_identify(src/shm_pytorch_processor_pkg) by extensions ['ignore', 'ignore_ament_install']
[0.191s] Level 1:colcon.colcon_core.package_identification:_identify(src/shm_pytorch_processor_pkg) by extension 'ignore'
[0.191s] Level 1:colcon.colcon_core.package_identification:_identify(src/shm_pytorch_processor_pkg) by extension 'ignore_ament_install'
[0.191s] Level 1:colcon.colcon_core.package_identification:_identify(src/shm_pytorch_processor_pkg) by extensions ['colcon_pkg']
[0.191s] Level 1:colcon.colcon_core.package_identification:_identify(src/shm_pytorch_processor_pkg) by extension 'colcon_pkg'
[0.191s] Level 1:colcon.colcon_core.package_identification:_identify(src/shm_pytorch_processor_pkg) by extensions ['colcon_meta']
[0.191s] Level 1:colcon.colcon_core.package_identification:_identify(src/shm_pytorch_processor_pkg) by extension 'colcon_meta'
[0.191s] Level 1:colcon.colcon_core.package_identification:_identify(src/shm_pytorch_processor_pkg) by extensions ['ros']
[0.191s] Level 1:colcon.colcon_core.package_identification:_identify(src/shm_pytorch_processor_pkg) by extension 'ros'
[0.191s] DEBUG:colcon.colcon_core.package_identification:Package 'src/shm_pytorch_processor_pkg' with type 'ros.ament_python' and name 'shm_pytorch_processor_pkg'
[0.191s] Level 1:colcon.colcon_core.package_discovery:discover_packages(recursive) using defaults
[0.192s] Level 1:colcon.colcon_core.package_discovery:discover_packages(ignore) discover
[0.192s] Level 1:colcon.colcon_core.package_discovery:discover_packages(ignore) using defaults
[0.192s] Level 1:colcon.colcon_core.package_discovery:discover_packages(path) discover
[0.192s] Level 1:colcon.colcon_core.package_discovery:discover_packages(path) using defaults
[0.204s] Level 1:colcon.colcon_core.package_discovery:discover_packages(prefix_path) check parameters
[0.204s] Level 1:colcon.colcon_core.package_discovery:discover_packages(prefix_path) discover
[0.204s] WARNING:colcon.colcon_ros.prefix_path.catkin:The path '/home/dyj/libtorch/share/cmake/Torch' in the environment variable CMAKE_PREFIX_PATH doesn't exist
[0.205s] DEBUG:colcon.colcon_installed_package_information.package_discovery:Found 198 installed packages in /opt/ros/humble
[0.205s] Level 1:colcon.colcon_core.package_discovery:discover_packages(prefix_path) using defaults
[0.219s] Level 5:colcon.colcon_core.verb:set package 'auto_aim' build argument 'cmake_args' from command line to 'None'
[0.219s] Level 5:colcon.colcon_core.verb:set package 'auto_aim' build argument 'cmake_target' from command line to 'None'
[0.219s] Level 5:colcon.colcon_core.verb:set package 'auto_aim' build argument 'cmake_target_skip_unavailable' from command line to 'False'
[0.219s] Level 5:colcon.colcon_core.verb:set package 'auto_aim' build argument 'cmake_clean_cache' from command line to 'False'
[0.219s] Level 5:colcon.colcon_core.verb:set package 'auto_aim' build argument 'cmake_clean_first' from command line to 'False'
[0.219s] Level 5:colcon.colcon_core.verb:set package 'auto_aim' build argument 'cmake_force_configure' from command line to 'False'
[0.219s] Level 5:colcon.colcon_core.verb:set package 'auto_aim' build argument 'ament_cmake_args' from command line to 'None'
[0.219s] Level 5:colcon.colcon_core.verb:set package 'auto_aim' build argument 'catkin_cmake_args' from command line to 'None'
[0.219s] Level 5:colcon.colcon_core.verb:set package 'auto_aim' build argument 'catkin_skip_building_tests' from command line to 'False'
[0.219s] DEBUG:colcon.colcon_core.verb:Building package 'auto_aim' with the following arguments: {'ament_cmake_args': None, 'build_base': '/home/dyj/rm2026/transistor_rm2026_algorithm_visual_ws/build/auto_aim', 'catkin_cmake_args': None, 'catkin_skip_building_tests': False, 'cmake_args': None, 'cmake_clean_cache': False, 'cmake_clean_first': False, 'cmake_force_configure': False, 'cmake_target': None, 'cmake_target_skip_unavailable': False, 'install_base': '/home/dyj/rm2026/transistor_rm2026_algorithm_visual_ws/install/auto_aim', 'merge_install': False, 'path': '/home/dyj/rm2026/transistor_rm2026_algorithm_visual_ws/src/auto_aim', 'symlink_install': False, 'test_result_base': None}
[0.219s] Level 5:colcon.colcon_core.verb:set package 'shm_pytorch_processor_pkg' build argument 'cmake_args' from command line to 'None'
[0.219s] Level 5:colcon.colcon_core.verb:set package 'shm_pytorch_processor_pkg' build argument 'cmake_target' from command line to 'None'
[0.219s] Level 5:colcon.colcon_core.verb:set package 'shm_pytorch_processor_pkg' build argument 'cmake_target_skip_unavailable' from command line to 'False'
[0.219s] Level 5:colcon.colcon_core.verb:set package 'shm_pytorch_processor_pkg' build argument 'cmake_clean_cache' from command line to 'False'
[0.219s] Level 5:colcon.colcon_core.verb:set package 'shm_pytorch_processor_pkg' build argument 'cmake_clean_first' from command line to 'False'
[0.219s] Level 5:colcon.colcon_core.verb:set package 'shm_pytorch_processor_pkg' build argument 'cmake_force_configure' from command line to 'False'
[0.219s] Level 5:colcon.colcon_core.verb:set package 'shm_pytorch_processor_pkg' build argument 'ament_cmake_args' from command line to 'None'
[0.219s] Level 5:colcon.colcon_core.verb:set package 'shm_pytorch_processor_pkg' build argument 'catkin_cmake_args' from command line to 'None'
[0.219s] Level 5:colcon.colcon_core.verb:set package 'shm_pytorch_processor_pkg' build argument 'catkin_skip_building_tests' from command line to 'False'
[0.219s] DEBUG:colcon.colcon_core.verb:Building package 'shm_pytorch_processor_pkg' with the following arguments: {'ament_cmake_args': None, 'build_base': '/home/dyj/rm2026/transistor_rm2026_algorithm_visual_ws/build/shm_pytorch_processor_pkg', 'catkin_cmake_args': None, 'catkin_skip_building_tests': False, 'cmake_args': None, 'cmake_clean_cache': False, 'cmake_clean_first': False, 'cmake_force_configure': False, 'cmake_target': None, 'cmake_target_skip_unavailable': False, 'install_base': '/home/dyj/rm2026/transistor_rm2026_algorithm_visual_ws/install/shm_pytorch_processor_pkg', 'merge_install': False, 'path': '/home/dyj/rm2026/transistor_rm2026_algorithm_visual_ws/src/shm_pytorch_processor_pkg', 'symlink_install': False, 'test_result_base': None}
[0.219s] INFO:colcon.colcon_core.executor:Executing jobs using 'parallel' executor
[0.220s] DEBUG:colcon.colcon_parallel_executor.executor.parallel:run_until_complete
[0.220s] INFO:colcon.colcon_ros.task.ament_cmake.build:Building ROS package in '/home/dyj/rm2026/transistor_rm2026_algorithm_visual_ws/src/auto_aim' with build type 'ament_cmake'
[0.220s] INFO:colcon.colcon_cmake.task.cmake.build:Building CMake package in '/home/dyj/rm2026/transistor_rm2026_algorithm_visual_ws/src/auto_aim'
[0.221s] INFO:colcon.colcon_core.plugin_system:Skipping extension 'colcon_core.shell.bat': Not used on non-Windows systems
[0.221s] INFO:colcon.colcon_core.shell:Skip shell extension 'powershell' for command environment: Not usable outside of PowerShell
[0.222s] DEBUG:colcon.colcon_core.shell:Skip shell extension 'dsv' for command environment
[0.223s] INFO:colcon.colcon_ros.task.ament_python.build:Building ROS package in '/home/dyj/rm2026/transistor_rm2026_algorithm_visual_ws/src/shm_pytorch_processor_pkg' with build type 'ament_python'
[0.223s] Level 1:colcon.colcon_core.shell:create_environment_hook('shm_pytorch_processor_pkg', 'ament_prefix_path')
[0.223s] INFO:colcon.colcon_core.shell:Creating environment hook '/home/dyj/rm2026/transistor_rm2026_algorithm_visual_ws/install/shm_pytorch_processor_pkg/share/shm_pytorch_processor_pkg/hook/ament_prefix_path.ps1'
[0.224s] INFO:colcon.colcon_core.shell:Creating environment descriptor '/home/dyj/rm2026/transistor_rm2026_algorithm_visual_ws/install/shm_pytorch_processor_pkg/share/shm_pytorch_processor_pkg/hook/ament_prefix_path.dsv'
[0.224s] INFO:colcon.colcon_core.shell:Creating environment hook '/home/dyj/rm2026/transistor_rm2026_algorithm_visual_ws/install/shm_pytorch_processor_pkg/share/shm_pytorch_processor_pkg/hook/ament_prefix_path.sh'
[0.224s] INFO:colcon.colcon_core.shell:Skip shell extension 'powershell' for command environment: Not usable outside of PowerShell
[0.224s] DEBUG:colcon.colcon_core.shell:Skip shell extension 'dsv' for command environment
[0.229s] DEBUG:colcon.colcon_core.event_handler.log_command:Invoking command in '/home/dyj/rm2026/transistor_rm2026_algorithm_visual_ws/build/auto_aim': CMAKE_PREFIX_PATH=${CMAKE_PREFIX_PATH}:/opt/ros/humble /usr/bin/cmake --build /home/dyj/rm2026/transistor_rm2026_algorithm_visual_ws/build/auto_aim -- -j12 -l12
[0.388s] INFO:colcon.colcon_core.task.python.build:Building Python package in '/home/dyj/rm2026/transistor_rm2026_algorithm_visual_ws/src/shm_pytorch_processor_pkg'
[0.388s] INFO:colcon.colcon_core.shell:Skip shell extension 'powershell' for command environment: Not usable outside of PowerShell
[0.388s] DEBUG:colcon.colcon_core.shell:Skip shell extension 'dsv' for command environment
[0.617s] DEBUG:colcon.colcon_core.event_handler.log_command:Invoking command in '/home/dyj/rm2026/transistor_rm2026_algorithm_visual_ws/src/shm_pytorch_processor_pkg': PYTHONPATH=/home/dyj/rm2026/transistor_rm2026_algorithm_visual_ws/build/shm_pytorch_processor_pkg/prefix_override:/usr/lib/python3/dist-packages/colcon_core/task/python/colcon_distutils_commands:/home/dyj/rm2026/transistor_rm2026_algorithm_visual_ws/install/shm_pytorch_processor_pkg/lib/python3.10/site-packages:${PYTHONPATH} /usr/bin/python3 -W ignore:setup.py install is deprecated -W ignore:easy_install command is deprecated setup.py egg_info --egg-base ../../build/shm_pytorch_processor_pkg build --build-base /home/dyj/rm2026/transistor_rm2026_algorithm_visual_ws/build/shm_pytorch_processor_pkg/build install --record /home/dyj/rm2026/transistor_rm2026_algorithm_visual_ws/build/shm_pytorch_processor_pkg/install.log --single-version-externally-managed install_data
[0.823s] DEBUG:colcon.colcon_core.event_handler.log_command:Invoked command in '/home/dyj/rm2026/transistor_rm2026_algorithm_visual_ws/src/shm_pytorch_processor_pkg' returned '0': PYTHONPATH=/home/dyj/rm2026/transistor_rm2026_algorithm_visual_ws/build/shm_pytorch_processor_pkg/prefix_override:/usr/lib/python3/dist-packages/colcon_core/task/python/colcon_distutils_commands:/home/dyj/rm2026/transistor_rm2026_algorithm_visual_ws/install/shm_pytorch_processor_pkg/lib/python3.10/site-packages:${PYTHONPATH} /usr/bin/python3 -W ignore:setup.py install is deprecated -W ignore:easy_install command is deprecated setup.py egg_info --egg-base ../../build/shm_pytorch_processor_pkg build --build-base /home/dyj/rm2026/transistor_rm2026_algorithm_visual_ws/build/shm_pytorch_processor_pkg/build install --record /home/dyj/rm2026/transistor_rm2026_algorithm_visual_ws/build/shm_pytorch_processor_pkg/install.log --single-version-externally-managed install_data
[0.825s] Level 1:colcon.colcon_core.environment:checking '/home/dyj/rm2026/transistor_rm2026_algorithm_visual_ws/install/shm_pytorch_processor_pkg' for CMake module files
[0.825s] Level 1:colcon.colcon_core.environment:checking '/home/dyj/rm2026/transistor_rm2026_algorithm_visual_ws/install/shm_pytorch_processor_pkg' for CMake config files
[0.826s] Level 1:colcon.colcon_core.environment:checking '/home/dyj/rm2026/transistor_rm2026_algorithm_visual_ws/install/shm_pytorch_processor_pkg/lib'
[0.826s] Level 1:colcon.colcon_core.environment:checking '/home/dyj/rm2026/transistor_rm2026_algorithm_visual_ws/install/shm_pytorch_processor_pkg/bin'
[0.826s] Level 1:colcon.colcon_core.environment:checking '/home/dyj/rm2026/transistor_rm2026_algorithm_visual_ws/install/shm_pytorch_processor_pkg/lib/pkgconfig/shm_pytorch_processor_pkg.pc'
[0.827s] Level 1:colcon.colcon_core.environment:checking '/home/dyj/rm2026/transistor_rm2026_algorithm_visual_ws/install/shm_pytorch_processor_pkg/lib/python3.10/site-packages'
[0.827s] Level 1:colcon.colcon_core.shell:create_environment_hook('shm_pytorch_processor_pkg', 'pythonpath')
[0.827s] INFO:colcon.colcon_core.shell:Creating environment hook '/home/dyj/rm2026/transistor_rm2026_algorithm_visual_ws/install/shm_pytorch_processor_pkg/share/shm_pytorch_processor_pkg/hook/pythonpath.ps1'
[0.827s] INFO:colcon.colcon_core.shell:Creating environment descriptor '/home/dyj/rm2026/transistor_rm2026_algorithm_visual_ws/install/shm_pytorch_processor_pkg/share/shm_pytorch_processor_pkg/hook/pythonpath.dsv'
[0.828s] INFO:colcon.colcon_core.shell:Creating environment hook '/home/dyj/rm2026/transistor_rm2026_algorithm_visual_ws/install/shm_pytorch_processor_pkg/share/shm_pytorch_processor_pkg/hook/pythonpath.sh'
[0.828s] Level 1:colcon.colcon_core.environment:checking '/home/dyj/rm2026/transistor_rm2026_algorithm_visual_ws/install/shm_pytorch_processor_pkg/bin'
[0.828s] Level 1:colcon.colcon_core.environment:create_environment_scripts_only(shm_pytorch_processor_pkg)
[0.829s] INFO:colcon.colcon_core.shell:Creating package script '/home/dyj/rm2026/transistor_rm2026_algorithm_visual_ws/install/shm_pytorch_processor_pkg/share/shm_pytorch_processor_pkg/package.ps1'
[0.830s] INFO:colcon.colcon_core.shell:Creating package descriptor '/home/dyj/rm2026/transistor_rm2026_algorithm_visual_ws/install/shm_pytorch_processor_pkg/share/shm_pytorch_processor_pkg/package.dsv'
[0.830s] INFO:colcon.colcon_core.shell:Creating package script '/home/dyj/rm2026/transistor_rm2026_algorithm_visual_ws/install/shm_pytorch_processor_pkg/share/shm_pytorch_processor_pkg/package.sh'
[0.831s] INFO:colcon.colcon_core.shell:Creating package script '/home/dyj/rm2026/transistor_rm2026_algorithm_visual_ws/install/shm_pytorch_processor_pkg/share/shm_pytorch_processor_pkg/package.bash'
[0.832s] INFO:colcon.colcon_core.shell:Creating package script '/home/dyj/rm2026/transistor_rm2026_algorithm_visual_ws/install/shm_pytorch_processor_pkg/share/shm_pytorch_processor_pkg/package.zsh'
[0.832s] Level 1:colcon.colcon_core.environment:create_file_with_runtime_dependencies(/home/dyj/rm2026/transistor_rm2026_algorithm_visual_ws/install/shm_pytorch_processor_pkg/share/colcon-core/packages/shm_pytorch_processor_pkg)
[13.902s] DEBUG:colcon.colcon_core.event_handler.log_command:Invoked command in '/home/dyj/rm2026/transistor_rm2026_algorithm_visual_ws/build/auto_aim' returned '0': CMAKE_PREFIX_PATH=${CMAKE_PREFIX_PATH}:/opt/ros/humble /usr/bin/cmake --build /home/dyj/rm2026/transistor_rm2026_algorithm_visual_ws/build/auto_aim -- -j12 -l12
[13.906s] DEBUG:colcon.colcon_core.event_handler.log_command:Invoking command in '/home/dyj/rm2026/transistor_rm2026_algorithm_visual_ws/build/auto_aim': CMAKE_PREFIX_PATH=${CMAKE_PREFIX_PATH}:/opt/ros/humble /usr/bin/cmake --install /home/dyj/rm2026/transistor_rm2026_algorithm_visual_ws/build/auto_aim
[13.910s] Level 1:colcon.colcon_core.environment:create_environment_scripts_only(auto_aim)
[13.910s] Level 1:colcon.colcon_core.environment:checking '/home/dyj/rm2026/transistor_rm2026_algorithm_visual_ws/install/auto_aim' for CMake module files
[13.911s] DEBUG:colcon.colcon_core.event_handler.log_command:Invoked command in '/home/dyj/rm2026/transistor_rm2026_algorithm_visual_ws/build/auto_aim' returned '0': CMAKE_PREFIX_PATH=${CMAKE_PREFIX_PATH}:/opt/ros/humble /usr/bin/cmake --install /home/dyj/rm2026/transistor_rm2026_algorithm_visual_ws/build/auto_aim
[13.911s] Level 1:colcon.colcon_core.environment:checking '/home/dyj/rm2026/transistor_rm2026_algorithm_visual_ws/install/auto_aim' for CMake config files
[13.911s] Level 1:colcon.colcon_core.shell:create_environment_hook('auto_aim', 'cmake_prefix_path')
[13.911s] INFO:colcon.colcon_core.shell:Creating environment hook '/home/dyj/rm2026/transistor_rm2026_algorithm_visual_ws/install/auto_aim/share/auto_aim/hook/cmake_prefix_path.ps1'
[13.911s] INFO:colcon.colcon_core.shell:Creating environment descriptor '/home/dyj/rm2026/transistor_rm2026_algorithm_visual_ws/install/auto_aim/share/auto_aim/hook/cmake_prefix_path.dsv'
[13.912s] INFO:colcon.colcon_core.shell:Creating environment hook '/home/dyj/rm2026/transistor_rm2026_algorithm_visual_ws/install/auto_aim/share/auto_aim/hook/cmake_prefix_path.sh'
[13.912s] Level 1:colcon.colcon_core.environment:checking '/home/dyj/rm2026/transistor_rm2026_algorithm_visual_ws/install/auto_aim/lib'
[13.912s] Level 1:colcon.colcon_core.shell:create_environment_hook('auto_aim', 'ld_library_path_lib')
[13.912s] INFO:colcon.colcon_core.shell:Creating environment hook '/home/dyj/rm2026/transistor_rm2026_algorithm_visual_ws/install/auto_aim/share/auto_aim/hook/ld_library_path_lib.ps1'
[13.912s] INFO:colcon.colcon_core.shell:Creating environment descriptor '/home/dyj/rm2026/transistor_rm2026_algorithm_visual_ws/install/auto_aim/share/auto_aim/hook/ld_library_path_lib.dsv'
[13.913s] INFO:colcon.colcon_core.shell:Creating environment hook '/home/dyj/rm2026/transistor_rm2026_algorithm_visual_ws/install/auto_aim/share/auto_aim/hook/ld_library_path_lib.sh'
[13.913s] Level 1:colcon.colcon_core.environment:checking '/home/dyj/rm2026/transistor_rm2026_algorithm_visual_ws/install/auto_aim/bin'
[13.913s] Level 1:colcon.colcon_core.environment:checking '/home/dyj/rm2026/transistor_rm2026_algorithm_visual_ws/install/auto_aim/lib/pkgconfig/auto_aim.pc'
[13.913s] Level 1:colcon.colcon_core.environment:checking '/home/dyj/rm2026/transistor_rm2026_algorithm_visual_ws/install/auto_aim/lib/python3.10/site-packages'
[13.913s] Level 1:colcon.colcon_core.environment:checking '/home/dyj/rm2026/transistor_rm2026_algorithm_visual_ws/install/auto_aim/bin'
[13.913s] INFO:colcon.colcon_core.shell:Creating package script '/home/dyj/rm2026/transistor_rm2026_algorithm_visual_ws/install/auto_aim/share/auto_aim/package.ps1'
[13.913s] INFO:colcon.colcon_core.shell:Creating package descriptor '/home/dyj/rm2026/transistor_rm2026_algorithm_visual_ws/install/auto_aim/share/auto_aim/package.dsv'
[13.914s] INFO:colcon.colcon_core.shell:Creating package script '/home/dyj/rm2026/transistor_rm2026_algorithm_visual_ws/install/auto_aim/share/auto_aim/package.sh'
[13.914s] INFO:colcon.colcon_core.shell:Creating package script '/home/dyj/rm2026/transistor_rm2026_algorithm_visual_ws/install/auto_aim/share/auto_aim/package.bash'
[13.914s] INFO:colcon.colcon_core.shell:Creating package script '/home/dyj/rm2026/transistor_rm2026_algorithm_visual_ws/install/auto_aim/share/auto_aim/package.zsh'
[13.914s] Level 1:colcon.colcon_core.environment:create_file_with_runtime_dependencies(/home/dyj/rm2026/transistor_rm2026_algorithm_visual_ws/install/auto_aim/share/colcon-core/packages/auto_aim)
[13.915s] Level 1:colcon.colcon_core.environment:create_environment_scripts_only(auto_aim)
[13.915s] Level 1:colcon.colcon_core.environment:checking '/home/dyj/rm2026/transistor_rm2026_algorithm_visual_ws/install/auto_aim' for CMake module files
[13.915s] Level 1:colcon.colcon_core.environment:checking '/home/dyj/rm2026/transistor_rm2026_algorithm_visual_ws/install/auto_aim' for CMake config files
[13.915s] Level 1:colcon.colcon_core.shell:create_environment_hook('auto_aim', 'cmake_prefix_path')
[13.915s] INFO:colcon.colcon_core.shell:Creating environment hook '/home/dyj/rm2026/transistor_rm2026_algorithm_visual_ws/install/auto_aim/share/auto_aim/hook/cmake_prefix_path.ps1'
[13.915s] INFO:colcon.colcon_core.shell:Creating environment descriptor '/home/dyj/rm2026/transistor_rm2026_algorithm_visual_ws/install/auto_aim/share/auto_aim/hook/cmake_prefix_path.dsv'
[13.916s] INFO:colcon.colcon_core.shell:Creating environment hook '/home/dyj/rm2026/transistor_rm2026_algorithm_visual_ws/install/auto_aim/share/auto_aim/hook/cmake_prefix_path.sh'
[13.916s] Level 1:colcon.colcon_core.environment:checking '/home/dyj/rm2026/transistor_rm2026_algorithm_visual_ws/install/auto_aim/lib'
[13.916s] Level 1:colcon.colcon_core.shell:create_environment_hook('auto_aim', 'ld_library_path_lib')
[13.916s] INFO:colcon.colcon_core.shell:Creating environment hook '/home/dyj/rm2026/transistor_rm2026_algorithm_visual_ws/install/auto_aim/share/auto_aim/hook/ld_library_path_lib.ps1'
[13.916s] INFO:colcon.colcon_core.shell:Creating environment descriptor '/home/dyj/rm2026/transistor_rm2026_algorithm_visual_ws/install/auto_aim/share/auto_aim/hook/ld_library_path_lib.dsv'
[13.916s] INFO:colcon.colcon_core.shell:Creating environment hook '/home/dyj/rm2026/transistor_rm2026_algorithm_visual_ws/install/auto_aim/share/auto_aim/hook/ld_library_path_lib.sh'
[13.917s] Level 1:colcon.colcon_core.environment:checking '/home/dyj/rm2026/transistor_rm2026_algorithm_visual_ws/install/auto_aim/bin'
[13.917s] Level 1:colcon.colcon_core.environment:checking '/home/dyj/rm2026/transistor_rm2026_algorithm_visual_ws/install/auto_aim/lib/pkgconfig/auto_aim.pc'
[13.917s] Level 1:colcon.colcon_core.environment:checking '/home/dyj/rm2026/transistor_rm2026_algorithm_visual_ws/install/auto_aim/lib/python3.10/site-packages'
[13.917s] Level 1:colcon.colcon_core.environment:checking '/home/dyj/rm2026/transistor_rm2026_algorithm_visual_ws/install/auto_aim/bin'
[13.917s] INFO:colcon.colcon_core.shell:Creating package script '/home/dyj/rm2026/transistor_rm2026_algorithm_visual_ws/install/auto_aim/share/auto_aim/package.ps1'
[13.917s] INFO:colcon.colcon_core.shell:Creating package descriptor '/home/dyj/rm2026/transistor_rm2026_algorithm_visual_ws/install/auto_aim/share/auto_aim/package.dsv'
[13.918s] INFO:colcon.colcon_core.shell:Creating package script '/home/dyj/rm2026/transistor_rm2026_algorithm_visual_ws/install/auto_aim/share/auto_aim/package.sh'
[13.918s] INFO:colcon.colcon_core.shell:Creating package script '/home/dyj/rm2026/transistor_rm2026_algorithm_visual_ws/install/auto_aim/share/auto_aim/package.bash'
[13.918s] INFO:colcon.colcon_core.shell:Creating package script '/home/dyj/rm2026/transistor_rm2026_algorithm_visual_ws/install/auto_aim/share/auto_aim/package.zsh'
[13.918s] Level 1:colcon.colcon_core.environment:create_file_with_runtime_dependencies(/home/dyj/rm2026/transistor_rm2026_algorithm_visual_ws/install/auto_aim/share/colcon-core/packages/auto_aim)
[13.919s] DEBUG:colcon.colcon_parallel_executor.executor.parallel:closing loop
[13.919s] DEBUG:colcon.colcon_parallel_executor.executor.parallel:loop closed
[13.919s] DEBUG:colcon.colcon_parallel_executor.executor.parallel:run_until_complete finished with '0'
[13.919s] DEBUG:colcon.colcon_core.event_reactor:joining thread
[13.922s] INFO:colcon.colcon_core.plugin_system:Skipping extension 'colcon_notification.desktop_notification.terminal_notifier': Not used on non-Darwin systems
[13.922s] INFO:colcon.colcon_core.plugin_system:Skipping extension 'colcon_notification.desktop_notification.win32': Not used on non-Windows systems
[13.922s] INFO:colcon.colcon_notification.desktop_notification:Sending desktop notification using 'notify2'
[13.929s] DEBUG:colcon.colcon_core.event_reactor:joined thread
[13.929s] INFO:colcon.colcon_core.shell:Creating prefix script '/home/dyj/rm2026/transistor_rm2026_algorithm_visual_ws/install/local_setup.ps1'
[13.930s] INFO:colcon.colcon_core.shell:Creating prefix util module '/home/dyj/rm2026/transistor_rm2026_algorithm_visual_ws/install/_local_setup_util_ps1.py'
[13.931s] INFO:colcon.colcon_core.shell:Creating prefix chain script '/home/dyj/rm2026/transistor_rm2026_algorithm_visual_ws/install/setup.ps1'
[13.931s] INFO:colcon.colcon_core.shell:Creating prefix script '/home/dyj/rm2026/transistor_rm2026_algorithm_visual_ws/install/local_setup.sh'
[13.932s] INFO:colcon.colcon_core.shell:Creating prefix util module '/home/dyj/rm2026/transistor_rm2026_algorithm_visual_ws/install/_local_setup_util_sh.py'
[13.932s] INFO:colcon.colcon_core.shell:Creating prefix chain script '/home/dyj/rm2026/transistor_rm2026_algorithm_visual_ws/install/setup.sh'
[13.932s] INFO:colcon.colcon_core.shell:Creating prefix script '/home/dyj/rm2026/transistor_rm2026_algorithm_visual_ws/install/local_setup.bash'
[13.933s] INFO:colcon.colcon_core.shell:Creating prefix chain script '/home/dyj/rm2026/transistor_rm2026_algorithm_visual_ws/install/setup.bash'
[13.933s] INFO:colcon.colcon_core.shell:Creating prefix script '/home/dyj/rm2026/transistor_rm2026_algorithm_visual_ws/install/local_setup.zsh'
[13.933s] INFO:colcon.colcon_core.shell:Creating prefix chain script '/home/dyj/rm2026/transistor_rm2026_algorithm_visual_ws/install/setup.zsh'
