[0.074s] DEBUG:colcon:Command line arguments: ['/usr/bin/colcon', 'build']
[0.074s] DEBUG:colcon:Parsed command line arguments: Namespace(log_base=None, log_level=None, verb_name='build', build_base='build', install_base='install', merge_install=False, symlink_install=False, test_result_base=None, continue_on_error=False, executor='parallel', parallel_workers=12, event_handlers=None, ignore_user_meta=False, metas=['./colcon.meta'], base_paths=['.'], packages_ignore=None, packages_ignore_regex=None, paths=None, packages_up_to=None, packages_up_to_regex=None, packages_above=None, packages_above_and_dependencies=None, packages_above_depth=None, packages_select_by_dep=None, packages_skip_by_dep=None, packages_skip_up_to=None, packages_select_build_failed=False, packages_skip_build_finished=False, packages_select_test_failures=False, packages_skip_test_passed=False, packages_select=None, packages_skip=None, packages_select_regex=None, packages_skip_regex=None, packages_start=None, packages_end=None, allow_overriding=[], cmake_args=None, cmake_target=None, cmake_target_skip_unavailable=False, cmake_clean_cache=False, cmake_clean_first=False, cmake_force_configure=False, ament_cmake_args=None, catkin_cmake_args=None, catkin_skip_building_tests=False, verb_parser=<colcon_defaults.argument_parser.defaults.DefaultArgumentsDecorator object at 0x7cebf2d68c40>, verb_extension=<colcon_core.verb.build.BuildVerb object at 0x7cebf2d68760>, main=<bound method BuildVerb.main of <colcon_core.verb.build.BuildVerb object at 0x7cebf2d68760>>)
[0.237s] Level 1:colcon.colcon_core.package_discovery:discover_packages(colcon_meta) check parameters
[0.237s] Level 1:colcon.colcon_core.package_discovery:discover_packages(recursive) check parameters
[0.238s] Level 1:colcon.colcon_core.package_discovery:discover_packages(ignore) check parameters
[0.238s] Level 1:colcon.colcon_core.package_discovery:discover_packages(path) check parameters
[0.238s] Level 1:colcon.colcon_core.package_discovery:discover_packages(colcon_meta) discover
[0.238s] Level 1:colcon.colcon_core.package_discovery:discover_packages(recursive) discover
[0.238s] INFO:colcon.colcon_core.package_discovery:Crawling recursively for packages in '/home/dyj/rm2026/transistor_rm2026_algorithm_visual_ws'
[0.238s] Level 1:colcon.colcon_core.package_identification:_identify(.) by extensions ['ignore', 'ignore_ament_install']
[0.238s] Level 1:colcon.colcon_core.package_identification:_identify(.) by extension 'ignore'
[0.238s] Level 1:colcon.colcon_core.package_identification:_identify(.) by extension 'ignore_ament_install'
[0.238s] Level 1:colcon.colcon_core.package_identification:_identify(.) by extensions ['colcon_pkg']
[0.238s] Level 1:colcon.colcon_core.package_identification:_identify(.) by extension 'colcon_pkg'
[0.238s] Level 1:colcon.colcon_core.package_identification:_identify(.) by extensions ['colcon_meta']
[0.238s] Level 1:colcon.colcon_core.package_identification:_identify(.) by extension 'colcon_meta'
[0.238s] Level 1:colcon.colcon_core.package_identification:_identify(.) by extensions ['ros']
[0.238s] Level 1:colcon.colcon_core.package_identification:_identify(.) by extension 'ros'
[0.246s] Level 1:colcon.colcon_core.package_identification:_identify(.) by extensions ['cmake', 'python']
[0.246s] Level 1:colcon.colcon_core.package_identification:_identify(.) by extension 'cmake'
[0.247s] Level 1:colcon.colcon_core.package_identification:_identify(.) by extension 'python'
[0.247s] Level 1:colcon.colcon_core.package_identification:_identify(.) by extensions ['python_setup_py']
[0.247s] Level 1:colcon.colcon_core.package_identification:_identify(.) by extension 'python_setup_py'
[0.247s] Level 1:colcon.colcon_core.package_identification:_identify(build) by extensions ['ignore', 'ignore_ament_install']
[0.247s] Level 1:colcon.colcon_core.package_identification:_identify(build) by extension 'ignore'
[0.247s] Level 1:colcon.colcon_core.package_identification:_identify(build) ignored
[0.247s] Level 1:colcon.colcon_core.package_identification:_identify(install) by extensions ['ignore', 'ignore_ament_install']
[0.247s] Level 1:colcon.colcon_core.package_identification:_identify(install) by extension 'ignore'
[0.247s] Level 1:colcon.colcon_core.package_identification:_identify(install) ignored
[0.247s] Level 1:colcon.colcon_core.package_identification:_identify(log) by extensions ['ignore', 'ignore_ament_install']
[0.247s] Level 1:colcon.colcon_core.package_identification:_identify(log) by extension 'ignore'
[0.247s] Level 1:colcon.colcon_core.package_identification:_identify(log) ignored
[0.248s] Level 1:colcon.colcon_core.package_identification:_identify(network_input_images) by extensions ['ignore', 'ignore_ament_install']
[0.248s] Level 1:colcon.colcon_core.package_identification:_identify(network_input_images) by extension 'ignore'
[0.248s] Level 1:colcon.colcon_core.package_identification:_identify(network_input_images) by extension 'ignore_ament_install'
[0.248s] Level 1:colcon.colcon_core.package_identification:_identify(network_input_images) by extensions ['colcon_pkg']
[0.248s] Level 1:colcon.colcon_core.package_identification:_identify(network_input_images) by extension 'colcon_pkg'
[0.248s] Level 1:colcon.colcon_core.package_identification:_identify(network_input_images) by extensions ['colcon_meta']
[0.248s] Level 1:colcon.colcon_core.package_identification:_identify(network_input_images) by extension 'colcon_meta'
[0.248s] Level 1:colcon.colcon_core.package_identification:_identify(network_input_images) by extensions ['ros']
[0.248s] Level 1:colcon.colcon_core.package_identification:_identify(network_input_images) by extension 'ros'
[0.248s] Level 1:colcon.colcon_core.package_identification:_identify(network_input_images) by extensions ['cmake', 'python']
[0.248s] Level 1:colcon.colcon_core.package_identification:_identify(network_input_images) by extension 'cmake'
[0.248s] Level 1:colcon.colcon_core.package_identification:_identify(network_input_images) by extension 'python'
[0.248s] Level 1:colcon.colcon_core.package_identification:_identify(network_input_images) by extensions ['python_setup_py']
[0.248s] Level 1:colcon.colcon_core.package_identification:_identify(network_input_images) by extension 'python_setup_py'
[0.248s] Level 1:colcon.colcon_core.package_identification:_identify(other_files) by extensions ['ignore', 'ignore_ament_install']
[0.248s] Level 1:colcon.colcon_core.package_identification:_identify(other_files) by extension 'ignore'
[0.248s] Level 1:colcon.colcon_core.package_identification:_identify(other_files) ignored
[0.248s] Level 1:colcon.colcon_core.package_identification:_identify(src) by extensions ['ignore', 'ignore_ament_install']
[0.248s] Level 1:colcon.colcon_core.package_identification:_identify(src) by extension 'ignore'
[0.248s] Level 1:colcon.colcon_core.package_identification:_identify(src) by extension 'ignore_ament_install'
[0.248s] Level 1:colcon.colcon_core.package_identification:_identify(src) by extensions ['colcon_pkg']
[0.248s] Level 1:colcon.colcon_core.package_identification:_identify(src) by extension 'colcon_pkg'
[0.249s] Level 1:colcon.colcon_core.package_identification:_identify(src) by extensions ['colcon_meta']
[0.249s] Level 1:colcon.colcon_core.package_identification:_identify(src) by extension 'colcon_meta'
[0.249s] Level 1:colcon.colcon_core.package_identification:_identify(src) by extensions ['ros']
[0.249s] Level 1:colcon.colcon_core.package_identification:_identify(src) by extension 'ros'
[0.249s] Level 1:colcon.colcon_core.package_identification:_identify(src) by extensions ['cmake', 'python']
[0.249s] Level 1:colcon.colcon_core.package_identification:_identify(src) by extension 'cmake'
[0.249s] Level 1:colcon.colcon_core.package_identification:_identify(src) by extension 'python'
[0.249s] Level 1:colcon.colcon_core.package_identification:_identify(src) by extensions ['python_setup_py']
[0.249s] Level 1:colcon.colcon_core.package_identification:_identify(src) by extension 'python_setup_py'
[0.249s] Level 1:colcon.colcon_core.package_identification:_identify(src/auto_aim) by extensions ['ignore', 'ignore_ament_install']
[0.249s] Level 1:colcon.colcon_core.package_identification:_identify(src/auto_aim) by extension 'ignore'
[0.249s] Level 1:colcon.colcon_core.package_identification:_identify(src/auto_aim) by extension 'ignore_ament_install'
[0.249s] Level 1:colcon.colcon_core.package_identification:_identify(src/auto_aim) by extensions ['colcon_pkg']
[0.249s] Level 1:colcon.colcon_core.package_identification:_identify(src/auto_aim) by extension 'colcon_pkg'
[0.249s] Level 1:colcon.colcon_core.package_identification:_identify(src/auto_aim) by extensions ['colcon_meta']
[0.249s] Level 1:colcon.colcon_core.package_identification:_identify(src/auto_aim) by extension 'colcon_meta'
[0.249s] Level 1:colcon.colcon_core.package_identification:_identify(src/auto_aim) by extensions ['ros']
[0.249s] Level 1:colcon.colcon_core.package_identification:_identify(src/auto_aim) by extension 'ros'
[0.251s] DEBUG:colcon.colcon_core.package_identification:Package 'src/auto_aim' with type 'ros.ament_cmake' and name 'auto_aim'
[0.251s] Level 1:colcon.colcon_core.package_identification:_identify(src/shm_pytorch_processor_pkg) by extensions ['ignore', 'ignore_ament_install']
[0.251s] Level 1:colcon.colcon_core.package_identification:_identify(src/shm_pytorch_processor_pkg) by extension 'ignore'
[0.251s] Level 1:colcon.colcon_core.package_identification:_identify(src/shm_pytorch_processor_pkg) by extension 'ignore_ament_install'
[0.251s] Level 1:colcon.colcon_core.package_identification:_identify(src/shm_pytorch_processor_pkg) by extensions ['colcon_pkg']
[0.251s] Level 1:colcon.colcon_core.package_identification:_identify(src/shm_pytorch_processor_pkg) by extension 'colcon_pkg'
[0.251s] Level 1:colcon.colcon_core.package_identification:_identify(src/shm_pytorch_processor_pkg) by extensions ['colcon_meta']
[0.251s] Level 1:colcon.colcon_core.package_identification:_identify(src/shm_pytorch_processor_pkg) by extension 'colcon_meta'
[0.251s] Level 1:colcon.colcon_core.package_identification:_identify(src/shm_pytorch_processor_pkg) by extensions ['ros']
[0.251s] Level 1:colcon.colcon_core.package_identification:_identify(src/shm_pytorch_processor_pkg) by extension 'ros'
[0.252s] DEBUG:colcon.colcon_core.package_identification:Package 'src/shm_pytorch_processor_pkg' with type 'ros.ament_python' and name 'shm_pytorch_processor_pkg'
[0.252s] Level 1:colcon.colcon_core.package_discovery:discover_packages(recursive) using defaults
[0.252s] Level 1:colcon.colcon_core.package_discovery:discover_packages(ignore) discover
[0.252s] Level 1:colcon.colcon_core.package_discovery:discover_packages(ignore) using defaults
[0.252s] Level 1:colcon.colcon_core.package_discovery:discover_packages(path) discover
[0.252s] Level 1:colcon.colcon_core.package_discovery:discover_packages(path) using defaults
[0.278s] Level 1:colcon.colcon_core.package_discovery:discover_packages(prefix_path) check parameters
[0.278s] Level 1:colcon.colcon_core.package_discovery:discover_packages(prefix_path) discover
[0.279s] WARNING:colcon.colcon_ros.prefix_path.catkin:The path '/home/dyj/libtorch/share/cmake/Torch' in the environment variable CMAKE_PREFIX_PATH doesn't exist
[0.280s] DEBUG:colcon.colcon_installed_package_information.package_discovery:Found 198 installed packages in /opt/ros/humble
[0.280s] Level 1:colcon.colcon_core.package_discovery:discover_packages(prefix_path) using defaults
[0.297s] Level 5:colcon.colcon_core.verb:set package 'auto_aim' build argument 'cmake_args' from command line to 'None'
[0.298s] Level 5:colcon.colcon_core.verb:set package 'auto_aim' build argument 'cmake_target' from command line to 'None'
[0.298s] Level 5:colcon.colcon_core.verb:set package 'auto_aim' build argument 'cmake_target_skip_unavailable' from command line to 'False'
[0.298s] Level 5:colcon.colcon_core.verb:set package 'auto_aim' build argument 'cmake_clean_cache' from command line to 'False'
[0.298s] Level 5:colcon.colcon_core.verb:set package 'auto_aim' build argument 'cmake_clean_first' from command line to 'False'
[0.298s] Level 5:colcon.colcon_core.verb:set package 'auto_aim' build argument 'cmake_force_configure' from command line to 'False'
[0.298s] Level 5:colcon.colcon_core.verb:set package 'auto_aim' build argument 'ament_cmake_args' from command line to 'None'
[0.298s] Level 5:colcon.colcon_core.verb:set package 'auto_aim' build argument 'catkin_cmake_args' from command line to 'None'
[0.298s] Level 5:colcon.colcon_core.verb:set package 'auto_aim' build argument 'catkin_skip_building_tests' from command line to 'False'
[0.298s] DEBUG:colcon.colcon_core.verb:Building package 'auto_aim' with the following arguments: {'ament_cmake_args': None, 'build_base': '/home/dyj/rm2026/transistor_rm2026_algorithm_visual_ws/build/auto_aim', 'catkin_cmake_args': None, 'catkin_skip_building_tests': False, 'cmake_args': None, 'cmake_clean_cache': False, 'cmake_clean_first': False, 'cmake_force_configure': False, 'cmake_target': None, 'cmake_target_skip_unavailable': False, 'install_base': '/home/dyj/rm2026/transistor_rm2026_algorithm_visual_ws/install/auto_aim', 'merge_install': False, 'path': '/home/dyj/rm2026/transistor_rm2026_algorithm_visual_ws/src/auto_aim', 'symlink_install': False, 'test_result_base': None}
[0.298s] Level 5:colcon.colcon_core.verb:set package 'shm_pytorch_processor_pkg' build argument 'cmake_args' from command line to 'None'
[0.298s] Level 5:colcon.colcon_core.verb:set package 'shm_pytorch_processor_pkg' build argument 'cmake_target' from command line to 'None'
[0.298s] Level 5:colcon.colcon_core.verb:set package 'shm_pytorch_processor_pkg' build argument 'cmake_target_skip_unavailable' from command line to 'False'
[0.298s] Level 5:colcon.colcon_core.verb:set package 'shm_pytorch_processor_pkg' build argument 'cmake_clean_cache' from command line to 'False'
[0.298s] Level 5:colcon.colcon_core.verb:set package 'shm_pytorch_processor_pkg' build argument 'cmake_clean_first' from command line to 'False'
[0.298s] Level 5:colcon.colcon_core.verb:set package 'shm_pytorch_processor_pkg' build argument 'cmake_force_configure' from command line to 'False'
[0.298s] Level 5:colcon.colcon_core.verb:set package 'shm_pytorch_processor_pkg' build argument 'ament_cmake_args' from command line to 'None'
[0.298s] Level 5:colcon.colcon_core.verb:set package 'shm_pytorch_processor_pkg' build argument 'catkin_cmake_args' from command line to 'None'
[0.298s] Level 5:colcon.colcon_core.verb:set package 'shm_pytorch_processor_pkg' build argument 'catkin_skip_building_tests' from command line to 'False'
[0.298s] DEBUG:colcon.colcon_core.verb:Building package 'shm_pytorch_processor_pkg' with the following arguments: {'ament_cmake_args': None, 'build_base': '/home/dyj/rm2026/transistor_rm2026_algorithm_visual_ws/build/shm_pytorch_processor_pkg', 'catkin_cmake_args': None, 'catkin_skip_building_tests': False, 'cmake_args': None, 'cmake_clean_cache': False, 'cmake_clean_first': False, 'cmake_force_configure': False, 'cmake_target': None, 'cmake_target_skip_unavailable': False, 'install_base': '/home/dyj/rm2026/transistor_rm2026_algorithm_visual_ws/install/shm_pytorch_processor_pkg', 'merge_install': False, 'path': '/home/dyj/rm2026/transistor_rm2026_algorithm_visual_ws/src/shm_pytorch_processor_pkg', 'symlink_install': False, 'test_result_base': None}
[0.298s] INFO:colcon.colcon_core.executor:Executing jobs using 'parallel' executor
[0.299s] DEBUG:colcon.colcon_parallel_executor.executor.parallel:run_until_complete
[0.299s] INFO:colcon.colcon_ros.task.ament_cmake.build:Building ROS package in '/home/dyj/rm2026/transistor_rm2026_algorithm_visual_ws/src/auto_aim' with build type 'ament_cmake'
[0.300s] INFO:colcon.colcon_cmake.task.cmake.build:Building CMake package in '/home/dyj/rm2026/transistor_rm2026_algorithm_visual_ws/src/auto_aim'
[0.302s] INFO:colcon.colcon_core.plugin_system:Skipping extension 'colcon_core.shell.bat': Not used on non-Windows systems
[0.302s] INFO:colcon.colcon_core.shell:Skip shell extension 'powershell' for command environment: Not usable outside of PowerShell
[0.302s] DEBUG:colcon.colcon_core.shell:Skip shell extension 'dsv' for command environment
[0.304s] INFO:colcon.colcon_ros.task.ament_python.build:Building ROS package in '/home/dyj/rm2026/transistor_rm2026_algorithm_visual_ws/src/shm_pytorch_processor_pkg' with build type 'ament_python'
[0.304s] Level 1:colcon.colcon_core.shell:create_environment_hook('shm_pytorch_processor_pkg', 'ament_prefix_path')
[0.305s] INFO:colcon.colcon_core.shell:Creating environment hook '/home/dyj/rm2026/transistor_rm2026_algorithm_visual_ws/install/shm_pytorch_processor_pkg/share/shm_pytorch_processor_pkg/hook/ament_prefix_path.ps1'
[0.305s] INFO:colcon.colcon_core.shell:Creating environment descriptor '/home/dyj/rm2026/transistor_rm2026_algorithm_visual_ws/install/shm_pytorch_processor_pkg/share/shm_pytorch_processor_pkg/hook/ament_prefix_path.dsv'
[0.306s] INFO:colcon.colcon_core.shell:Creating environment hook '/home/dyj/rm2026/transistor_rm2026_algorithm_visual_ws/install/shm_pytorch_processor_pkg/share/shm_pytorch_processor_pkg/hook/ament_prefix_path.sh'
[0.306s] INFO:colcon.colcon_core.shell:Skip shell extension 'powershell' for command environment: Not usable outside of PowerShell
[0.306s] DEBUG:colcon.colcon_core.shell:Skip shell extension 'dsv' for command environment
[0.313s] DEBUG:colcon.colcon_core.event_handler.log_command:Invoking command in '/home/dyj/rm2026/transistor_rm2026_algorithm_visual_ws/build/auto_aim': CMAKE_PREFIX_PATH=${CMAKE_PREFIX_PATH}:/opt/ros/humble /usr/bin/cmake --build /home/dyj/rm2026/transistor_rm2026_algorithm_visual_ws/build/auto_aim -- -j12 -l12
[0.548s] INFO:colcon.colcon_core.task.python.build:Building Python package in '/home/dyj/rm2026/transistor_rm2026_algorithm_visual_ws/src/shm_pytorch_processor_pkg'
[0.548s] INFO:colcon.colcon_core.shell:Skip shell extension 'powershell' for command environment: Not usable outside of PowerShell
[0.549s] DEBUG:colcon.colcon_core.shell:Skip shell extension 'dsv' for command environment
[0.852s] DEBUG:colcon.colcon_core.event_handler.log_command:Invoking command in '/home/dyj/rm2026/transistor_rm2026_algorithm_visual_ws/src/shm_pytorch_processor_pkg': PYTHONPATH=/home/dyj/rm2026/transistor_rm2026_algorithm_visual_ws/build/shm_pytorch_processor_pkg/prefix_override:/usr/lib/python3/dist-packages/colcon_core/task/python/colcon_distutils_commands:/home/dyj/rm2026/transistor_rm2026_algorithm_visual_ws/install/shm_pytorch_processor_pkg/lib/python3.10/site-packages:${PYTHONPATH} /usr/bin/python3 -W ignore:setup.py install is deprecated -W ignore:easy_install command is deprecated setup.py egg_info --egg-base ../../build/shm_pytorch_processor_pkg build --build-base /home/dyj/rm2026/transistor_rm2026_algorithm_visual_ws/build/shm_pytorch_processor_pkg/build install --record /home/dyj/rm2026/transistor_rm2026_algorithm_visual_ws/build/shm_pytorch_processor_pkg/install.log --single-version-externally-managed install_data
[1.069s] DEBUG:colcon.colcon_core.event_handler.log_command:Invoked command in '/home/dyj/rm2026/transistor_rm2026_algorithm_visual_ws/src/shm_pytorch_processor_pkg' returned '0': PYTHONPATH=/home/dyj/rm2026/transistor_rm2026_algorithm_visual_ws/build/shm_pytorch_processor_pkg/prefix_override:/usr/lib/python3/dist-packages/colcon_core/task/python/colcon_distutils_commands:/home/dyj/rm2026/transistor_rm2026_algorithm_visual_ws/install/shm_pytorch_processor_pkg/lib/python3.10/site-packages:${PYTHONPATH} /usr/bin/python3 -W ignore:setup.py install is deprecated -W ignore:easy_install command is deprecated setup.py egg_info --egg-base ../../build/shm_pytorch_processor_pkg build --build-base /home/dyj/rm2026/transistor_rm2026_algorithm_visual_ws/build/shm_pytorch_processor_pkg/build install --record /home/dyj/rm2026/transistor_rm2026_algorithm_visual_ws/build/shm_pytorch_processor_pkg/install.log --single-version-externally-managed install_data
[1.074s] Level 1:colcon.colcon_core.environment:checking '/home/dyj/rm2026/transistor_rm2026_algorithm_visual_ws/install/shm_pytorch_processor_pkg' for CMake module files
[1.075s] Level 1:colcon.colcon_core.environment:checking '/home/dyj/rm2026/transistor_rm2026_algorithm_visual_ws/install/shm_pytorch_processor_pkg' for CMake config files
[1.075s] Level 1:colcon.colcon_core.environment:checking '/home/dyj/rm2026/transistor_rm2026_algorithm_visual_ws/install/shm_pytorch_processor_pkg/lib'
[1.076s] Level 1:colcon.colcon_core.environment:checking '/home/dyj/rm2026/transistor_rm2026_algorithm_visual_ws/install/shm_pytorch_processor_pkg/bin'
[1.076s] Level 1:colcon.colcon_core.environment:checking '/home/dyj/rm2026/transistor_rm2026_algorithm_visual_ws/install/shm_pytorch_processor_pkg/lib/pkgconfig/shm_pytorch_processor_pkg.pc'
[1.076s] Level 1:colcon.colcon_core.environment:checking '/home/dyj/rm2026/transistor_rm2026_algorithm_visual_ws/install/shm_pytorch_processor_pkg/lib/python3.10/site-packages'
[1.076s] Level 1:colcon.colcon_core.shell:create_environment_hook('shm_pytorch_processor_pkg', 'pythonpath')
[1.076s] INFO:colcon.colcon_core.shell:Creating environment hook '/home/dyj/rm2026/transistor_rm2026_algorithm_visual_ws/install/shm_pytorch_processor_pkg/share/shm_pytorch_processor_pkg/hook/pythonpath.ps1'
[1.077s] INFO:colcon.colcon_core.shell:Creating environment descriptor '/home/dyj/rm2026/transistor_rm2026_algorithm_visual_ws/install/shm_pytorch_processor_pkg/share/shm_pytorch_processor_pkg/hook/pythonpath.dsv'
[1.077s] INFO:colcon.colcon_core.shell:Creating environment hook '/home/dyj/rm2026/transistor_rm2026_algorithm_visual_ws/install/shm_pytorch_processor_pkg/share/shm_pytorch_processor_pkg/hook/pythonpath.sh'
[1.078s] Level 1:colcon.colcon_core.environment:checking '/home/dyj/rm2026/transistor_rm2026_algorithm_visual_ws/install/shm_pytorch_processor_pkg/bin'
[1.078s] Level 1:colcon.colcon_core.environment:create_environment_scripts_only(shm_pytorch_processor_pkg)
[1.078s] INFO:colcon.colcon_core.shell:Creating package script '/home/dyj/rm2026/transistor_rm2026_algorithm_visual_ws/install/shm_pytorch_processor_pkg/share/shm_pytorch_processor_pkg/package.ps1'
[1.079s] INFO:colcon.colcon_core.shell:Creating package descriptor '/home/dyj/rm2026/transistor_rm2026_algorithm_visual_ws/install/shm_pytorch_processor_pkg/share/shm_pytorch_processor_pkg/package.dsv'
[1.079s] INFO:colcon.colcon_core.shell:Creating package script '/home/dyj/rm2026/transistor_rm2026_algorithm_visual_ws/install/shm_pytorch_processor_pkg/share/shm_pytorch_processor_pkg/package.sh'
[1.080s] INFO:colcon.colcon_core.shell:Creating package script '/home/dyj/rm2026/transistor_rm2026_algorithm_visual_ws/install/shm_pytorch_processor_pkg/share/shm_pytorch_processor_pkg/package.bash'
[1.080s] INFO:colcon.colcon_core.shell:Creating package script '/home/dyj/rm2026/transistor_rm2026_algorithm_visual_ws/install/shm_pytorch_processor_pkg/share/shm_pytorch_processor_pkg/package.zsh'
[1.081s] Level 1:colcon.colcon_core.environment:create_file_with_runtime_dependencies(/home/dyj/rm2026/transistor_rm2026_algorithm_visual_ws/install/shm_pytorch_processor_pkg/share/colcon-core/packages/shm_pytorch_processor_pkg)
[10.012s] DEBUG:colcon.colcon_core.event_handler.log_command:Invoked command in '/home/dyj/rm2026/transistor_rm2026_algorithm_visual_ws/build/auto_aim' returned '0': CMAKE_PREFIX_PATH=${CMAKE_PREFIX_PATH}:/opt/ros/humble /usr/bin/cmake --build /home/dyj/rm2026/transistor_rm2026_algorithm_visual_ws/build/auto_aim -- -j12 -l12
[10.016s] DEBUG:colcon.colcon_core.event_handler.log_command:Invoking command in '/home/dyj/rm2026/transistor_rm2026_algorithm_visual_ws/build/auto_aim': CMAKE_PREFIX_PATH=${CMAKE_PREFIX_PATH}:/opt/ros/humble /usr/bin/cmake --install /home/dyj/rm2026/transistor_rm2026_algorithm_visual_ws/build/auto_aim
[10.051s] Level 1:colcon.colcon_core.environment:create_environment_scripts_only(auto_aim)
[10.051s] DEBUG:colcon.colcon_core.event_handler.log_command:Invoked command in '/home/dyj/rm2026/transistor_rm2026_algorithm_visual_ws/build/auto_aim' returned '0': CMAKE_PREFIX_PATH=${CMAKE_PREFIX_PATH}:/opt/ros/humble /usr/bin/cmake --install /home/dyj/rm2026/transistor_rm2026_algorithm_visual_ws/build/auto_aim
[10.052s] Level 1:colcon.colcon_core.environment:checking '/home/dyj/rm2026/transistor_rm2026_algorithm_visual_ws/install/auto_aim' for CMake module files
[10.052s] Level 1:colcon.colcon_core.environment:checking '/home/dyj/rm2026/transistor_rm2026_algorithm_visual_ws/install/auto_aim' for CMake config files
[10.053s] Level 1:colcon.colcon_core.shell:create_environment_hook('auto_aim', 'cmake_prefix_path')
[10.053s] INFO:colcon.colcon_core.shell:Creating environment hook '/home/dyj/rm2026/transistor_rm2026_algorithm_visual_ws/install/auto_aim/share/auto_aim/hook/cmake_prefix_path.ps1'
[10.054s] INFO:colcon.colcon_core.shell:Creating environment descriptor '/home/dyj/rm2026/transistor_rm2026_algorithm_visual_ws/install/auto_aim/share/auto_aim/hook/cmake_prefix_path.dsv'
[10.054s] INFO:colcon.colcon_core.shell:Creating environment hook '/home/dyj/rm2026/transistor_rm2026_algorithm_visual_ws/install/auto_aim/share/auto_aim/hook/cmake_prefix_path.sh'
[10.054s] Level 1:colcon.colcon_core.environment:checking '/home/dyj/rm2026/transistor_rm2026_algorithm_visual_ws/install/auto_aim/lib'
[10.054s] Level 1:colcon.colcon_core.shell:create_environment_hook('auto_aim', 'ld_library_path_lib')
[10.054s] INFO:colcon.colcon_core.shell:Creating environment hook '/home/dyj/rm2026/transistor_rm2026_algorithm_visual_ws/install/auto_aim/share/auto_aim/hook/ld_library_path_lib.ps1'
[10.055s] INFO:colcon.colcon_core.shell:Creating environment descriptor '/home/dyj/rm2026/transistor_rm2026_algorithm_visual_ws/install/auto_aim/share/auto_aim/hook/ld_library_path_lib.dsv'
[10.055s] INFO:colcon.colcon_core.shell:Creating environment hook '/home/dyj/rm2026/transistor_rm2026_algorithm_visual_ws/install/auto_aim/share/auto_aim/hook/ld_library_path_lib.sh'
[10.055s] Level 1:colcon.colcon_core.environment:checking '/home/dyj/rm2026/transistor_rm2026_algorithm_visual_ws/install/auto_aim/bin'
[10.055s] Level 1:colcon.colcon_core.environment:checking '/home/dyj/rm2026/transistor_rm2026_algorithm_visual_ws/install/auto_aim/lib/pkgconfig/auto_aim.pc'
[10.055s] Level 1:colcon.colcon_core.environment:checking '/home/dyj/rm2026/transistor_rm2026_algorithm_visual_ws/install/auto_aim/lib/python3.10/site-packages'
[10.055s] Level 1:colcon.colcon_core.environment:checking '/home/dyj/rm2026/transistor_rm2026_algorithm_visual_ws/install/auto_aim/bin'
[10.056s] INFO:colcon.colcon_core.shell:Creating package script '/home/dyj/rm2026/transistor_rm2026_algorithm_visual_ws/install/auto_aim/share/auto_aim/package.ps1'
[10.056s] INFO:colcon.colcon_core.shell:Creating package descriptor '/home/dyj/rm2026/transistor_rm2026_algorithm_visual_ws/install/auto_aim/share/auto_aim/package.dsv'
[10.056s] INFO:colcon.colcon_core.shell:Creating package script '/home/dyj/rm2026/transistor_rm2026_algorithm_visual_ws/install/auto_aim/share/auto_aim/package.sh'
[10.056s] INFO:colcon.colcon_core.shell:Creating package script '/home/dyj/rm2026/transistor_rm2026_algorithm_visual_ws/install/auto_aim/share/auto_aim/package.bash'
[10.056s] INFO:colcon.colcon_core.shell:Creating package script '/home/dyj/rm2026/transistor_rm2026_algorithm_visual_ws/install/auto_aim/share/auto_aim/package.zsh'
[10.057s] Level 1:colcon.colcon_core.environment:create_file_with_runtime_dependencies(/home/dyj/rm2026/transistor_rm2026_algorithm_visual_ws/install/auto_aim/share/colcon-core/packages/auto_aim)
[10.057s] Level 1:colcon.colcon_core.environment:create_environment_scripts_only(auto_aim)
[10.057s] Level 1:colcon.colcon_core.environment:checking '/home/dyj/rm2026/transistor_rm2026_algorithm_visual_ws/install/auto_aim' for CMake module files
[10.057s] Level 1:colcon.colcon_core.environment:checking '/home/dyj/rm2026/transistor_rm2026_algorithm_visual_ws/install/auto_aim' for CMake config files
[10.058s] Level 1:colcon.colcon_core.shell:create_environment_hook('auto_aim', 'cmake_prefix_path')
[10.058s] INFO:colcon.colcon_core.shell:Creating environment hook '/home/dyj/rm2026/transistor_rm2026_algorithm_visual_ws/install/auto_aim/share/auto_aim/hook/cmake_prefix_path.ps1'
[10.058s] INFO:colcon.colcon_core.shell:Creating environment descriptor '/home/dyj/rm2026/transistor_rm2026_algorithm_visual_ws/install/auto_aim/share/auto_aim/hook/cmake_prefix_path.dsv'
[10.058s] INFO:colcon.colcon_core.shell:Creating environment hook '/home/dyj/rm2026/transistor_rm2026_algorithm_visual_ws/install/auto_aim/share/auto_aim/hook/cmake_prefix_path.sh'
[10.059s] Level 1:colcon.colcon_core.environment:checking '/home/dyj/rm2026/transistor_rm2026_algorithm_visual_ws/install/auto_aim/lib'
[10.059s] Level 1:colcon.colcon_core.shell:create_environment_hook('auto_aim', 'ld_library_path_lib')
[10.059s] INFO:colcon.colcon_core.shell:Creating environment hook '/home/dyj/rm2026/transistor_rm2026_algorithm_visual_ws/install/auto_aim/share/auto_aim/hook/ld_library_path_lib.ps1'
[10.059s] INFO:colcon.colcon_core.shell:Creating environment descriptor '/home/dyj/rm2026/transistor_rm2026_algorithm_visual_ws/install/auto_aim/share/auto_aim/hook/ld_library_path_lib.dsv'
[10.060s] INFO:colcon.colcon_core.shell:Creating environment hook '/home/dyj/rm2026/transistor_rm2026_algorithm_visual_ws/install/auto_aim/share/auto_aim/hook/ld_library_path_lib.sh'
[10.060s] Level 1:colcon.colcon_core.environment:checking '/home/dyj/rm2026/transistor_rm2026_algorithm_visual_ws/install/auto_aim/bin'
[10.060s] Level 1:colcon.colcon_core.environment:checking '/home/dyj/rm2026/transistor_rm2026_algorithm_visual_ws/install/auto_aim/lib/pkgconfig/auto_aim.pc'
[10.060s] Level 1:colcon.colcon_core.environment:checking '/home/dyj/rm2026/transistor_rm2026_algorithm_visual_ws/install/auto_aim/lib/python3.10/site-packages'
[10.060s] Level 1:colcon.colcon_core.environment:checking '/home/dyj/rm2026/transistor_rm2026_algorithm_visual_ws/install/auto_aim/bin'
[10.060s] INFO:colcon.colcon_core.shell:Creating package script '/home/dyj/rm2026/transistor_rm2026_algorithm_visual_ws/install/auto_aim/share/auto_aim/package.ps1'
[10.061s] INFO:colcon.colcon_core.shell:Creating package descriptor '/home/dyj/rm2026/transistor_rm2026_algorithm_visual_ws/install/auto_aim/share/auto_aim/package.dsv'
[10.061s] INFO:colcon.colcon_core.shell:Creating package script '/home/dyj/rm2026/transistor_rm2026_algorithm_visual_ws/install/auto_aim/share/auto_aim/package.sh'
[10.061s] INFO:colcon.colcon_core.shell:Creating package script '/home/dyj/rm2026/transistor_rm2026_algorithm_visual_ws/install/auto_aim/share/auto_aim/package.bash'
[10.061s] INFO:colcon.colcon_core.shell:Creating package script '/home/dyj/rm2026/transistor_rm2026_algorithm_visual_ws/install/auto_aim/share/auto_aim/package.zsh'
[10.062s] Level 1:colcon.colcon_core.environment:create_file_with_runtime_dependencies(/home/dyj/rm2026/transistor_rm2026_algorithm_visual_ws/install/auto_aim/share/colcon-core/packages/auto_aim)
[10.062s] DEBUG:colcon.colcon_parallel_executor.executor.parallel:closing loop
[10.062s] DEBUG:colcon.colcon_parallel_executor.executor.parallel:loop closed
[10.062s] DEBUG:colcon.colcon_parallel_executor.executor.parallel:run_until_complete finished with '0'
[10.062s] DEBUG:colcon.colcon_core.event_reactor:joining thread
[10.065s] INFO:colcon.colcon_core.plugin_system:Skipping extension 'colcon_notification.desktop_notification.terminal_notifier': Not used on non-Darwin systems
[10.065s] INFO:colcon.colcon_core.plugin_system:Skipping extension 'colcon_notification.desktop_notification.win32': Not used on non-Windows systems
[10.065s] INFO:colcon.colcon_notification.desktop_notification:Sending desktop notification using 'notify2'
[10.073s] DEBUG:colcon.colcon_core.event_reactor:joined thread
[10.073s] INFO:colcon.colcon_core.shell:Creating prefix script '/home/dyj/rm2026/transistor_rm2026_algorithm_visual_ws/install/local_setup.ps1'
[10.074s] INFO:colcon.colcon_core.shell:Creating prefix util module '/home/dyj/rm2026/transistor_rm2026_algorithm_visual_ws/install/_local_setup_util_ps1.py'
[10.075s] INFO:colcon.colcon_core.shell:Creating prefix chain script '/home/dyj/rm2026/transistor_rm2026_algorithm_visual_ws/install/setup.ps1'
[10.076s] INFO:colcon.colcon_core.shell:Creating prefix script '/home/dyj/rm2026/transistor_rm2026_algorithm_visual_ws/install/local_setup.sh'
[10.077s] INFO:colcon.colcon_core.shell:Creating prefix util module '/home/dyj/rm2026/transistor_rm2026_algorithm_visual_ws/install/_local_setup_util_sh.py'
[10.078s] INFO:colcon.colcon_core.shell:Creating prefix chain script '/home/dyj/rm2026/transistor_rm2026_algorithm_visual_ws/install/setup.sh'
[10.079s] INFO:colcon.colcon_core.shell:Creating prefix script '/home/dyj/rm2026/transistor_rm2026_algorithm_visual_ws/install/local_setup.bash'
[10.079s] INFO:colcon.colcon_core.shell:Creating prefix chain script '/home/dyj/rm2026/transistor_rm2026_algorithm_visual_ws/install/setup.bash'
[10.079s] INFO:colcon.colcon_core.shell:Creating prefix script '/home/dyj/rm2026/transistor_rm2026_algorithm_visual_ws/install/local_setup.zsh'
[10.080s] INFO:colcon.colcon_core.shell:Creating prefix chain script '/home/dyj/rm2026/transistor_rm2026_algorithm_visual_ws/install/setup.zsh'
