[0mCMake Deprecation Warning at CMakeLists.txt:1 (cmake_minimum_required):
  Compatibility with CMake < 3.10 will be removed from a future version of
  CMake.

  Update the VERSION argument <min> value.  Or, use the <min>...<max> syntax
  to tell CMake that the project requires at least <min> but has been updated
  to work with policies introduced by <max> or earlier.

[0m
-- Found ament_cmake: 1.3.12 (/opt/ros/humble/share/ament_cmake/cmake)
-- Found rclcpp: 16.0.14 (/opt/ros/humble/share/rclcpp/cmake)
-- Found rosidl_generator_c: 3.1.7 (/opt/ros/humble/share/rosidl_generator_c/cmake)
-- Found rosidl_adapter: 3.1.7 (/opt/ros/humble/share/rosidl_adapter/cmake)
-- Found rosidl_generator_cpp: 3.1.7 (/opt/ros/humble/share/rosidl_generator_cpp/cmake)
-- Using all available rosidl_typesupport_c: rosidl_typesupport_fastrtps_c;rosidl_typesupport_introspection_c
-- Using all available rosidl_typesupport_cpp: rosidl_typesupport_fastrtps_cpp;rosidl_typesupport_introspection_cpp
-- Found rmw_implementation_cmake: 6.1.2 (/opt/ros/humble/share/rmw_implementation_cmake/cmake)
-- Found rmw_fastrtps_cpp: 6.2.8 (/opt/ros/humble/share/rmw_fastrtps_cpp/cmake)
-- Using RMW implementation 'rmw_fastrtps_cpp' as default
-- Found cv_bridge: 3.2.1 (/opt/ros/humble/share/cv_bridge/cmake)
-- Found rosidl_default_generators: 1.2.0 (/opt/ros/humble/share/rosidl_default_generators/cmake)
-- Found required Ceres dependency: Eigen version 3.4.0 in /usr/include/eigen3
-- Found required Ceres dependency: glog
-- Found required Ceres dependency: gflags
-- Found Ceres version: 2.0.0 installed in: /usr with components: [EigenSparse, SparseLinearAlgebraLibrary, LAPACK, SuiteSparse, CXSparse, SchurSpecializations, Multithreading]
-- Found ament_cmake_ros: 0.10.0 (/opt/ros/humble/share/ament_cmake_ros/cmake)
-- Using all available rosidl_typesupport_c: rosidl_typesupport_fastrtps_c;rosidl_typesupport_introspection_c
-- Using all available rosidl_typesupport_cpp: rosidl_typesupport_fastrtps_cpp;rosidl_typesupport_introspection_cpp
[33mCMake Warning (dev) at /opt/ros/humble/share/rosidl_generator_py/cmake/rosidl_generator_py_generate_interfaces.cmake:20 (find_package):
  Policy CMP0148 is not set: The FindPythonInterp and FindPythonLibs modules
  are removed.  Run "cmake --help-policy CMP0148" for policy details.  Use
  the cmake_policy command to set the policy and suppress this warning.

Call Stack (most recent call first):
  /opt/ros/humble/share/ament_cmake_core/cmake/core/ament_execute_extensions.cmake:48 (include)
  /opt/ros/humble/share/rosidl_cmake/cmake/rosidl_generate_interfaces.cmake:286 (ament_execute_extensions)
  CMakeLists.txt:22 (rosidl_generate_interfaces)
This warning is for project developers.  Use -Wno-dev to suppress it.
[0m
-- Found python_cmake_module: 0.10.0 (/opt/ros/humble/share/python_cmake_module/cmake)
[33mCMake Warning (dev) at /opt/ros/humble/share/python_cmake_module/cmake/Modules/FindPythonExtra.cmake:52 (find_package):
  Policy CMP0148 is not set: The FindPythonInterp and FindPythonLibs modules
  are removed.  Run "cmake --help-policy CMP0148" for policy details.  Use
  the cmake_policy command to set the policy and suppress this warning.

Call Stack (most recent call first):
  /opt/ros/humble/share/rosidl_generator_py/cmake/rosidl_generator_py_generate_interfaces.cmake:23 (find_package)
  /opt/ros/humble/share/ament_cmake_core/cmake/core/ament_execute_extensions.cmake:48 (include)
  /opt/ros/humble/share/rosidl_cmake/cmake/rosidl_generate_interfaces.cmake:286 (ament_execute_extensions)
  CMakeLists.txt:22 (rosidl_generate_interfaces)
This warning is for project developers.  Use -Wno-dev to suppress it.
[0m
[33mCMake Warning (dev) at /opt/ros/humble/share/python_cmake_module/cmake/Modules/FindPythonExtra.cmake:140 (find_package):
  Policy CMP0148 is not set: The FindPythonInterp and FindPythonLibs modules
  are removed.  Run "cmake --help-policy CMP0148" for policy details.  Use
  the cmake_policy command to set the policy and suppress this warning.

Call Stack (most recent call first):
  /opt/ros/humble/share/rosidl_generator_py/cmake/rosidl_generator_py_generate_interfaces.cmake:23 (find_package)
  /opt/ros/humble/share/ament_cmake_core/cmake/core/ament_execute_extensions.cmake:48 (include)
  /opt/ros/humble/share/rosidl_cmake/cmake/rosidl_generate_interfaces.cmake:286 (ament_execute_extensions)
  CMakeLists.txt:22 (rosidl_generate_interfaces)
This warning is for project developers.  Use -Wno-dev to suppress it.
[0m
-- Using PYTHON_EXECUTABLE: /usr/bin/python3
-- Using PYTHON_INCLUDE_DIRS: /usr/include/python3.10
-- Using PYTHON_LIBRARIES: /usr/lib/x86_64-linux-gnu/libpython3.10.so
-- Configuring done (1.4s)
-- Generating done (0.1s)
-- Build files have been written to: /home/dyj/rm2026/transistor_rm2026_algorithm_visual_ws/build/auto_aim
[  1%] Built target auto_aim__cpp
[  5%] Built target crc_lib
[ 11%] Built target auto_aim__rosidl_generator_c
[ 11%] Built target ament_cmake_python_copy_auto_aim
[ 18%] Built target auto_aim__rosidl_typesupport_c
[ 25%] Built target auto_aim__rosidl_typesupport_fastrtps_cpp
[ 32%] Built target auto_aim__rosidl_typesupport_introspection_c
[ 50%] Built target auto_aim__rosidl_typesupport_cpp
[ 50%] Built target auto_aim__rosidl_typesupport_introspection_cpp
[ 52%] Built target auto_aim__rosidl_typesupport_fastrtps_c
[ 76%] Built target armor_detector
[ 79%] Built target com_node
[ 79%] Built target auto_aim
[ 81%] Built target auto_aim__py
[ 83%] [32mBuilding CXX object CMakeFiles/armor_detect_node.dir/src/nodes/ArmorDetect_Node.cpp.o[0m
[ 88%] Built target auto_aim__rosidl_generator_py
[ 91%] Built target auto_aim__rosidl_typesupport_introspection_c__pyext
[ 94%] Built target auto_aim__rosidl_typesupport_fastrtps_c__pyext
[ 98%] Built target auto_aim__rosidl_typesupport_c__pyext
running egg_info
writing auto_aim.egg-info/PKG-INFO
writing dependency_links to auto_aim.egg-info/dependency_links.txt
writing top-level names to auto_aim.egg-info/top_level.txt
reading manifest file 'auto_aim.egg-info/SOURCES.txt'
writing manifest file 'auto_aim.egg-info/SOURCES.txt'
[ 98%] Built target ament_cmake_python_build_auto_aim_egg
[100%] [32m[1mLinking CXX executable armor_detect_node[0m
[100%] Built target armor_detect_node
-- Install configuration: "Release"
-- Up-to-date: /home/dyj/rm2026/transistor_rm2026_algorithm_visual_ws/install/auto_aim/share/ament_index/resource_index/rosidl_interfaces/auto_aim
-- Up-to-date: /home/dyj/rm2026/transistor_rm2026_algorithm_visual_ws/install/auto_aim/include/auto_aim/auto_aim
-- Up-to-date: /home/dyj/rm2026/transistor_rm2026_algorithm_visual_ws/install/auto_aim/include/auto_aim/auto_aim/msg
-- Up-to-date: /home/dyj/rm2026/transistor_rm2026_algorithm_visual_ws/install/auto_aim/include/auto_aim/auto_aim/msg/gimbal_command.h
-- Up-to-date: /home/dyj/rm2026/transistor_rm2026_algorithm_visual_ws/install/auto_aim/include/auto_aim/auto_aim/msg/serial_data.h
-- Up-to-date: /home/dyj/rm2026/transistor_rm2026_algorithm_visual_ws/install/auto_aim/include/auto_aim/auto_aim/msg/rosidl_generator_c__visibility_control.h
-- Up-to-date: /home/dyj/rm2026/transistor_rm2026_algorithm_visual_ws/install/auto_aim/include/auto_aim/auto_aim/msg/detail
-- Up-to-date: /home/dyj/rm2026/transistor_rm2026_algorithm_visual_ws/install/auto_aim/include/auto_aim/auto_aim/msg/detail/serial_data__struct.h
-- Up-to-date: /home/dyj/rm2026/transistor_rm2026_algorithm_visual_ws/install/auto_aim/include/auto_aim/auto_aim/msg/detail/serial_data__functions.h
-- Up-to-date: /home/dyj/rm2026/transistor_rm2026_algorithm_visual_ws/install/auto_aim/include/auto_aim/auto_aim/msg/detail/serial_data__functions.c
-- Up-to-date: /home/dyj/rm2026/transistor_rm2026_algorithm_visual_ws/install/auto_aim/include/auto_aim/auto_aim/msg/detail/gimbal_command__struct.h
-- Up-to-date: /home/dyj/rm2026/transistor_rm2026_algorithm_visual_ws/install/auto_aim/include/auto_aim/auto_aim/msg/detail/gimbal_command__functions.h
-- Up-to-date: /home/dyj/rm2026/transistor_rm2026_algorithm_visual_ws/install/auto_aim/include/auto_aim/auto_aim/msg/detail/serial_data__type_support.h
-- Up-to-date: /home/dyj/rm2026/transistor_rm2026_algorithm_visual_ws/install/auto_aim/include/auto_aim/auto_aim/msg/detail/gimbal_command__functions.c
-- Up-to-date: /home/dyj/rm2026/transistor_rm2026_algorithm_visual_ws/install/auto_aim/include/auto_aim/auto_aim/msg/detail/gimbal_command__type_support.h
-- Up-to-date: /home/dyj/rm2026/transistor_rm2026_algorithm_visual_ws/install/auto_aim/share/auto_aim/environment/library_path.sh
-- Installing: /home/dyj/rm2026/transistor_rm2026_algorithm_visual_ws/install/auto_aim/share/auto_aim/environment/library_path.dsv
-- Up-to-date: /home/dyj/rm2026/transistor_rm2026_algorithm_visual_ws/install/auto_aim/lib/libauto_aim__rosidl_generator_c.so
-- Up-to-date: /home/dyj/rm2026/transistor_rm2026_algorithm_visual_ws/install/auto_aim/include/auto_aim/auto_aim
-- Up-to-date: /home/dyj/rm2026/transistor_rm2026_algorithm_visual_ws/install/auto_aim/include/auto_aim/auto_aim/msg
-- Up-to-date: /home/dyj/rm2026/transistor_rm2026_algorithm_visual_ws/install/auto_aim/include/auto_aim/auto_aim/msg/rosidl_typesupport_fastrtps_c__visibility_control.h
-- Up-to-date: /home/dyj/rm2026/transistor_rm2026_algorithm_visual_ws/install/auto_aim/include/auto_aim/auto_aim/msg/detail
-- Up-to-date: /home/dyj/rm2026/transistor_rm2026_algorithm_visual_ws/install/auto_aim/include/auto_aim/auto_aim/msg/detail/serial_data__rosidl_typesupport_fastrtps_c.h
-- Up-to-date: /home/dyj/rm2026/transistor_rm2026_algorithm_visual_ws/install/auto_aim/include/auto_aim/auto_aim/msg/detail/gimbal_command__rosidl_typesupport_fastrtps_c.h
-- Up-to-date: /home/dyj/rm2026/transistor_rm2026_algorithm_visual_ws/install/auto_aim/lib/libauto_aim__rosidl_typesupport_fastrtps_c.so
-- Up-to-date: /home/dyj/rm2026/transistor_rm2026_algorithm_visual_ws/install/auto_aim/include/auto_aim/auto_aim
-- Up-to-date: /home/dyj/rm2026/transistor_rm2026_algorithm_visual_ws/install/auto_aim/include/auto_aim/auto_aim/msg
-- Up-to-date: /home/dyj/rm2026/transistor_rm2026_algorithm_visual_ws/install/auto_aim/include/auto_aim/auto_aim/msg/detail
-- Up-to-date: /home/dyj/rm2026/transistor_rm2026_algorithm_visual_ws/install/auto_aim/include/auto_aim/auto_aim/msg/detail/serial_data__traits.hpp
-- Up-to-date: /home/dyj/rm2026/transistor_rm2026_algorithm_visual_ws/install/auto_aim/include/auto_aim/auto_aim/msg/detail/serial_data__builder.hpp
-- Up-to-date: /home/dyj/rm2026/transistor_rm2026_algorithm_visual_ws/install/auto_aim/include/auto_aim/auto_aim/msg/detail/serial_data__struct.hpp
-- Up-to-date: /home/dyj/rm2026/transistor_rm2026_algorithm_visual_ws/install/auto_aim/include/auto_aim/auto_aim/msg/detail/gimbal_command__struct.hpp
-- Up-to-date: /home/dyj/rm2026/transistor_rm2026_algorithm_visual_ws/install/auto_aim/include/auto_aim/auto_aim/msg/detail/gimbal_command__builder.hpp
-- Up-to-date: /home/dyj/rm2026/transistor_rm2026_algorithm_visual_ws/install/auto_aim/include/auto_aim/auto_aim/msg/detail/serial_data__type_support.hpp
-- Up-to-date: /home/dyj/rm2026/transistor_rm2026_algorithm_visual_ws/install/auto_aim/include/auto_aim/auto_aim/msg/detail/gimbal_command__traits.hpp
-- Up-to-date: /home/dyj/rm2026/transistor_rm2026_algorithm_visual_ws/install/auto_aim/include/auto_aim/auto_aim/msg/detail/gimbal_command__type_support.hpp
-- Up-to-date: /home/dyj/rm2026/transistor_rm2026_algorithm_visual_ws/install/auto_aim/include/auto_aim/auto_aim/msg/rosidl_generator_cpp__visibility_control.hpp
-- Up-to-date: /home/dyj/rm2026/transistor_rm2026_algorithm_visual_ws/install/auto_aim/include/auto_aim/auto_aim/msg/serial_data.hpp
-- Up-to-date: /home/dyj/rm2026/transistor_rm2026_algorithm_visual_ws/install/auto_aim/include/auto_aim/auto_aim/msg/gimbal_command.hpp
-- Up-to-date: /home/dyj/rm2026/transistor_rm2026_algorithm_visual_ws/install/auto_aim/include/auto_aim/auto_aim
-- Up-to-date: /home/dyj/rm2026/transistor_rm2026_algorithm_visual_ws/install/auto_aim/include/auto_aim/auto_aim/msg
-- Up-to-date: /home/dyj/rm2026/transistor_rm2026_algorithm_visual_ws/install/auto_aim/include/auto_aim/auto_aim/msg/rosidl_typesupport_fastrtps_cpp__visibility_control.h
-- Up-to-date: /home/dyj/rm2026/transistor_rm2026_algorithm_visual_ws/install/auto_aim/include/auto_aim/auto_aim/msg/detail
-- Up-to-date: /home/dyj/rm2026/transistor_rm2026_algorithm_visual_ws/install/auto_aim/include/auto_aim/auto_aim/msg/detail/dds_fastrtps
-- Up-to-date: /home/dyj/rm2026/transistor_rm2026_algorithm_visual_ws/install/auto_aim/include/auto_aim/auto_aim/msg/detail/serial_data__rosidl_typesupport_fastrtps_cpp.hpp
-- Up-to-date: /home/dyj/rm2026/transistor_rm2026_algorithm_visual_ws/install/auto_aim/include/auto_aim/auto_aim/msg/detail/gimbal_command__rosidl_typesupport_fastrtps_cpp.hpp
-- Up-to-date: /home/dyj/rm2026/transistor_rm2026_algorithm_visual_ws/install/auto_aim/lib/libauto_aim__rosidl_typesupport_fastrtps_cpp.so
-- Up-to-date: /home/dyj/rm2026/transistor_rm2026_algorithm_visual_ws/install/auto_aim/include/auto_aim/auto_aim
-- Up-to-date: /home/dyj/rm2026/transistor_rm2026_algorithm_visual_ws/install/auto_aim/include/auto_aim/auto_aim/msg
-- Up-to-date: /home/dyj/rm2026/transistor_rm2026_algorithm_visual_ws/install/auto_aim/include/auto_aim/auto_aim/msg/detail
-- Up-to-date: /home/dyj/rm2026/transistor_rm2026_algorithm_visual_ws/install/auto_aim/include/auto_aim/auto_aim/msg/detail/gimbal_command__rosidl_typesupport_introspection_c.h
-- Up-to-date: /home/dyj/rm2026/transistor_rm2026_algorithm_visual_ws/install/auto_aim/include/auto_aim/auto_aim/msg/detail/gimbal_command__type_support.c
-- Up-to-date: /home/dyj/rm2026/transistor_rm2026_algorithm_visual_ws/install/auto_aim/include/auto_aim/auto_aim/msg/detail/serial_data__type_support.c
-- Up-to-date: /home/dyj/rm2026/transistor_rm2026_algorithm_visual_ws/install/auto_aim/include/auto_aim/auto_aim/msg/detail/serial_data__rosidl_typesupport_introspection_c.h
-- Up-to-date: /home/dyj/rm2026/transistor_rm2026_algorithm_visual_ws/install/auto_aim/include/auto_aim/auto_aim/msg/rosidl_typesupport_introspection_c__visibility_control.h
-- Up-to-date: /home/dyj/rm2026/transistor_rm2026_algorithm_visual_ws/install/auto_aim/lib/libauto_aim__rosidl_typesupport_introspection_c.so
-- Up-to-date: /home/dyj/rm2026/transistor_rm2026_algorithm_visual_ws/install/auto_aim/lib/libauto_aim__rosidl_typesupport_c.so
-- Up-to-date: /home/dyj/rm2026/transistor_rm2026_algorithm_visual_ws/install/auto_aim/include/auto_aim/auto_aim
-- Up-to-date: /home/dyj/rm2026/transistor_rm2026_algorithm_visual_ws/install/auto_aim/include/auto_aim/auto_aim/msg
-- Up-to-date: /home/dyj/rm2026/transistor_rm2026_algorithm_visual_ws/install/auto_aim/include/auto_aim/auto_aim/msg/detail
-- Up-to-date: /home/dyj/rm2026/transistor_rm2026_algorithm_visual_ws/install/auto_aim/include/auto_aim/auto_aim/msg/detail/gimbal_command__type_support.cpp
-- Up-to-date: /home/dyj/rm2026/transistor_rm2026_algorithm_visual_ws/install/auto_aim/include/auto_aim/auto_aim/msg/detail/serial_data__rosidl_typesupport_introspection_cpp.hpp
-- Up-to-date: /home/dyj/rm2026/transistor_rm2026_algorithm_visual_ws/install/auto_aim/include/auto_aim/auto_aim/msg/detail/gimbal_command__rosidl_typesupport_introspection_cpp.hpp
-- Up-to-date: /home/dyj/rm2026/transistor_rm2026_algorithm_visual_ws/install/auto_aim/include/auto_aim/auto_aim/msg/detail/serial_data__type_support.cpp
-- Up-to-date: /home/dyj/rm2026/transistor_rm2026_algorithm_visual_ws/install/auto_aim/lib/libauto_aim__rosidl_typesupport_introspection_cpp.so
-- Up-to-date: /home/dyj/rm2026/transistor_rm2026_algorithm_visual_ws/install/auto_aim/lib/libauto_aim__rosidl_typesupport_cpp.so
-- Up-to-date: /home/dyj/rm2026/transistor_rm2026_algorithm_visual_ws/install/auto_aim/share/auto_aim/environment/pythonpath.sh
-- Installing: /home/dyj/rm2026/transistor_rm2026_algorithm_visual_ws/install/auto_aim/share/auto_aim/environment/pythonpath.dsv
-- Up-to-date: /home/dyj/rm2026/transistor_rm2026_algorithm_visual_ws/install/auto_aim/local/lib/python3.10/dist-packages/auto_aim-0.0.1-py3.10.egg-info
-- Installing: /home/dyj/rm2026/transistor_rm2026_algorithm_visual_ws/install/auto_aim/local/lib/python3.10/dist-packages/auto_aim-0.0.1-py3.10.egg-info/SOURCES.txt
-- Installing: /home/dyj/rm2026/transistor_rm2026_algorithm_visual_ws/install/auto_aim/local/lib/python3.10/dist-packages/auto_aim-0.0.1-py3.10.egg-info/dependency_links.txt
-- Installing: /home/dyj/rm2026/transistor_rm2026_algorithm_visual_ws/install/auto_aim/local/lib/python3.10/dist-packages/auto_aim-0.0.1-py3.10.egg-info/PKG-INFO
-- Installing: /home/dyj/rm2026/transistor_rm2026_algorithm_visual_ws/install/auto_aim/local/lib/python3.10/dist-packages/auto_aim-0.0.1-py3.10.egg-info/top_level.txt
-- Up-to-date: /home/dyj/rm2026/transistor_rm2026_algorithm_visual_ws/install/auto_aim/local/lib/python3.10/dist-packages/auto_aim
-- Up-to-date: /home/dyj/rm2026/transistor_rm2026_algorithm_visual_ws/install/auto_aim/local/lib/python3.10/dist-packages/auto_aim/_auto_aim_s.ep.rosidl_typesupport_c.c
-- Up-to-date: /home/dyj/rm2026/transistor_rm2026_algorithm_visual_ws/install/auto_aim/local/lib/python3.10/dist-packages/auto_aim/auto_aim_s__rosidl_typesupport_c.cpython-310-x86_64-linux-gnu.so
-- Installing: /home/dyj/rm2026/transistor_rm2026_algorithm_visual_ws/install/auto_aim/local/lib/python3.10/dist-packages/auto_aim/__init__.py
-- Up-to-date: /home/dyj/rm2026/transistor_rm2026_algorithm_visual_ws/install/auto_aim/local/lib/python3.10/dist-packages/auto_aim/msg
-- Up-to-date: /home/dyj/rm2026/transistor_rm2026_algorithm_visual_ws/install/auto_aim/local/lib/python3.10/dist-packages/auto_aim/msg/__init__.py
-- Up-to-date: /home/dyj/rm2026/transistor_rm2026_algorithm_visual_ws/install/auto_aim/local/lib/python3.10/dist-packages/auto_aim/msg/_gimbal_command_s.c
-- Up-to-date: /home/dyj/rm2026/transistor_rm2026_algorithm_visual_ws/install/auto_aim/local/lib/python3.10/dist-packages/auto_aim/msg/_gimbal_command.py
-- Up-to-date: /home/dyj/rm2026/transistor_rm2026_algorithm_visual_ws/install/auto_aim/local/lib/python3.10/dist-packages/auto_aim/msg/_serial_data.py
-- Up-to-date: /home/dyj/rm2026/transistor_rm2026_algorithm_visual_ws/install/auto_aim/local/lib/python3.10/dist-packages/auto_aim/msg/_serial_data_s.c
-- Up-to-date: /home/dyj/rm2026/transistor_rm2026_algorithm_visual_ws/install/auto_aim/local/lib/python3.10/dist-packages/auto_aim/_auto_aim_s.ep.rosidl_typesupport_fastrtps_c.c
-- Up-to-date: /home/dyj/rm2026/transistor_rm2026_algorithm_visual_ws/install/auto_aim/local/lib/python3.10/dist-packages/auto_aim/auto_aim_s__rosidl_typesupport_fastrtps_c.cpython-310-x86_64-linux-gnu.so
-- Up-to-date: /home/dyj/rm2026/transistor_rm2026_algorithm_visual_ws/install/auto_aim/local/lib/python3.10/dist-packages/auto_aim/auto_aim_s__rosidl_typesupport_introspection_c.cpython-310-x86_64-linux-gnu.so
-- Up-to-date: /home/dyj/rm2026/transistor_rm2026_algorithm_visual_ws/install/auto_aim/local/lib/python3.10/dist-packages/auto_aim/libauto_aim__rosidl_generator_py.so
-- Up-to-date: /home/dyj/rm2026/transistor_rm2026_algorithm_visual_ws/install/auto_aim/local/lib/python3.10/dist-packages/auto_aim/_auto_aim_s.ep.rosidl_typesupport_introspection_c.c
Listing '/home/dyj/rm2026/transistor_rm2026_algorithm_visual_ws/install/auto_aim/local/lib/python3.10/dist-packages/auto_aim'...
Compiling '/home/dyj/rm2026/transistor_rm2026_algorithm_visual_ws/install/auto_aim/local/lib/python3.10/dist-packages/auto_aim/__init__.py'...
Listing '/home/dyj/rm2026/transistor_rm2026_algorithm_visual_ws/install/auto_aim/local/lib/python3.10/dist-packages/auto_aim/msg'...
-- Up-to-date: /home/dyj/rm2026/transistor_rm2026_algorithm_visual_ws/install/auto_aim/local/lib/python3.10/dist-packages/auto_aim/auto_aim_s__rosidl_typesupport_fastrtps_c.cpython-310-x86_64-linux-gnu.so
-- Up-to-date: /home/dyj/rm2026/transistor_rm2026_algorithm_visual_ws/install/auto_aim/local/lib/python3.10/dist-packages/auto_aim/auto_aim_s__rosidl_typesupport_introspection_c.cpython-310-x86_64-linux-gnu.so
-- Up-to-date: /home/dyj/rm2026/transistor_rm2026_algorithm_visual_ws/install/auto_aim/local/lib/python3.10/dist-packages/auto_aim/auto_aim_s__rosidl_typesupport_c.cpython-310-x86_64-linux-gnu.so
-- Up-to-date: /home/dyj/rm2026/transistor_rm2026_algorithm_visual_ws/install/auto_aim/lib/libauto_aim__rosidl_generator_py.so
-- Up-to-date: /home/dyj/rm2026/transistor_rm2026_algorithm_visual_ws/install/auto_aim/share/auto_aim/msg/SerialData.idl
-- Up-to-date: /home/dyj/rm2026/transistor_rm2026_algorithm_visual_ws/install/auto_aim/share/auto_aim/msg/GimbalCommand.idl
-- Up-to-date: /home/dyj/rm2026/transistor_rm2026_algorithm_visual_ws/install/auto_aim/share/auto_aim/msg/SerialData.msg
-- Up-to-date: /home/dyj/rm2026/transistor_rm2026_algorithm_visual_ws/install/auto_aim/share/auto_aim/msg/GimbalCommand.msg
-- Installing: /home/dyj/rm2026/transistor_rm2026_algorithm_visual_ws/install/auto_aim/lib/auto_aim/armor_detect_node
-- Up-to-date: /home/dyj/rm2026/transistor_rm2026_algorithm_visual_ws/install/auto_aim/lib/auto_aim/com_node
-- Up-to-date: /home/dyj/rm2026/transistor_rm2026_algorithm_visual_ws/install/auto_aim/lib/libarmor_detector.so
-- Up-to-date: /home/dyj/rm2026/transistor_rm2026_algorithm_visual_ws/install/auto_aim/lib/libcrc_lib.so
-- Up-to-date: /home/dyj/rm2026/transistor_rm2026_algorithm_visual_ws/install/auto_aim/share/auto_aim/launch
-- Up-to-date: /home/dyj/rm2026/transistor_rm2026_algorithm_visual_ws/install/auto_aim/share/auto_aim/launch/auto_aim_launch.py
-- Up-to-date: /home/dyj/rm2026/transistor_rm2026_algorithm_visual_ws/install/auto_aim/share/ament_index/resource_index/package_run_dependencies/auto_aim
-- Up-to-date: /home/dyj/rm2026/transistor_rm2026_algorithm_visual_ws/install/auto_aim/share/ament_index/resource_index/parent_prefix_path/auto_aim
-- Up-to-date: /home/dyj/rm2026/transistor_rm2026_algorithm_visual_ws/install/auto_aim/share/auto_aim/environment/ament_prefix_path.sh
-- Installing: /home/dyj/rm2026/transistor_rm2026_algorithm_visual_ws/install/auto_aim/share/auto_aim/environment/ament_prefix_path.dsv
-- Up-to-date: /home/dyj/rm2026/transistor_rm2026_algorithm_visual_ws/install/auto_aim/share/auto_aim/environment/path.sh
-- Installing: /home/dyj/rm2026/transistor_rm2026_algorithm_visual_ws/install/auto_aim/share/auto_aim/environment/path.dsv
-- Up-to-date: /home/dyj/rm2026/transistor_rm2026_algorithm_visual_ws/install/auto_aim/share/auto_aim/local_setup.bash
-- Up-to-date: /home/dyj/rm2026/transistor_rm2026_algorithm_visual_ws/install/auto_aim/share/auto_aim/local_setup.sh
-- Up-to-date: /home/dyj/rm2026/transistor_rm2026_algorithm_visual_ws/install/auto_aim/share/auto_aim/local_setup.zsh
-- Installing: /home/dyj/rm2026/transistor_rm2026_algorithm_visual_ws/install/auto_aim/share/auto_aim/local_setup.dsv
-- Installing: /home/dyj/rm2026/transistor_rm2026_algorithm_visual_ws/install/auto_aim/share/auto_aim/package.dsv
-- Up-to-date: /home/dyj/rm2026/transistor_rm2026_algorithm_visual_ws/install/auto_aim/share/ament_index/resource_index/packages/auto_aim
-- Up-to-date: /home/dyj/rm2026/transistor_rm2026_algorithm_visual_ws/install/auto_aim/share/auto_aim/cmake/export_auto_aim__rosidl_generator_cExport.cmake
-- Up-to-date: /home/dyj/rm2026/transistor_rm2026_algorithm_visual_ws/install/auto_aim/share/auto_aim/cmake/export_auto_aim__rosidl_generator_cExport-release.cmake
-- Up-to-date: /home/dyj/rm2026/transistor_rm2026_algorithm_visual_ws/install/auto_aim/share/auto_aim/cmake/export_auto_aim__rosidl_typesupport_fastrtps_cExport.cmake
-- Up-to-date: /home/dyj/rm2026/transistor_rm2026_algorithm_visual_ws/install/auto_aim/share/auto_aim/cmake/export_auto_aim__rosidl_typesupport_fastrtps_cExport-release.cmake
-- Up-to-date: /home/dyj/rm2026/transistor_rm2026_algorithm_visual_ws/install/auto_aim/share/auto_aim/cmake/export_auto_aim__rosidl_generator_cppExport.cmake
-- Up-to-date: /home/dyj/rm2026/transistor_rm2026_algorithm_visual_ws/install/auto_aim/share/auto_aim/cmake/export_auto_aim__rosidl_typesupport_fastrtps_cppExport.cmake
-- Up-to-date: /home/dyj/rm2026/transistor_rm2026_algorithm_visual_ws/install/auto_aim/share/auto_aim/cmake/export_auto_aim__rosidl_typesupport_fastrtps_cppExport-release.cmake
-- Up-to-date: /home/dyj/rm2026/transistor_rm2026_algorithm_visual_ws/install/auto_aim/share/auto_aim/cmake/auto_aim__rosidl_typesupport_introspection_cExport.cmake
-- Up-to-date: /home/dyj/rm2026/transistor_rm2026_algorithm_visual_ws/install/auto_aim/share/auto_aim/cmake/auto_aim__rosidl_typesupport_introspection_cExport-release.cmake
-- Up-to-date: /home/dyj/rm2026/transistor_rm2026_algorithm_visual_ws/install/auto_aim/share/auto_aim/cmake/auto_aim__rosidl_typesupport_cExport.cmake
-- Up-to-date: /home/dyj/rm2026/transistor_rm2026_algorithm_visual_ws/install/auto_aim/share/auto_aim/cmake/auto_aim__rosidl_typesupport_cExport-release.cmake
-- Up-to-date: /home/dyj/rm2026/transistor_rm2026_algorithm_visual_ws/install/auto_aim/share/auto_aim/cmake/auto_aim__rosidl_typesupport_introspection_cppExport.cmake
-- Up-to-date: /home/dyj/rm2026/transistor_rm2026_algorithm_visual_ws/install/auto_aim/share/auto_aim/cmake/auto_aim__rosidl_typesupport_introspection_cppExport-release.cmake
-- Up-to-date: /home/dyj/rm2026/transistor_rm2026_algorithm_visual_ws/install/auto_aim/share/auto_aim/cmake/auto_aim__rosidl_typesupport_cppExport.cmake
-- Up-to-date: /home/dyj/rm2026/transistor_rm2026_algorithm_visual_ws/install/auto_aim/share/auto_aim/cmake/auto_aim__rosidl_typesupport_cppExport-release.cmake
-- Up-to-date: /home/dyj/rm2026/transistor_rm2026_algorithm_visual_ws/install/auto_aim/share/auto_aim/cmake/export_auto_aim__rosidl_generator_pyExport.cmake
-- Up-to-date: /home/dyj/rm2026/transistor_rm2026_algorithm_visual_ws/install/auto_aim/share/auto_aim/cmake/export_auto_aim__rosidl_generator_pyExport-release.cmake
-- Up-to-date: /home/dyj/rm2026/transistor_rm2026_algorithm_visual_ws/install/auto_aim/share/auto_aim/cmake/rosidl_cmake-extras.cmake
-- Up-to-date: /home/dyj/rm2026/transistor_rm2026_algorithm_visual_ws/install/auto_aim/share/auto_aim/cmake/ament_cmake_export_include_directories-extras.cmake
-- Up-to-date: /home/dyj/rm2026/transistor_rm2026_algorithm_visual_ws/install/auto_aim/share/auto_aim/cmake/ament_cmake_export_libraries-extras.cmake
-- Up-to-date: /home/dyj/rm2026/transistor_rm2026_algorithm_visual_ws/install/auto_aim/share/auto_aim/cmake/ament_cmake_export_targets-extras.cmake
-- Up-to-date: /home/dyj/rm2026/transistor_rm2026_algorithm_visual_ws/install/auto_aim/share/auto_aim/cmake/rosidl_cmake_export_typesupport_targets-extras.cmake
-- Up-to-date: /home/dyj/rm2026/transistor_rm2026_algorithm_visual_ws/install/auto_aim/share/auto_aim/cmake/ament_cmake_export_dependencies-extras.cmake
-- Up-to-date: /home/dyj/rm2026/transistor_rm2026_algorithm_visual_ws/install/auto_aim/share/auto_aim/cmake/rosidl_cmake_export_typesupport_libraries-extras.cmake
-- Up-to-date: /home/dyj/rm2026/transistor_rm2026_algorithm_visual_ws/install/auto_aim/share/auto_aim/cmake/auto_aimConfig.cmake
-- Up-to-date: /home/dyj/rm2026/transistor_rm2026_algorithm_visual_ws/install/auto_aim/share/auto_aim/cmake/auto_aimConfig-version.cmake
-- Up-to-date: /home/dyj/rm2026/transistor_rm2026_algorithm_visual_ws/install/auto_aim/share/auto_aim/package.xml
