[0.010s] Invoking command in '/home/dyj/rm2026/transistor_rm2026_algorithm_visual_ws/build/auto_aim': CMAKE_PREFIX_PATH=${CMAKE_PREFIX_PATH}:/opt/ros/humble /usr/bin/cmake --build /home/dyj/rm2026/transistor_rm2026_algorithm_visual_ws/build/auto_aim -- -j12 -l12
[0.023s] [0mCMake Deprecation Warning at CMakeLists.txt:1 (cmake_minimum_required):
[0.023s]   Compatibility with CMake < 3.10 will be removed from a future version of
[0.023s]   CMake.
[0.023s] 
[0.023s]   Update the VERSION argument <min> value.  Or, use the <min>...<max> syntax
[0.023s]   to tell CMake that the project requires at least <min> but has been updated
[0.023s]   to work with policies introduced by <max> or earlier.
[0.023s] 
[0.023s] [0m
[0.032s] -- Found ament_cmake: 1.3.12 (/opt/ros/humble/share/ament_cmake/cmake)
[0.171s] -- Found rclcpp: 16.0.14 (/opt/ros/humble/share/rclcpp/cmake)
[0.198s] -- Found rosidl_generator_c: 3.1.7 (/opt/ros/humble/share/rosidl_generator_c/cmake)
[0.200s] -- Found rosidl_adapter: 3.1.7 (/opt/ros/humble/share/rosidl_adapter/cmake)
[0.206s] -- Found rosidl_generator_cpp: 3.1.7 (/opt/ros/humble/share/rosidl_generator_cpp/cmake)
[0.214s] -- Using all available rosidl_typesupport_c: rosidl_typesupport_fastrtps_c;rosidl_typesupport_introspection_c
[0.224s] -- Using all available rosidl_typesupport_cpp: rosidl_typesupport_fastrtps_cpp;rosidl_typesupport_introspection_cpp
[0.254s] -- Found rmw_implementation_cmake: 6.1.2 (/opt/ros/humble/share/rmw_implementation_cmake/cmake)
[0.255s] -- Found rmw_fastrtps_cpp: 6.2.8 (/opt/ros/humble/share/rmw_fastrtps_cpp/cmake)
[0.329s] -- Using RMW implementation 'rmw_fastrtps_cpp' as default
[0.378s] -- Found cv_bridge: 3.2.1 (/opt/ros/humble/share/cv_bridge/cmake)
[0.414s] -- Found rosidl_default_generators: 1.2.0 (/opt/ros/humble/share/rosidl_default_generators/cmake)
[0.423s] -- Found required Ceres dependency: Eigen version 3.4.0 in /usr/include/eigen3
[0.427s] -- Found required Ceres dependency: glog
[0.427s] -- Found required Ceres dependency: gflags
[0.428s] -- Found Ceres version: 2.0.0 installed in: /usr with components: [EigenSparse, SparseLinearAlgebraLibrary, LAPACK, SuiteSparse, CXSparse, SchurSpecializations, Multithreading]
[0.710s] -- Found ament_cmake_ros: 0.10.0 (/opt/ros/humble/share/ament_cmake_ros/cmake)
[1.157s] -- Using all available rosidl_typesupport_c: rosidl_typesupport_fastrtps_c;rosidl_typesupport_introspection_c
[1.323s] -- Using all available rosidl_typesupport_cpp: rosidl_typesupport_fastrtps_cpp;rosidl_typesupport_introspection_cpp
[1.325s] [33mCMake Warning (dev) at /opt/ros/humble/share/rosidl_generator_py/cmake/rosidl_generator_py_generate_interfaces.cmake:20 (find_package):
[1.325s]   Policy CMP0148 is not set: The FindPythonInterp and FindPythonLibs modules
[1.325s]   are removed.  Run "cmake --help-policy CMP0148" for policy details.  Use
[1.326s]   the cmake_policy command to set the policy and suppress this warning.
[1.326s] 
[1.326s] Call Stack (most recent call first):
[1.326s]   /opt/ros/humble/share/ament_cmake_core/cmake/core/ament_execute_extensions.cmake:48 (include)
[1.326s]   /opt/ros/humble/share/rosidl_cmake/cmake/rosidl_generate_interfaces.cmake:286 (ament_execute_extensions)
[1.326s]   CMakeLists.txt:22 (rosidl_generate_interfaces)
[1.326s] This warning is for project developers.  Use -Wno-dev to suppress it.
[1.326s] [0m
[1.342s] -- Found python_cmake_module: 0.10.0 (/opt/ros/humble/share/python_cmake_module/cmake)
[1.342s] [33mCMake Warning (dev) at /opt/ros/humble/share/python_cmake_module/cmake/Modules/FindPythonExtra.cmake:52 (find_package):
[1.342s]   Policy CMP0148 is not set: The FindPythonInterp and FindPythonLibs modules
[1.342s]   are removed.  Run "cmake --help-policy CMP0148" for policy details.  Use
[1.342s]   the cmake_policy command to set the policy and suppress this warning.
[1.342s] 
[1.342s] Call Stack (most recent call first):
[1.342s]   /opt/ros/humble/share/rosidl_generator_py/cmake/rosidl_generator_py_generate_interfaces.cmake:23 (find_package)
[1.342s]   /opt/ros/humble/share/ament_cmake_core/cmake/core/ament_execute_extensions.cmake:48 (include)
[1.342s]   /opt/ros/humble/share/rosidl_cmake/cmake/rosidl_generate_interfaces.cmake:286 (ament_execute_extensions)
[1.342s]   CMakeLists.txt:22 (rosidl_generate_interfaces)
[1.342s] This warning is for project developers.  Use -Wno-dev to suppress it.
[1.343s] [0m
[1.355s] [33mCMake Warning (dev) at /opt/ros/humble/share/python_cmake_module/cmake/Modules/FindPythonExtra.cmake:140 (find_package):
[1.355s]   Policy CMP0148 is not set: The FindPythonInterp and FindPythonLibs modules
[1.355s]   are removed.  Run "cmake --help-policy CMP0148" for policy details.  Use
[1.355s]   the cmake_policy command to set the policy and suppress this warning.
[1.356s] 
[1.356s] Call Stack (most recent call first):
[1.356s]   /opt/ros/humble/share/rosidl_generator_py/cmake/rosidl_generator_py_generate_interfaces.cmake:23 (find_package)
[1.356s]   /opt/ros/humble/share/ament_cmake_core/cmake/core/ament_execute_extensions.cmake:48 (include)
[1.356s]   /opt/ros/humble/share/rosidl_cmake/cmake/rosidl_generate_interfaces.cmake:286 (ament_execute_extensions)
[1.356s]   CMakeLists.txt:22 (rosidl_generate_interfaces)
[1.356s] This warning is for project developers.  Use -Wno-dev to suppress it.
[1.356s] [0m
[1.357s] -- Using PYTHON_EXECUTABLE: /usr/bin/python3
[1.357s] -- Using PYTHON_INCLUDE_DIRS: /usr/include/python3.10
[1.357s] -- Using PYTHON_LIBRARIES: /usr/lib/x86_64-linux-gnu/libpython3.10.so
[1.373s] -- Configuring done (1.4s)
[1.477s] -- Generating done (0.1s)
[1.487s] -- Build files have been written to: /home/dyj/rm2026/transistor_rm2026_algorithm_visual_ws/build/auto_aim
[1.505s] [  1%] Built target auto_aim__cpp
[1.506s] [  5%] Built target crc_lib
[1.507s] [ 11%] Built target auto_aim__rosidl_generator_c
[1.509s] [ 11%] Built target ament_cmake_python_copy_auto_aim
[1.515s] [ 18%] Built target auto_aim__rosidl_typesupport_c
[1.516s] [ 25%] Built target auto_aim__rosidl_typesupport_fastrtps_cpp
[1.517s] [ 32%] Built target auto_aim__rosidl_typesupport_introspection_c
[1.517s] [ 50%] Built target auto_aim__rosidl_typesupport_cpp
[1.517s] [ 50%] Built target auto_aim__rosidl_typesupport_introspection_cpp
[1.517s] [ 52%] Built target auto_aim__rosidl_typesupport_fastrtps_c
[1.533s] [ 76%] Built target armor_detector
[1.533s] [ 79%] Built target com_node
[1.542s] [ 79%] Built target auto_aim
[1.550s] [ 81%] Built target auto_aim__py
[1.552s] [ 83%] [32mBuilding CXX object CMakeFiles/armor_detect_node.dir/src/nodes/ArmorDetect_Node.cpp.o[0m
[1.562s] [ 88%] Built target auto_aim__rosidl_generator_py
[1.572s] [ 91%] Built target auto_aim__rosidl_typesupport_introspection_c__pyext
[1.573s] [ 94%] Built target auto_aim__rosidl_typesupport_fastrtps_c__pyext
[1.574s] [ 98%] Built target auto_aim__rosidl_typesupport_c__pyext
[1.664s] running egg_info
[1.665s] writing auto_aim.egg-info/PKG-INFO
[1.665s] writing dependency_links to auto_aim.egg-info/dependency_links.txt
[1.665s] writing top-level names to auto_aim.egg-info/top_level.txt
[1.667s] reading manifest file 'auto_aim.egg-info/SOURCES.txt'
[1.667s] writing manifest file 'auto_aim.egg-info/SOURCES.txt'
[1.684s] [ 98%] Built target ament_cmake_python_build_auto_aim_egg
[7.303s] [100%] [32m[1mLinking CXX executable armor_detect_node[0m
[10.039s] [100%] Built target armor_detect_node
[10.044s] Invoked command in '/home/dyj/rm2026/transistor_rm2026_algorithm_visual_ws/build/auto_aim' returned '0': CMAKE_PREFIX_PATH=${CMAKE_PREFIX_PATH}:/opt/ros/humble /usr/bin/cmake --build /home/dyj/rm2026/transistor_rm2026_algorithm_visual_ws/build/auto_aim -- -j12 -l12
[10.048s] Invoking command in '/home/dyj/rm2026/transistor_rm2026_algorithm_visual_ws/build/auto_aim': CMAKE_PREFIX_PATH=${CMAKE_PREFIX_PATH}:/opt/ros/humble /usr/bin/cmake --install /home/dyj/rm2026/transistor_rm2026_algorithm_visual_ws/build/auto_aim
[10.052s] -- Install configuration: "Release"
[10.052s] -- Up-to-date: /home/dyj/rm2026/transistor_rm2026_algorithm_visual_ws/install/auto_aim/share/ament_index/resource_index/rosidl_interfaces/auto_aim
[10.052s] -- Up-to-date: /home/dyj/rm2026/transistor_rm2026_algorithm_visual_ws/install/auto_aim/include/auto_aim/auto_aim
[10.052s] -- Up-to-date: /home/dyj/rm2026/transistor_rm2026_algorithm_visual_ws/install/auto_aim/include/auto_aim/auto_aim/msg
[10.052s] -- Up-to-date: /home/dyj/rm2026/transistor_rm2026_algorithm_visual_ws/install/auto_aim/include/auto_aim/auto_aim/msg/gimbal_command.h
[10.052s] -- Up-to-date: /home/dyj/rm2026/transistor_rm2026_algorithm_visual_ws/install/auto_aim/include/auto_aim/auto_aim/msg/serial_data.h
[10.052s] -- Up-to-date: /home/dyj/rm2026/transistor_rm2026_algorithm_visual_ws/install/auto_aim/include/auto_aim/auto_aim/msg/rosidl_generator_c__visibility_control.h
[10.052s] -- Up-to-date: /home/dyj/rm2026/transistor_rm2026_algorithm_visual_ws/install/auto_aim/include/auto_aim/auto_aim/msg/detail
[10.052s] -- Up-to-date: /home/dyj/rm2026/transistor_rm2026_algorithm_visual_ws/install/auto_aim/include/auto_aim/auto_aim/msg/detail/serial_data__struct.h
[10.052s] -- Up-to-date: /home/dyj/rm2026/transistor_rm2026_algorithm_visual_ws/install/auto_aim/include/auto_aim/auto_aim/msg/detail/serial_data__functions.h
[10.052s] -- Up-to-date: /home/dyj/rm2026/transistor_rm2026_algorithm_visual_ws/install/auto_aim/include/auto_aim/auto_aim/msg/detail/serial_data__functions.c
[10.052s] -- Up-to-date: /home/dyj/rm2026/transistor_rm2026_algorithm_visual_ws/install/auto_aim/include/auto_aim/auto_aim/msg/detail/gimbal_command__struct.h
[10.052s] -- Up-to-date: /home/dyj/rm2026/transistor_rm2026_algorithm_visual_ws/install/auto_aim/include/auto_aim/auto_aim/msg/detail/gimbal_command__functions.h
[10.052s] -- Up-to-date: /home/dyj/rm2026/transistor_rm2026_algorithm_visual_ws/install/auto_aim/include/auto_aim/auto_aim/msg/detail/serial_data__type_support.h
[10.052s] -- Up-to-date: /home/dyj/rm2026/transistor_rm2026_algorithm_visual_ws/install/auto_aim/include/auto_aim/auto_aim/msg/detail/gimbal_command__functions.c
[10.052s] -- Up-to-date: /home/dyj/rm2026/transistor_rm2026_algorithm_visual_ws/install/auto_aim/include/auto_aim/auto_aim/msg/detail/gimbal_command__type_support.h
[10.053s] -- Up-to-date: /home/dyj/rm2026/transistor_rm2026_algorithm_visual_ws/install/auto_aim/share/auto_aim/environment/library_path.sh
[10.053s] -- Installing: /home/dyj/rm2026/transistor_rm2026_algorithm_visual_ws/install/auto_aim/share/auto_aim/environment/library_path.dsv
[10.053s] -- Up-to-date: /home/dyj/rm2026/transistor_rm2026_algorithm_visual_ws/install/auto_aim/lib/libauto_aim__rosidl_generator_c.so
[10.053s] -- Up-to-date: /home/dyj/rm2026/transistor_rm2026_algorithm_visual_ws/install/auto_aim/include/auto_aim/auto_aim
[10.053s] -- Up-to-date: /home/dyj/rm2026/transistor_rm2026_algorithm_visual_ws/install/auto_aim/include/auto_aim/auto_aim/msg
[10.053s] -- Up-to-date: /home/dyj/rm2026/transistor_rm2026_algorithm_visual_ws/install/auto_aim/include/auto_aim/auto_aim/msg/rosidl_typesupport_fastrtps_c__visibility_control.h
[10.053s] -- Up-to-date: /home/dyj/rm2026/transistor_rm2026_algorithm_visual_ws/install/auto_aim/include/auto_aim/auto_aim/msg/detail
[10.053s] -- Up-to-date: /home/dyj/rm2026/transistor_rm2026_algorithm_visual_ws/install/auto_aim/include/auto_aim/auto_aim/msg/detail/serial_data__rosidl_typesupport_fastrtps_c.h
[10.053s] -- Up-to-date: /home/dyj/rm2026/transistor_rm2026_algorithm_visual_ws/install/auto_aim/include/auto_aim/auto_aim/msg/detail/gimbal_command__rosidl_typesupport_fastrtps_c.h
[10.053s] -- Up-to-date: /home/dyj/rm2026/transistor_rm2026_algorithm_visual_ws/install/auto_aim/lib/libauto_aim__rosidl_typesupport_fastrtps_c.so
[10.053s] -- Up-to-date: /home/dyj/rm2026/transistor_rm2026_algorithm_visual_ws/install/auto_aim/include/auto_aim/auto_aim
[10.053s] -- Up-to-date: /home/dyj/rm2026/transistor_rm2026_algorithm_visual_ws/install/auto_aim/include/auto_aim/auto_aim/msg
[10.053s] -- Up-to-date: /home/dyj/rm2026/transistor_rm2026_algorithm_visual_ws/install/auto_aim/include/auto_aim/auto_aim/msg/detail
[10.053s] -- Up-to-date: /home/dyj/rm2026/transistor_rm2026_algorithm_visual_ws/install/auto_aim/include/auto_aim/auto_aim/msg/detail/serial_data__traits.hpp
[10.053s] -- Up-to-date: /home/dyj/rm2026/transistor_rm2026_algorithm_visual_ws/install/auto_aim/include/auto_aim/auto_aim/msg/detail/serial_data__builder.hpp
[10.053s] -- Up-to-date: /home/dyj/rm2026/transistor_rm2026_algorithm_visual_ws/install/auto_aim/include/auto_aim/auto_aim/msg/detail/serial_data__struct.hpp
[10.054s] -- Up-to-date: /home/dyj/rm2026/transistor_rm2026_algorithm_visual_ws/install/auto_aim/include/auto_aim/auto_aim/msg/detail/gimbal_command__struct.hpp
[10.054s] -- Up-to-date: /home/dyj/rm2026/transistor_rm2026_algorithm_visual_ws/install/auto_aim/include/auto_aim/auto_aim/msg/detail/gimbal_command__builder.hpp
[10.054s] -- Up-to-date: /home/dyj/rm2026/transistor_rm2026_algorithm_visual_ws/install/auto_aim/include/auto_aim/auto_aim/msg/detail/serial_data__type_support.hpp
[10.054s] -- Up-to-date: /home/dyj/rm2026/transistor_rm2026_algorithm_visual_ws/install/auto_aim/include/auto_aim/auto_aim/msg/detail/gimbal_command__traits.hpp
[10.054s] -- Up-to-date: /home/dyj/rm2026/transistor_rm2026_algorithm_visual_ws/install/auto_aim/include/auto_aim/auto_aim/msg/detail/gimbal_command__type_support.hpp
[10.054s] -- Up-to-date: /home/dyj/rm2026/transistor_rm2026_algorithm_visual_ws/install/auto_aim/include/auto_aim/auto_aim/msg/rosidl_generator_cpp__visibility_control.hpp
[10.054s] -- Up-to-date: /home/dyj/rm2026/transistor_rm2026_algorithm_visual_ws/install/auto_aim/include/auto_aim/auto_aim/msg/serial_data.hpp
[10.054s] -- Up-to-date: /home/dyj/rm2026/transistor_rm2026_algorithm_visual_ws/install/auto_aim/include/auto_aim/auto_aim/msg/gimbal_command.hpp
[10.054s] -- Up-to-date: /home/dyj/rm2026/transistor_rm2026_algorithm_visual_ws/install/auto_aim/include/auto_aim/auto_aim
[10.054s] -- Up-to-date: /home/dyj/rm2026/transistor_rm2026_algorithm_visual_ws/install/auto_aim/include/auto_aim/auto_aim/msg
[10.054s] -- Up-to-date: /home/dyj/rm2026/transistor_rm2026_algorithm_visual_ws/install/auto_aim/include/auto_aim/auto_aim/msg/rosidl_typesupport_fastrtps_cpp__visibility_control.h
[10.054s] -- Up-to-date: /home/dyj/rm2026/transistor_rm2026_algorithm_visual_ws/install/auto_aim/include/auto_aim/auto_aim/msg/detail
[10.054s] -- Up-to-date: /home/dyj/rm2026/transistor_rm2026_algorithm_visual_ws/install/auto_aim/include/auto_aim/auto_aim/msg/detail/dds_fastrtps
[10.054s] -- Up-to-date: /home/dyj/rm2026/transistor_rm2026_algorithm_visual_ws/install/auto_aim/include/auto_aim/auto_aim/msg/detail/serial_data__rosidl_typesupport_fastrtps_cpp.hpp
[10.054s] -- Up-to-date: /home/dyj/rm2026/transistor_rm2026_algorithm_visual_ws/install/auto_aim/include/auto_aim/auto_aim/msg/detail/gimbal_command__rosidl_typesupport_fastrtps_cpp.hpp
[10.054s] -- Up-to-date: /home/dyj/rm2026/transistor_rm2026_algorithm_visual_ws/install/auto_aim/lib/libauto_aim__rosidl_typesupport_fastrtps_cpp.so
[10.054s] -- Up-to-date: /home/dyj/rm2026/transistor_rm2026_algorithm_visual_ws/install/auto_aim/include/auto_aim/auto_aim
[10.054s] -- Up-to-date: /home/dyj/rm2026/transistor_rm2026_algorithm_visual_ws/install/auto_aim/include/auto_aim/auto_aim/msg
[10.054s] -- Up-to-date: /home/dyj/rm2026/transistor_rm2026_algorithm_visual_ws/install/auto_aim/include/auto_aim/auto_aim/msg/detail
[10.054s] -- Up-to-date: /home/dyj/rm2026/transistor_rm2026_algorithm_visual_ws/install/auto_aim/include/auto_aim/auto_aim/msg/detail/gimbal_command__rosidl_typesupport_introspection_c.h
[10.054s] -- Up-to-date: /home/dyj/rm2026/transistor_rm2026_algorithm_visual_ws/install/auto_aim/include/auto_aim/auto_aim/msg/detail/gimbal_command__type_support.c
[10.054s] -- Up-to-date: /home/dyj/rm2026/transistor_rm2026_algorithm_visual_ws/install/auto_aim/include/auto_aim/auto_aim/msg/detail/serial_data__type_support.c
[10.054s] -- Up-to-date: /home/dyj/rm2026/transistor_rm2026_algorithm_visual_ws/install/auto_aim/include/auto_aim/auto_aim/msg/detail/serial_data__rosidl_typesupport_introspection_c.h
[10.054s] -- Up-to-date: /home/dyj/rm2026/transistor_rm2026_algorithm_visual_ws/install/auto_aim/include/auto_aim/auto_aim/msg/rosidl_typesupport_introspection_c__visibility_control.h
[10.054s] -- Up-to-date: /home/dyj/rm2026/transistor_rm2026_algorithm_visual_ws/install/auto_aim/lib/libauto_aim__rosidl_typesupport_introspection_c.so
[10.054s] -- Up-to-date: /home/dyj/rm2026/transistor_rm2026_algorithm_visual_ws/install/auto_aim/lib/libauto_aim__rosidl_typesupport_c.so
[10.054s] -- Up-to-date: /home/dyj/rm2026/transistor_rm2026_algorithm_visual_ws/install/auto_aim/include/auto_aim/auto_aim
[10.054s] -- Up-to-date: /home/dyj/rm2026/transistor_rm2026_algorithm_visual_ws/install/auto_aim/include/auto_aim/auto_aim/msg
[10.054s] -- Up-to-date: /home/dyj/rm2026/transistor_rm2026_algorithm_visual_ws/install/auto_aim/include/auto_aim/auto_aim/msg/detail
[10.054s] -- Up-to-date: /home/dyj/rm2026/transistor_rm2026_algorithm_visual_ws/install/auto_aim/include/auto_aim/auto_aim/msg/detail/gimbal_command__type_support.cpp
[10.055s] -- Up-to-date: /home/dyj/rm2026/transistor_rm2026_algorithm_visual_ws/install/auto_aim/include/auto_aim/auto_aim/msg/detail/serial_data__rosidl_typesupport_introspection_cpp.hpp
[10.055s] -- Up-to-date: /home/dyj/rm2026/transistor_rm2026_algorithm_visual_ws/install/auto_aim/include/auto_aim/auto_aim/msg/detail/gimbal_command__rosidl_typesupport_introspection_cpp.hpp
[10.055s] -- Up-to-date: /home/dyj/rm2026/transistor_rm2026_algorithm_visual_ws/install/auto_aim/include/auto_aim/auto_aim/msg/detail/serial_data__type_support.cpp
[10.055s] -- Up-to-date: /home/dyj/rm2026/transistor_rm2026_algorithm_visual_ws/install/auto_aim/lib/libauto_aim__rosidl_typesupport_introspection_cpp.so
[10.055s] -- Up-to-date: /home/dyj/rm2026/transistor_rm2026_algorithm_visual_ws/install/auto_aim/lib/libauto_aim__rosidl_typesupport_cpp.so
[10.055s] -- Up-to-date: /home/dyj/rm2026/transistor_rm2026_algorithm_visual_ws/install/auto_aim/share/auto_aim/environment/pythonpath.sh
[10.055s] -- Installing: /home/dyj/rm2026/transistor_rm2026_algorithm_visual_ws/install/auto_aim/share/auto_aim/environment/pythonpath.dsv
[10.055s] -- Up-to-date: /home/dyj/rm2026/transistor_rm2026_algorithm_visual_ws/install/auto_aim/local/lib/python3.10/dist-packages/auto_aim-0.0.1-py3.10.egg-info
[10.055s] -- Installing: /home/dyj/rm2026/transistor_rm2026_algorithm_visual_ws/install/auto_aim/local/lib/python3.10/dist-packages/auto_aim-0.0.1-py3.10.egg-info/SOURCES.txt
[10.056s] -- Installing: /home/dyj/rm2026/transistor_rm2026_algorithm_visual_ws/install/auto_aim/local/lib/python3.10/dist-packages/auto_aim-0.0.1-py3.10.egg-info/dependency_links.txt
[10.056s] -- Installing: /home/dyj/rm2026/transistor_rm2026_algorithm_visual_ws/install/auto_aim/local/lib/python3.10/dist-packages/auto_aim-0.0.1-py3.10.egg-info/PKG-INFO
[10.056s] -- Installing: /home/dyj/rm2026/transistor_rm2026_algorithm_visual_ws/install/auto_aim/local/lib/python3.10/dist-packages/auto_aim-0.0.1-py3.10.egg-info/top_level.txt
[10.056s] -- Up-to-date: /home/dyj/rm2026/transistor_rm2026_algorithm_visual_ws/install/auto_aim/local/lib/python3.10/dist-packages/auto_aim
[10.056s] -- Up-to-date: /home/dyj/rm2026/transistor_rm2026_algorithm_visual_ws/install/auto_aim/local/lib/python3.10/dist-packages/auto_aim/_auto_aim_s.ep.rosidl_typesupport_c.c
[10.056s] -- Up-to-date: /home/dyj/rm2026/transistor_rm2026_algorithm_visual_ws/install/auto_aim/local/lib/python3.10/dist-packages/auto_aim/auto_aim_s__rosidl_typesupport_c.cpython-310-x86_64-linux-gnu.so
[10.056s] -- Installing: /home/dyj/rm2026/transistor_rm2026_algorithm_visual_ws/install/auto_aim/local/lib/python3.10/dist-packages/auto_aim/__init__.py
[10.056s] -- Up-to-date: /home/dyj/rm2026/transistor_rm2026_algorithm_visual_ws/install/auto_aim/local/lib/python3.10/dist-packages/auto_aim/msg
[10.056s] -- Up-to-date: /home/dyj/rm2026/transistor_rm2026_algorithm_visual_ws/install/auto_aim/local/lib/python3.10/dist-packages/auto_aim/msg/__init__.py
[10.056s] -- Up-to-date: /home/dyj/rm2026/transistor_rm2026_algorithm_visual_ws/install/auto_aim/local/lib/python3.10/dist-packages/auto_aim/msg/_gimbal_command_s.c
[10.056s] -- Up-to-date: /home/dyj/rm2026/transistor_rm2026_algorithm_visual_ws/install/auto_aim/local/lib/python3.10/dist-packages/auto_aim/msg/_gimbal_command.py
[10.056s] -- Up-to-date: /home/dyj/rm2026/transistor_rm2026_algorithm_visual_ws/install/auto_aim/local/lib/python3.10/dist-packages/auto_aim/msg/_serial_data.py
[10.056s] -- Up-to-date: /home/dyj/rm2026/transistor_rm2026_algorithm_visual_ws/install/auto_aim/local/lib/python3.10/dist-packages/auto_aim/msg/_serial_data_s.c
[10.056s] -- Up-to-date: /home/dyj/rm2026/transistor_rm2026_algorithm_visual_ws/install/auto_aim/local/lib/python3.10/dist-packages/auto_aim/_auto_aim_s.ep.rosidl_typesupport_fastrtps_c.c
[10.057s] -- Up-to-date: /home/dyj/rm2026/transistor_rm2026_algorithm_visual_ws/install/auto_aim/local/lib/python3.10/dist-packages/auto_aim/auto_aim_s__rosidl_typesupport_fastrtps_c.cpython-310-x86_64-linux-gnu.so
[10.057s] -- Up-to-date: /home/dyj/rm2026/transistor_rm2026_algorithm_visual_ws/install/auto_aim/local/lib/python3.10/dist-packages/auto_aim/auto_aim_s__rosidl_typesupport_introspection_c.cpython-310-x86_64-linux-gnu.so
[10.057s] -- Up-to-date: /home/dyj/rm2026/transistor_rm2026_algorithm_visual_ws/install/auto_aim/local/lib/python3.10/dist-packages/auto_aim/libauto_aim__rosidl_generator_py.so
[10.057s] -- Up-to-date: /home/dyj/rm2026/transistor_rm2026_algorithm_visual_ws/install/auto_aim/local/lib/python3.10/dist-packages/auto_aim/_auto_aim_s.ep.rosidl_typesupport_introspection_c.c
[10.076s] Listing '/home/dyj/rm2026/transistor_rm2026_algorithm_visual_ws/install/auto_aim/local/lib/python3.10/dist-packages/auto_aim'...
[10.076s] Compiling '/home/dyj/rm2026/transistor_rm2026_algorithm_visual_ws/install/auto_aim/local/lib/python3.10/dist-packages/auto_aim/__init__.py'...
[10.076s] Listing '/home/dyj/rm2026/transistor_rm2026_algorithm_visual_ws/install/auto_aim/local/lib/python3.10/dist-packages/auto_aim/msg'...
[10.079s] -- Up-to-date: /home/dyj/rm2026/transistor_rm2026_algorithm_visual_ws/install/auto_aim/local/lib/python3.10/dist-packages/auto_aim/auto_aim_s__rosidl_typesupport_fastrtps_c.cpython-310-x86_64-linux-gnu.so
[10.079s] -- Up-to-date: /home/dyj/rm2026/transistor_rm2026_algorithm_visual_ws/install/auto_aim/local/lib/python3.10/dist-packages/auto_aim/auto_aim_s__rosidl_typesupport_introspection_c.cpython-310-x86_64-linux-gnu.so
[10.079s] -- Up-to-date: /home/dyj/rm2026/transistor_rm2026_algorithm_visual_ws/install/auto_aim/local/lib/python3.10/dist-packages/auto_aim/auto_aim_s__rosidl_typesupport_c.cpython-310-x86_64-linux-gnu.so
[10.079s] -- Up-to-date: /home/dyj/rm2026/transistor_rm2026_algorithm_visual_ws/install/auto_aim/lib/libauto_aim__rosidl_generator_py.so
[10.079s] -- Up-to-date: /home/dyj/rm2026/transistor_rm2026_algorithm_visual_ws/install/auto_aim/share/auto_aim/msg/SerialData.idl
[10.079s] -- Up-to-date: /home/dyj/rm2026/transistor_rm2026_algorithm_visual_ws/install/auto_aim/share/auto_aim/msg/GimbalCommand.idl
[10.079s] -- Up-to-date: /home/dyj/rm2026/transistor_rm2026_algorithm_visual_ws/install/auto_aim/share/auto_aim/msg/SerialData.msg
[10.079s] -- Up-to-date: /home/dyj/rm2026/transistor_rm2026_algorithm_visual_ws/install/auto_aim/share/auto_aim/msg/GimbalCommand.msg
[10.079s] -- Installing: /home/dyj/rm2026/transistor_rm2026_algorithm_visual_ws/install/auto_aim/lib/auto_aim/armor_detect_node
[10.080s] -- Up-to-date: /home/dyj/rm2026/transistor_rm2026_algorithm_visual_ws/install/auto_aim/lib/auto_aim/com_node
[10.080s] -- Up-to-date: /home/dyj/rm2026/transistor_rm2026_algorithm_visual_ws/install/auto_aim/lib/libarmor_detector.so
[10.080s] -- Up-to-date: /home/dyj/rm2026/transistor_rm2026_algorithm_visual_ws/install/auto_aim/lib/libcrc_lib.so
[10.080s] -- Up-to-date: /home/dyj/rm2026/transistor_rm2026_algorithm_visual_ws/install/auto_aim/share/auto_aim/launch
[10.080s] -- Up-to-date: /home/dyj/rm2026/transistor_rm2026_algorithm_visual_ws/install/auto_aim/share/auto_aim/launch/auto_aim_launch.py
[10.080s] -- Up-to-date: /home/dyj/rm2026/transistor_rm2026_algorithm_visual_ws/install/auto_aim/share/ament_index/resource_index/package_run_dependencies/auto_aim
[10.080s] -- Up-to-date: /home/dyj/rm2026/transistor_rm2026_algorithm_visual_ws/install/auto_aim/share/ament_index/resource_index/parent_prefix_path/auto_aim
[10.080s] -- Up-to-date: /home/dyj/rm2026/transistor_rm2026_algorithm_visual_ws/install/auto_aim/share/auto_aim/environment/ament_prefix_path.sh
[10.080s] -- Installing: /home/dyj/rm2026/transistor_rm2026_algorithm_visual_ws/install/auto_aim/share/auto_aim/environment/ament_prefix_path.dsv
[10.080s] -- Up-to-date: /home/dyj/rm2026/transistor_rm2026_algorithm_visual_ws/install/auto_aim/share/auto_aim/environment/path.sh
[10.080s] -- Installing: /home/dyj/rm2026/transistor_rm2026_algorithm_visual_ws/install/auto_aim/share/auto_aim/environment/path.dsv
[10.080s] -- Up-to-date: /home/dyj/rm2026/transistor_rm2026_algorithm_visual_ws/install/auto_aim/share/auto_aim/local_setup.bash
[10.080s] -- Up-to-date: /home/dyj/rm2026/transistor_rm2026_algorithm_visual_ws/install/auto_aim/share/auto_aim/local_setup.sh
[10.080s] -- Up-to-date: /home/dyj/rm2026/transistor_rm2026_algorithm_visual_ws/install/auto_aim/share/auto_aim/local_setup.zsh
[10.080s] -- Installing: /home/dyj/rm2026/transistor_rm2026_algorithm_visual_ws/install/auto_aim/share/auto_aim/local_setup.dsv
[10.080s] -- Installing: /home/dyj/rm2026/transistor_rm2026_algorithm_visual_ws/install/auto_aim/share/auto_aim/package.dsv
[10.081s] -- Up-to-date: /home/dyj/rm2026/transistor_rm2026_algorithm_visual_ws/install/auto_aim/share/ament_index/resource_index/packages/auto_aim
[10.081s] -- Up-to-date: /home/dyj/rm2026/transistor_rm2026_algorithm_visual_ws/install/auto_aim/share/auto_aim/cmake/export_auto_aim__rosidl_generator_cExport.cmake
[10.081s] -- Up-to-date: /home/dyj/rm2026/transistor_rm2026_algorithm_visual_ws/install/auto_aim/share/auto_aim/cmake/export_auto_aim__rosidl_generator_cExport-release.cmake
[10.081s] -- Up-to-date: /home/dyj/rm2026/transistor_rm2026_algorithm_visual_ws/install/auto_aim/share/auto_aim/cmake/export_auto_aim__rosidl_typesupport_fastrtps_cExport.cmake
[10.081s] -- Up-to-date: /home/dyj/rm2026/transistor_rm2026_algorithm_visual_ws/install/auto_aim/share/auto_aim/cmake/export_auto_aim__rosidl_typesupport_fastrtps_cExport-release.cmake
[10.081s] -- Up-to-date: /home/dyj/rm2026/transistor_rm2026_algorithm_visual_ws/install/auto_aim/share/auto_aim/cmake/export_auto_aim__rosidl_generator_cppExport.cmake
[10.081s] -- Up-to-date: /home/dyj/rm2026/transistor_rm2026_algorithm_visual_ws/install/auto_aim/share/auto_aim/cmake/export_auto_aim__rosidl_typesupport_fastrtps_cppExport.cmake
[10.081s] -- Up-to-date: /home/dyj/rm2026/transistor_rm2026_algorithm_visual_ws/install/auto_aim/share/auto_aim/cmake/export_auto_aim__rosidl_typesupport_fastrtps_cppExport-release.cmake
[10.081s] -- Up-to-date: /home/dyj/rm2026/transistor_rm2026_algorithm_visual_ws/install/auto_aim/share/auto_aim/cmake/auto_aim__rosidl_typesupport_introspection_cExport.cmake
[10.081s] -- Up-to-date: /home/dyj/rm2026/transistor_rm2026_algorithm_visual_ws/install/auto_aim/share/auto_aim/cmake/auto_aim__rosidl_typesupport_introspection_cExport-release.cmake
[10.081s] -- Up-to-date: /home/dyj/rm2026/transistor_rm2026_algorithm_visual_ws/install/auto_aim/share/auto_aim/cmake/auto_aim__rosidl_typesupport_cExport.cmake
[10.081s] -- Up-to-date: /home/dyj/rm2026/transistor_rm2026_algorithm_visual_ws/install/auto_aim/share/auto_aim/cmake/auto_aim__rosidl_typesupport_cExport-release.cmake
[10.081s] -- Up-to-date: /home/dyj/rm2026/transistor_rm2026_algorithm_visual_ws/install/auto_aim/share/auto_aim/cmake/auto_aim__rosidl_typesupport_introspection_cppExport.cmake
[10.081s] -- Up-to-date: /home/dyj/rm2026/transistor_rm2026_algorithm_visual_ws/install/auto_aim/share/auto_aim/cmake/auto_aim__rosidl_typesupport_introspection_cppExport-release.cmake
[10.081s] -- Up-to-date: /home/dyj/rm2026/transistor_rm2026_algorithm_visual_ws/install/auto_aim/share/auto_aim/cmake/auto_aim__rosidl_typesupport_cppExport.cmake
[10.081s] -- Up-to-date: /home/dyj/rm2026/transistor_rm2026_algorithm_visual_ws/install/auto_aim/share/auto_aim/cmake/auto_aim__rosidl_typesupport_cppExport-release.cmake
[10.081s] -- Up-to-date: /home/dyj/rm2026/transistor_rm2026_algorithm_visual_ws/install/auto_aim/share/auto_aim/cmake/export_auto_aim__rosidl_generator_pyExport.cmake
[10.081s] -- Up-to-date: /home/dyj/rm2026/transistor_rm2026_algorithm_visual_ws/install/auto_aim/share/auto_aim/cmake/export_auto_aim__rosidl_generator_pyExport-release.cmake
[10.081s] -- Up-to-date: /home/dyj/rm2026/transistor_rm2026_algorithm_visual_ws/install/auto_aim/share/auto_aim/cmake/rosidl_cmake-extras.cmake
[10.081s] -- Up-to-date: /home/dyj/rm2026/transistor_rm2026_algorithm_visual_ws/install/auto_aim/share/auto_aim/cmake/ament_cmake_export_include_directories-extras.cmake
[10.081s] -- Up-to-date: /home/dyj/rm2026/transistor_rm2026_algorithm_visual_ws/install/auto_aim/share/auto_aim/cmake/ament_cmake_export_libraries-extras.cmake
[10.081s] -- Up-to-date: /home/dyj/rm2026/transistor_rm2026_algorithm_visual_ws/install/auto_aim/share/auto_aim/cmake/ament_cmake_export_targets-extras.cmake
[10.081s] -- Up-to-date: /home/dyj/rm2026/transistor_rm2026_algorithm_visual_ws/install/auto_aim/share/auto_aim/cmake/rosidl_cmake_export_typesupport_targets-extras.cmake
[10.081s] -- Up-to-date: /home/dyj/rm2026/transistor_rm2026_algorithm_visual_ws/install/auto_aim/share/auto_aim/cmake/ament_cmake_export_dependencies-extras.cmake
[10.081s] -- Up-to-date: /home/dyj/rm2026/transistor_rm2026_algorithm_visual_ws/install/auto_aim/share/auto_aim/cmake/rosidl_cmake_export_typesupport_libraries-extras.cmake
[10.081s] -- Up-to-date: /home/dyj/rm2026/transistor_rm2026_algorithm_visual_ws/install/auto_aim/share/auto_aim/cmake/auto_aimConfig.cmake
[10.081s] -- Up-to-date: /home/dyj/rm2026/transistor_rm2026_algorithm_visual_ws/install/auto_aim/share/auto_aim/cmake/auto_aimConfig-version.cmake
[10.082s] -- Up-to-date: /home/dyj/rm2026/transistor_rm2026_algorithm_visual_ws/install/auto_aim/share/auto_aim/package.xml
[10.082s] Invoked command in '/home/dyj/rm2026/transistor_rm2026_algorithm_visual_ws/build/auto_aim' returned '0': CMAKE_PREFIX_PATH=${CMAKE_PREFIX_PATH}:/opt/ros/humble /usr/bin/cmake --install /home/dyj/rm2026/transistor_rm2026_algorithm_visual_ws/build/auto_aim
